Running 'gradlew :app:assembleDebug' in /home/expo/workingdir/build/android
Welcome to Gradle 8.13!
Here are the highlights of this release:
- Daemon JVM auto-provisioning
 - Enhancements for Scala plugin and JUnit testing
 - Improvements for build authors and plugin developers
For more details see https://docs.gradle.org/8.13/release-notes.html
To honour the JVM settings for this build a single-use Daemon process will be forked. For more on this, please refer to https://docs.gradle.org/8.13/userguide/gradle_daemon.html#sec:disabling_the_daemon in the Gradle documentation.
Daemon will be stopped at the end of the build
> Configure project :expo-gradle-plugin:expo-autolinking-plugin-shared
w: file:///home/expo/workingdir/build/node_modules/expo-modules-autolinking/android/expo-gradle-plugin/expo-autolinking-plugin-shared/build.gradle.kts:32:9: The expression is unused
> Task :gradle-plugin:shared:checkKotlinGradlePluginConfigurationErrors SKIPPED
> Task :gradle-plugin:settings-plugin:checkKotlinGradlePluginConfigurationErrors SKIPPED
> Task :expo-gradle-plugin:expo-autolinking-settings-plugin:checkKotlinGradlePluginConfigurationErrors
> Task :expo-gradle-plugin:expo-autolinking-plugin-shared:checkKotlinGradlePluginConfigurationErrors
> Task :gradle-plugin:settings-plugin:pluginDescriptors
> Task :expo-gradle-plugin:expo-autolinking-settings-plugin:pluginDescriptors
> Task :expo-gradle-plugin:expo-autolinking-settings-plugin:processResources
> Task :gradle-plugin:settings-plugin:processResources
> Task :expo-gradle-plugin:expo-autolinking-plugin-shared:processResources NO-SOURCE
> Task :gradle-plugin:shared:processResources NO-SOURCE
> Task :gradle-plugin:shared:compileKotlin
> Task :gradle-plugin:shared:compileJava NO-SOURCE
> Task :gradle-plugin:shared:classes UP-TO-DATE
> Task :gradle-plugin:shared:jar
> Task :expo-gradle-plugin:expo-autolinking-plugin-shared:compileKotlin
> Task :expo-gradle-plugin:expo-autolinking-plugin-shared:compileJava NO-SOURCE
> Task :expo-gradle-plugin:expo-autolinking-plugin-shared:classes UP-TO-DATE
> Task :expo-gradle-plugin:expo-autolinking-plugin-shared:jar
> Task :gradle-plugin:settings-plugin:compileKotlin
> Task :gradle-plugin:settings-plugin:compileJava NO-SOURCE
> Task :gradle-plugin:settings-plugin:classes
> Task :gradle-plugin:settings-plugin:jar
> Task :expo-gradle-plugin:expo-autolinking-settings-plugin:compileKotlin
> Task :expo-gradle-plugin:expo-autolinking-settings-plugin:compileJava NO-SOURCE
> Task :expo-gradle-plugin:expo-autolinking-settings-plugin:classes
> Task :expo-gradle-plugin:expo-autolinking-settings-plugin:jar
> Task :expo-gradle-plugin:expo-autolinking-plugin:checkKotlinGradlePluginConfigurationErrors
> Task :gradle-plugin:react-native-gradle-plugin:checkKotlinGradlePluginConfigurationErrors SKIPPED
> Task :expo-module-gradle-plugin:checkKotlinGradlePluginConfigurationErrors
> Task :expo-dev-launcher-gradle-plugin:checkKotlinGradlePluginConfigurationErrors
> Task :expo-module-gradle-plugin:pluginDescriptors
> Task :expo-dev-launcher-gradle-plugin:pluginDescriptors
> Task :expo-module-gradle-plugin:processResources
> Task :expo-dev-launcher-gradle-plugin:processResources
> Task :expo-gradle-plugin:expo-autolinking-plugin:pluginDescriptors
> Task :expo-gradle-plugin:expo-autolinking-plugin:processResources
> Task :gradle-plugin:react-native-gradle-plugin:pluginDescriptors
> Task :gradle-plugin:react-native-gradle-plugin:processResources
> Task :expo-gradle-plugin:expo-autolinking-plugin:compileKotlin
w: file:///home/expo/workingdir/build/node_modules/expo-modules-autolinking/android/expo-gradle-plugin/expo-autolinking-plugin/src/main/kotlin/expo/modules/plugin/ExpoAutolinkingPlugin.kt:29:71 Name shadowed: project
> Task :expo-gradle-plugin:expo-autolinking-plugin:compileJava NO-SOURCE
> Task :expo-gradle-plugin:expo-autolinking-plugin:classes
> Task :expo-gradle-plugin:expo-autolinking-plugin:jar
> Task :gradle-plugin:react-native-gradle-plugin:compileKotlin
> Task :gradle-plugin:react-native-gradle-plugin:compileJava NO-SOURCE
> Task :gradle-plugin:react-native-gradle-plugin:classes
> Task :gradle-plugin:react-native-gradle-plugin:jar
> Task :expo-dev-launcher-gradle-plugin:compileKotlin
> Task :expo-dev-launcher-gradle-plugin:compileJava NO-SOURCE
> Task :expo-dev-launcher-gradle-plugin:classes
> Task :expo-dev-launcher-gradle-plugin:jar
> Task :expo-module-gradle-plugin:compileKotlin
w: file:///home/expo/workingdir/build/node_modules/expo-modules-core/expo-module-gradle-plugin/src/main/kotlin/expo/modules/plugin/android/AndroidLibraryExtension.kt:9:24 'targetSdk: Int?' is deprecated. Will be removed from library DSL in v9.0. Use testOptions.targetSdk or/and lint.targetSdk instead
> Task :expo-module-gradle-plugin:compileJava
NO-SOURCE
> Task :expo-module-gradle-plugin:classes
> Task :expo-module-gradle-plugin:jar
> Configure project :
[32m[ExpoRootProject][0m Using the following versions:
  - buildTools:  [32m35.0.0[0m
  - minSdk:      [32m24[0m
  - compileSdk:  [32m35[0m
  - targetSdk:   [32m34[0m
  - ndk:         [32m27.1.12297006[0m
  - kotlin:      [32m2.0.21[0m
  - ksp:         [32m2.0.21-1.0.28[0m
> Configure project :app
 â„¹ï¸  [33mApplying gradle plugin[0m '[32mexpo-dev-launcher-gradle-plugin[0m'
> Configure project :expo
Using expo modules
  - [32mexpo-constants[0m (17.1.7)
  - [32mexpo-dev-client[0m (5.2.4)
  - [32mexpo-dev-launcher[0m (5.1.16)
  - [32mexpo-dev-menu[0m (6.1.14)
  - [32mexpo-dev-menu-interface[0m (1.10.0)
  - [32mexpo-json-utils[0m (0.15.0)
  - [32mexpo-manifests[0m (0.16.6)
> Configure project :expo-modules-core
WARNING: The following problems were found when resolving the SDK location:
Where: sdk.dir property in local.properties file. Problem: Directory does not exist
Checking the license for package NDK (Side by side) 25.2.9519653 in /home/expo/Android/Sdk/licenses
License for package NDK (Side by side) 25.2.9519653 accepted.
Preparing "Install NDK (Side by side) 25.2.9519653 v.25.2.9519653".
"Install NDK (Side by side) 25.2.9519653 v.25.2.9519653" ready.
Installing NDK (Side by side) 25.2.9519653 in /home/expo/Android/Sdk/ndk/25.2.9519653
"Install NDK (Side by side) 25.2.9519653 v.25.2.9519653" complete.
"Install NDK (Side by side) 25.2.9519653 v.25.2.9519653" finished.
> Configure project :expo
  - [32mexpo-modules-core[0m (2.5.0)
- [32mexpo-updates-interface[0m (1.1.0)
- [33m[ðŸ“¦][0m [32mexpo-application[0m (6.1.5)
  - [33m[ðŸ“¦][0m [32mexpo-asset[0m (11.1.7)
  - [33m[ðŸ“¦][0m [32mexpo-blur[0m (14.1.5)
  - [33m[ðŸ“¦][0m [32mexpo-file-system[0m (18.1.11)
  - [33m[ðŸ“¦][0m [32mexpo-font[0m (13.3.2)
  - [33m[ðŸ“¦][0m [32mexpo-haptics[0m (14.1.4)
  - [33m[ðŸ“¦][0m [32mexpo-image[0m (2.4.0)
  - [33m[ðŸ“¦][0m [32mexpo-keep-awake[0m (14.1.4)
- [33m[ðŸ“¦][0m [32mexpo-linking[0m (7.1.7)
  - [33m[ðŸ“¦][0m [32mexpo-location[0m (18.1.6)
  - [33m[ðŸ“¦][0m [32mexpo-splash-screen[0m (0.30.10)
  - [33m[ðŸ“¦][0m [32mexpo-system-ui[0m (5.0.11)
  - [33m[ðŸ“¦][0m [32mexpo-web-browser[0m (14.2.0)
> Configure project :react-native-reanimated
Android gradle plugin: 8.8.2
Gradle: 8.13
> Task :expo-dev-client:preBuild UP-TO-DATE
> Task :expo-dev-client:preDebugBuild UP-TO-DATE
> Task :expo:generatePackagesList
> Task :expo:preBuild
> Task :expo:preDebugBuild
> Task :expo:writeDebugAarMetadata
> Task :expo-constants:createExpoConfig
env: load .env
env: export EXPO_PUBLIC_API_URL GOOGLE_MAPS_API_KEY REACT_APP_GOOGLE_MAPS_API_KEY NEXT_PUBLIC_GOOGLE_MAPS_API_KEY NEXT_PUBLIC_API_URL NEXT_PUBLIC_WS_URL
> Task :expo-constants:preBuild
> Task :expo-dev-launcher:preBuild UP-TO-DATE
> Task :expo-constants:preDebugBuild
> Task :expo-dev-launcher:preDebugBuild UP-TO-DATE
The NODE_ENV environment variable is required but was not specified. Ensure the project is bundled with Expo CLI or NODE_ENV is set. Using only .env.local and .env
> Task :expo-constants:writeDebugAarMetadata
> Task :expo-dev-menu:clenupAssets UP-TO-DATE
> Task :expo-dev-menu:copyAssets
> Task :expo-dev-menu:preBuild
> Task :expo-dev-menu:preDebugBuild
> Task :expo-dev-client:writeDebugAarMetadata
> Task :expo-dev-menu-interface:preBuild UP-TO-DATE
> Task :expo-dev-menu-interface:preDebugBuild UP-TO-DATE
> Task :expo-dev-launcher:writeDebugAarMetadata
> Task :expo-json-utils:preBuild UP-TO-DATE
> Task :expo-json-utils:preDebugBuild UP-TO-DATE
> Task :expo-dev-menu-interface:writeDebugAarMetadata
> Task :expo-manifests:preBuild UP-TO-DATE
> Task :expo-manifests:preDebugBuild UP-TO-DATE
> Task :expo-manifests:writeDebugAarMetadata
> Task :expo-modules-core:preBuild UP-TO-DATE
> Task :expo-modules-core:preDebugBuild UP-TO-DATE
> Task :expo-dev-menu:writeDebugAarMetadata
> Task :expo-updates-interface:preBuild UP-TO-DATE
> Task :expo-updates-interface:preDebugBuild UP-TO-DATE
> Task :expo-json-utils:writeDebugAarMetadata
> Task :react-native-async-storage_async-storage:preBuild UP-TO-DATE
> Task :react-native-async-storage_async-storage:preDebugBuild UP-TO-DATE
> Task :expo-updates-interface:writeDebugAarMetadata
> Task :react-native-community_datetimepicker:preBuild UP-TO-DATE
> Task :react-native-community_datetimepicker:preDebugBuild UP-TO-DATE
> Task :react-native-async-storage_async-storage:writeDebugAarMetadata
> Task :react-native-community_netinfo:preBuild UP-TO-DATE
> Task :react-native-community_netinfo:preDebugBuild UP-TO-DATE
> Task :expo-modules-core:writeDebugAarMetadata
> Task :react-native-edge-to-edge:preBuild UP-TO-DATE
> Task :react-native-edge-to-edge:preDebugBuild UP-TO-DATE
> Task :react-native-community_datetimepicker:writeDebugAarMetadata
> Task :react-native-geolocation-service:preBuild
UP-TO-DATE
> Task :react-native-geolocation-service:preDebugBuild UP-TO-DATE
> Task :react-native-community_netinfo:writeDebugAarMetadata
> Task :react-native-gesture-handler:preBuild UP-TO-DATE
> Task :react-native-gesture-handler:preDebugBuild UP-TO-DATE
> Task :react-native-gesture-handler:writeDebugAarMetadata
> Task :react-native-maps:preBuild UP-TO-DATE
> Task :react-native-maps:preDebugBuild UP-TO-DATE
> Task :react-native-maps:writeDebugAarMetadata
> Task :react-native-picker_picker:preBuild UP-TO-DATE
> Task :react-native-picker_picker:preDebugBuild UP-TO-DATE
> Task :react-native-geolocation-service:writeDebugAarMetadata
> Task :react-native-reanimated:assertMinimalReactNativeVersionTask SKIPPED
> Task :react-native-reanimated:prepareReanimatedHeadersForPrefabs
> Task :react-native-edge-to-edge:writeDebugAarMetadata
> Task :react-native-safe-area-context:preBuild UP-TO-DATE
> Task :react-native-safe-area-context:preDebugBuild UP-TO-DATE
> Task :react-native-picker_picker:writeDebugAarMetadata
> Task :react-native-screens:preBuild UP-TO-DATE
> Task :react-native-screens:preDebugBuild UP-TO-DATE
> Task :react-native-safe-area-context:writeDebugAarMetadata
> Task :react-native-webview:preBuild UP-TO-DATE
> Task :react-native-webview:preDebugBuild UP-TO-DATE
> Task :react-native-reanimated:prepareWorkletsHeadersForPrefabs
> Task :react-native-reanimated:preBuild
> Task :react-native-reanimated:preDebugBuild
> Task :react-native-screens:writeDebugAarMetadata
> Task :react-native-webview:writeDebugAarMetadata
> Task :expo:generateDebugResValues
> Task :expo-constants:generateDebugResValues
> Task :expo:generateDebugResources
> Task :expo-constants:generateDebugResources
> Task :expo:packageDebugResources
> Task :expo-constants:packageDebugResources
> Task :expo-dev-launcher:generateDebugResValues
> Task :expo-dev-client:generateDebugResValues
> Task :expo-dev-client:generateDebugResources
> Task :expo-dev-launcher:generateDebugResources
> Task :expo-dev-client:packageDebugResources
> Task :expo-dev-menu:generateDebugResValues
> Task :expo-dev-menu:generateDebugResources
> Task :expo-dev-menu:packageDebugResources
> Task :expo-dev-menu-interface:generateDebugResValues
> Task :expo-dev-menu-interface:generateDebugResources
> Task :expo-dev-menu-interface:packageDebugResources
> Task :expo-json-utils:generateDebugResValues
> Task :expo-json-utils:generateDebugResources
> Task :expo-json-utils:packageDebugResources
> Task :expo-manifests:generateDebugResValues
> Task :expo-manifests:generateDebugResources
> Task :expo-manifests:packageDebugResources
> Task :expo-modules-core:generateDebugResValues
> Task :expo-modules-core:generateDebugResources
> Task :expo-modules-core:packageDebugResources
> Task :expo-updates-interface:generateDebugResValues
> Task :expo-updates-interface:generateDebugResources
> Task :expo-updates-interface:packageDebugResources
> Task :react-native-async-storage_async-storage:generateDebugResValues
> Task :react-native-async-storage_async-storage:generateDebugResources
> Task :react-native-async-storage_async-storage:packageDebugResources
> Task :react-native-community_datetimepicker:generateDebugResValues
> Task :react-native-community_datetimepicker:generateDebugResources
> Task :expo-dev-launcher:packageDebugResources
> Task :react-native-community_netinfo:generateDebugResValues
> Task :react-native-community_netinfo:generateDebugResources
> Task :react-native-community_datetimepicker:packageDebugResources
> Task :react-native-edge-to-edge:generateDebugResValues
> Task :react-native-community_netinfo:packageDebugResources
> Task :react-native-edge-to-edge:generateDebugResources
> Task :react-native-geolocation-service:generateDebugResValues
> Task :react-native-geolocation-service:generateDebugResources
> Task :react-native-geolocation-service:packageDebugResources
> Task :react-native-edge-to-edge:packageDebugResources
> Task :react-native-gesture-handler:generateDebugResValues
> Task :react-native-maps:generateDebugResValues
> Task :react-native-gesture-handler:generateDebugResources
> Task :react-native-maps:generateDebugResources
> Task :react-native-maps:packageDebugResources
> Task :react-native-gesture-handler:packageDebugResources
> Task :react-native-reanimated:generateDebugResValues
> Task :react-native-picker_picker:generateDebugResValues
> Task :react-native-reanimated:generateDebugResources
> Task :react-native-picker_picker:generateDebugResources
> Task :react-native-reanimated:packageDebugResources
> Task :react-native-safe-area-context:generateDebugResValues
> Task :react-native-picker_picker:packageDebugResources
> Task :react-native-safe-area-context:generateDebugResources
> Task :react-native-screens:generateDebugResValues
> Task :react-native-safe-area-context:packageDebugResources
> Task :react-native-webview:generateDebugResValues
> Task :react-native-screens:generateDebugResources
> Task :react-native-webview:generateDebugResources
> Task :react-native-screens:packageDebugResources
> Task :react-native-webview:packageDebugResources
> Task :expo:extractDeepLinksDebug
> Task :expo-constants:extractDeepLinksDebug
> Task :expo-constants:processDebugManifest
> Task :expo-dev-client:extractDeepLinksDebug
> Task :expo:processDebugManifest
> Task :expo-dev-launcher:extractDeepLinksDebug
> Task :expo-dev-launcher:processDebugManifest
> Task :expo-dev-menu:extractDeepLinksDebug
> Task :expo-dev-client:processDebugManifest
> Task :expo-dev-menu-interface:extractDeepLinksDebug
> Task :expo-dev-menu:processDebugManifest
> Task :expo-json-utils:extractDeepLinksDebug
> Task :expo-dev-menu-interface:processDebugManifest
> Task :expo-manifests:extractDeepLinksDebug
> Task :expo-manifests:processDebugManifest
> Task :expo-modules-core:extractDeepLinksDebug
> Task :react-native-reanimated:writeDebugAarMetadata
> Task :expo-updates-interface:extractDeepLinksDebug
> Task :expo-updates-interface:processDebugManifest
> Task :react-native-async-storage_async-storage:extractDeepLinksDebug
> Task :expo-json-utils:processDebugManifest
> Task :react-native-community_datetimepicker:extractDeepLinksDebug
> Task :react-native-community_datetimepicker:processDebugManifest
> Task :react-native-community_netinfo:extractDeepLinksDebug
> Task :expo-modules-core:processDebugManifest
/home/expo/workingdir/build/node_modules/expo-modules-core/android/src/main/AndroidManifest.xml:8:9-11:45 Warning:
	meta-data#com.facebook.soloader.enabled@android:value was tagged at AndroidManifest.xml:8 to replace other declarations but no other declaration present
> Task :react-native-edge-to-edge:extractDeepLinksDebug
> Task :react-native-edge-to-edge:processDebugManifest
> Task :react-native-geolocation-service:extractDeepLinksDebug
> Task :react-native-async-storage_async-storage:processDebugManifest
package="com.reactnativecommunity.asyncstorage" found in source AndroidManifest.xml: /home/expo/workingdir/build/node_modules/@react-native-async-storage/async-storage/android/src/main/AndroidManifest.xml.
Setting the namespace via the package attribute in the source AndroidManifest.xml is no longer supported, and the value is ignored.
Recommendation: remove package="com.reactnativecommunity.asyncstorage" from the source AndroidManifest.xml: /home/expo/workingdir/build/node_modules/@react-native-async-storage/async-storage/android/src/main/AndroidManifest.xml.
> Task :react-native-gesture-handler:extractDeepLinksDebug
> Task :react-native-community_netinfo:processDebugManifest
package="com.reactnativecommunity.netinfo" found in source AndroidManifest.xml: /home/expo/workingdir/build/node_modules/@react-native-community/netinfo/android/src/main/AndroidManifest.xml.
Setting the namespace via the package attribute in the source AndroidManifest.xml is no longer supported, and the value is ignored.
Recommendation: remove package="com.reactnativecommunity.netinfo" from the source AndroidManifest.xml: /home/expo/workingdir/build/node_modules/@react-native-community/netinfo/android/src/main/AndroidManifest.xml.
> Task :react-native-maps:extractDeepLinksDebug
> Task :react-native-gesture-handler:processDebugManifest
> Task :react-native-picker_picker:extractDeepLinksDebug
> Task :react-native-geolocation-service:processDebugManifest
package="com.agontuk.RNFusedLocation" found in source AndroidManifest.xml: /home/expo/workingdir/build/node_modules/react-native-geolocation-service/android/src/main/AndroidManifest.xml.
Setting the namespace via the package attribute in the source AndroidManifest.xml is no longer supported, and the value is ignored.
Recommendation: remove package="com.agontuk.RNFusedLocation" from the source AndroidManifest.xml: /home/expo/workingdir/build/node_modules/react-native-geolocation-service/android/src/main/AndroidManifest.xml.
> Task :react-native-maps:processDebugManifest
> Task :react-native-reanimated:extractDeepLinksDebug
> Task :react-native-safe-area-context:extractDeepLinksDebug
> Task :react-native-safe-area-context:processDebugManifest
package="com.th3rdwave.safeareacontext" found in source AndroidManifest.xml: /home/expo/workingdir/build/node_modules/react-native-safe-area-context/android/src/main/AndroidManifest.xml.
Setting the namespace via the package attribute in the source AndroidManifest.xml is no longer supported, and the value is ignored.
Recommendation: remove package="com.th3rdwave.safeareacontext" from the source AndroidManifest.xml: /home/expo/workingdir/build/node_modules/react-native-safe-area-context/android/src/main/AndroidManifest.xml.
> Task :react-native-reanimated:processDebugManifest
> Task :react-native-picker_picker:processDebugManifest
package="com.reactnativecommunity.picker" found in source AndroidManifest.xml: /home/expo/workingdir/build/node_modules/@react-native-picker/picker/android/src/main/AndroidManifest.xml.
Setting the namespace via the package attribute in the source AndroidManifest.xml is no longer supported, and the value is ignored.
Recommendation: remove package="com.reactnativecommunity.picker" from the source AndroidManifest.xml: /home/expo/workingdir/build/node_modules/@react-native-picker/picker/android/src/main/AndroidManifest.xml.
> Task :react-native-webview:extractDeepLinksDebug
> Task :react-native-screens:extractDeepLinksDebug
> Task :react-native-screens:processDebugManifest
> Task :react-native-webview:processDebugManifest
> Task :expo:compileDebugLibraryResources
> Task :expo-constants:compileDebugLibraryResources
> Task :expo:parseDebugLocalResources
> Task :expo-constants:parseDebugLocalResources
> Task :expo:generateDebugRFile
> Task :expo-constants:generateDebugRFile
> Task :expo-dev-client:compileDebugLibraryResources
> Task :expo-dev-client:parseDebugLocalResources
> Task :expo-dev-client:generateDebugRFile
> Task :expo-dev-launcher:parseDebugLocalResources
> Task :expo-dev-launcher:compileDebugLibraryResources
> Task :expo-dev-launcher:generateDebugRFile
> Task :expo-dev-menu:parseDebugLocalResources
> Task :expo-dev-menu:compileDebugLibraryResources
> Task :expo-dev-menu:generateDebugRFile
> Task :expo-dev-menu-interface:compileDebugLibraryResources
> Task :expo-json-utils:compileDebugLibraryResources
> Task :expo-dev-menu-interface:parseDebugLocalResources
> Task :expo-dev-menu-interface:generateDebugRFile
> Task :expo-json-utils:parseDebugLocalResources
> Task :expo-manifests:compileDebugLibraryResources
> Task :expo-json-utils:generateDebugRFile
> Task :expo-modules-core:compileDebugLibraryResources
> Task :expo-manifests:parseDebugLocalResources
> Task :expo-modules-core:parseDebugLocalResources
> Task :expo-manifests:generateDebugRFile
> Task :expo-updates-interface:compileDebugLibraryResources
> Task :expo-modules-core:generateDebugRFile
> Task :expo-updates-interface:parseDebugLocalResources
> Task :react-native-async-storage_async-storage:compileDebugLibraryResources
> Task :expo-updates-interface:generateDebugRFile
> Task :react-native-async-storage_async-storage:parseDebugLocalResources
> Task :react-native-community_datetimepicker:compileDebugLibraryResources
> Task :react-native-async-storage_async-storage:generateDebugRFile
> Task :react-native-community_netinfo:compileDebugLibraryResources
> Task :react-native-community_datetimepicker:parseDebugLocalResources
> Task :react-native-community_netinfo:parseDebugLocalResources
> Task :react-native-community_datetimepicker:generateDebugRFile
> Task :react-native-community_netinfo:generateDebugRFile
> Task :react-native-edge-to-edge:compileDebugLibraryResources
> Task :react-native-geolocation-service:compileDebugLibraryResources
> Task :react-native-edge-to-edge:parseDebugLocalResources
> Task :react-native-edge-to-edge:generateDebugRFile
> Task :react-native-geolocation-service:parseDebugLocalResources
> Task :react-native-gesture-handler:compileDebugLibraryResources
> Task :react-native-geolocation-service:generateDebugRFile
> Task :react-native-maps:compileDebugLibraryResources
> Task :react-native-gesture-handler:parseDebugLocalResources
> Task :react-native-gesture-handler:generateDebugRFile
> Task :react-native-maps:parseDebugLocalResources
> Task :react-native-picker_picker:compileDebugLibraryResources
> Task :react-native-maps:generateDebugRFile
> Task :react-native-reanimated:compileDebugLibraryResources
> Task :react-native-picker_picker:parseDebugLocalResources
> Task :react-native-reanimated:parseDebugLocalResources
> Task :react-native-picker_picker:generateDebugRFile
> Task :react-native-safe-area-context:compileDebugLibraryResources
> Task :react-native-safe-area-context:parseDebugLocalResources
> Task :react-native-reanimated:generateDebugRFile
> Task :react-native-safe-area-context:generateDebugRFile
> Task :react-native-screens:parseDebugLocalResources
> Task :react-native-screens:compileDebugLibraryResources
> Task :react-native-webview:compileDebugLibraryResources
> Task :react-native-screens:generateDebugRFile
> Task :expo:checkKotlinGradlePluginConfigurationErrors SKIPPED
> Task :expo:generateDebugBuildConfig
> Task :expo-constants:checkKotlinGradlePluginConfigurationErrors SKIPPED
> Task :react-native-webview:parseDebugLocalResources
> Task :expo-constants:generateDebugBuildConfig
> Task :expo-modules-core:checkKotlinGradlePluginConfigurationErrors SKIPPED
> Task :react-native-webview:generateDebugRFile
> Task :expo-modules-core:generateDebugBuildConfig
> Task :expo-constants:javaPreCompileDebug
> Task :expo-dev-client:checkKotlinGradlePluginConfigurationErrors SKIPPED
> Task :expo-dev-client:dataBindingMergeDependencyArtifactsDebug
> Task :expo-dev-client:dataBindingGenBaseClassesDebug
> Task :expo-dev-client:generateDebugBuildConfig
> Task :expo-dev-client:javaPreCompileDebug
> Task :expo-dev-launcher:checkKotlinGradlePluginConfigurationErrors SKIPPED
> Task :expo-modules-core:javaPreCompileDebug
> Task :expo-dev-menu:checkKotlinGradlePluginConfigurationErrors SKIPPED
> Task :expo-dev-menu:generateDebugBuildConfig
> Task :expo-dev-menu-interface:checkKotlinGradlePluginConfigurationErrors SKIPPED
> Task :expo-dev-menu-interface:generateDebugBuildConfig
> Task :expo-dev-menu-interface:javaPreCompileDebug
> Task :expo-json-utils:checkKotlinGradlePluginConfigurationErrors SKIPPED
> Task :expo-json-utils:generateDebugBuildConfig
> Task :expo-json-utils:javaPreCompileDebug
> Task :expo-manifests:checkKotlinGradlePluginConfigurationErrors SKIPPED
> Task :expo-manifests:generateDebugBuildConfig
> Task :expo-manifests:javaPreCompileDebug
> Task :expo-dev-menu:javaPreCompileDebug
> Task :expo-updates-interface:checkKotlinGradlePluginConfigurationErrors SKIPPED
> Task :expo-updates-interface:generateDebugBuildConfig
> Task :expo-updates-interface:javaPreCompileDebug
> Task :expo:javaPreCompileDebug
> Task :react-native-async-storage_async-storage:generateDebugBuildConfig
> Task :react-native-async-storage_async-storage:javaPreCompileDebug
> Task :react-native-async-storage_async-storage:compileDebugJavaWithJavac
Note: Some input files use or override a deprecated API.
Note: Recompile with -Xlint:deprecation for details.
Note: /home/expo/workingdir/build/node_modules/@react-native-async-storage/async-storage/android/src/javaPackage/java/com/reactnativecommunity/asyncstorage/AsyncStoragePackage.java uses unchecked or unsafe operations.
Note: Recompile with -Xlint:unchecked for details.
> Task :expo-dev-launcher:generateDebugBuildConfig
> Task :expo-dev-launcher:dataBindingMergeDependencyArtifactsDebug
> Task :expo-dev-launcher:javaPreCompileDebug
> Task :react-native-async-storage_async-storage:bundleLibCompileToJarDebug
> Task :react-native-community_datetimepicker:checkKotlinGradlePluginConfigurationErrors SKIPPED
> Task :react-native-community_datetimepicker:generateDebugBuildConfig
> Task :expo-dev-launcher:dataBindingGenBaseClassesDebug
> Task :react-native-community_netinfo:generateDebugBuildConfig
> Task :react-native-community_netinfo:javaPreCompileDebug
> Task :app:generateAutolinkingPackageList
> Task :app:generateCodegenSchemaFromJavaScript SKIPPED
> Task :app:generateCodegenArtifactsFromSchema SKIPPED
> Task :app:preBuild
> Task :app:preDebugBuild
> Task :app:mergeDebugNativeDebugMetadata NO-SOURCE
> Task :app:checkKotlinGradlePluginConfigurationErrors SKIPPED
> Task :react-native-community_datetimepicker:javaPreCompileDebug
> Task :app:generateDebugBuildConfig
> Task :react-native-community_datetimepicker:compileDebugKotlin
> Task :react-native-community_netinfo:compileDebugJavaWithJavac
/home/expo/workingdir/build/node_modules/@react-native-community/netinfo/android/src/main/java/com/reactnativecommunity/netinfo/NetInfoModule.java:47: warning: [removal] onCatalystInstanceDestroy() in NativeModule has been deprecated and marked for removal
    public void onCatalystInstanceDestroy() {
                ^
Note: Some input files use or override a deprecated API.
Note: Recompile with -Xlint:deprecation for details.
1 warning
> Task :react-native-community_netinfo:bundleLibCompileToJarDebug
> Task :react-native-edge-to-edge:checkKotlinGradlePluginConfigurationErrors
SKIPPED
> Task :react-native-edge-to-edge:generateDebugBuildConfig
> Task :react-native-edge-to-edge:compileDebugKotlin
w: file:///home/expo/workingdir/build/node_modules/react-native-edge-to-edge/android/src/main/java/com/zoontek/rnedgetoedge/EdgeToEdgePackage.kt:21:24 'constructor(name: String, className: String, canOverrideExistingModule: Boolean, needsEagerInit: Boolean, hasConstants: Boolean, isCxxModule: Boolean, isTurboModule: Boolean): ReactModuleInfo' is deprecated. This constructor is deprecated and will be removed in the future. Use ReactModuleInfo(String, String, boolean, boolean, boolean, boolean)].
> Task :react-native-edge-to-edge:javaPreCompileDebug
> Task :react-native-community_datetimepicker:compileDebugJavaWithJavac
Note: Some input files use or override a deprecated API.
Note: Recompile with -Xlint:deprecation for details.
> Task :react-native-edge-to-edge:compileDebugJavaWithJavac
> Task :react-native-edge-to-edge:bundleLibCompileToJarDebug
> Task :react-native-geolocation-service:generateDebugBuildConfig
> Task :react-native-geolocation-service:javaPreCompileDebug
> Task :react-native-community_datetimepicker:bundleLibCompileToJarDebug
> Task :react-native-gesture-handler:checkKotlinGradlePluginConfigurationErrors SKIPPED
> Task :react-native-gesture-handler:generateDebugBuildConfig
> Task :react-native-reanimated:generateDebugBuildConfig
> Task :react-native-reanimated:javaPreCompileDebug
> Task :react-native-reanimated:packageNdkLibs NO-SOURCE
> Task :expo-modules-core:compileDebugKotlin
> Task :react-native-geolocation-service:compileDebugJavaWithJavac
> Task :react-native-geolocation-service:bundleLibCompileToJarDebug
> Task :react-native-gesture-handler:javaPreCompileDebug
> Task :react-native-maps:generateDebugBuildConfig
Note: Some input files use or override a deprecated API.
Note: Recompile with -Xlint:deprecation for details.
> Task :react-native-maps:javaPreCompileDebug
> Task :react-native-reanimated:compileDebugJavaWithJavac
Note: Some input files use or override a deprecated API.
Note: Recompile with -Xlint:deprecation for details.
Note: Some input files use unchecked or unsafe operations.
Note: Recompile with -Xlint:unchecked for details.
> Task :react-native-reanimated:bundleLibCompileToJarDebug
> Task :react-native-maps:compileDebugJavaWithJavac
Note: Some input files use or override a deprecated API.
Note: Recompile with -Xlint:deprecation for details.
Note: Some input files use unchecked or unsafe operations.
Note: Recompile with -Xlint:unchecked for details.
> Task :react-native-maps:bundleLibCompileToJarDebug
> Task :react-native-picker_picker:generateDebugBuildConfig
> Task :react-native-picker_picker:javaPreCompileDebug
> Task :react-native-picker_picker:compileDebugJavaWithJavac
> Task :react-native-picker_picker:bundleLibCompileToJarDebug
> Task :react-native-safe-area-context:checkKotlinGradlePluginConfigurationErrors SKIPPED
> Task :react-native-safe-area-context:generateDebugBuildConfig
Note: Some input files use or override a deprecated API.
Note: Recompile with -Xlint:deprecation for details.
> Task :app:checkDebugAarMetadata
> Task :app:generateDebugResValues
> Task :app:mapDebugSourceSetPaths
> Task :app:generateDebugResources
> Task :react-native-safe-area-context:compileDebugKotlin
w: file:///home/expo/workingdir/build/node_modules/react-native-safe-area-context/android/src/main/java/com/th3rdwave/safeareacontext/SafeAreaView.kt:59:23 'val uiImplementation: UIImplementation!' is deprecated. Deprecated in Java.
w: file:///home/expo/workingdir/build/node_modules/react-native-safe-area-context/android/src/paper/java/com/th3rdwave/safeareacontext/InsetsChangeEvent.kt:19:16 This declaration overrides a deprecated member but is not marked as deprecated itself. Please add the '@Deprecated' annotation or suppress the diagnostic.
> Task :react-native-safe-area-context:javaPreCompileDebug
> Task :react-native-safe-area-context:compileDebugJavaWithJavac
> Task :app:packageDebugResources
Note: /home/expo/workingdir/build/node_modules/react-native-safe-area-context/android/src/paper/java/com/th3rdwave/safeareacontext/NativeSafeAreaContextSpec.java uses or overrides a deprecated API.
Note: Recompile with -Xlint:deprecation for details.
> Task :app:parseDebugLocalResources
> Task :app:createDebugCompatibleScreenManifests
> Task :app:extractDeepLinksDebug
> Task :app:mergeDebugResources
> Task :react-native-safe-area-context:bundleLibCompileToJarDebug
> Task :react-native-screens:checkKotlinGradlePluginConfigurationErrors SKIPPED
> Task :react-native-screens:generateDebugBuildConfig
> Task :app:processDebugMainManifest
/home/expo/workingdir/build/android/app/src/debug/AndroidManifest.xml:6:5-162 Warning:
	application@android:usesCleartextTraffic was tagged at AndroidManifest.xml:6 to replace other declarations but no other declaration present
/home/expo/workingdir/build/android/app/src/debug/AndroidManifest.xml Warning:
	provider#expo.modules.filesystem.FileSystemFileProvider@android:authorities was tagged at AndroidManifest.xml:0 to replace other declarations but no other declaration present
> Task :app:processDebugManifest
> Task :app:processDebugManifestForPackage
> Task :react-native-gesture-handler:compileDebugKotlin
> Task :react-native-gesture-handler:compileDebugJavaWithJavac
> Task :react-native-gesture-handler:bundleLibCompileToJarDebug
> Task :react-native-screens:javaPreCompileDebug
> Task :react-native-webview:checkKotlinGradlePluginConfigurationErrors SKIPPED
> Task :react-native-webview:generateDebugBuildConfig
Note: /home/expo/workingdir/build/node_modules/react-native-gesture-handler/android/paper/src/main/java/com/swmansion/gesturehandler/NativeRNGestureHandlerModuleSpec.java uses or overrides a deprecated API.
Note: Recompile with -Xlint:deprecation for details.
> Task :expo-modules-core:compileDebugKotlin
w: file:///home/expo/workingdir/build/node_modules/expo-modules-core/android/src/main/java/expo/modules/apploader/AppLoaderProvider.kt:34:52 Unchecked cast of 'java.lang.Class<*>!' to 'java.lang.Class<out expo.modules.apploader.HeadlessAppLoader>'.
> Task :app:processDebugResources
> Task :react-native-webview:javaPreCompileDebug
> Task :app:javaPreCompileDebug
> Task :app:mergeDebugShaders
> Task :app:compileDebugShaders NO-SOURCE
> Task :app:generateDebugAssets UP-TO-DATE
> Task :expo:mergeDebugShaders
> Task :expo:compileDebugShaders NO-SOURCE
> Task :expo:generateDebugAssets UP-TO-DATE
> Task :expo:packageDebugAssets
> Task :expo-constants:mergeDebugShaders
> Task :expo-constants:compileDebugShaders NO-SOURCE
> Task :expo-constants:generateDebugAssets UP-TO-DATE
> Task :expo-constants:packageDebugAssets
> Task :expo-dev-client:mergeDebugShaders
> Task :expo-dev-client:compileDebugShaders NO-SOURCE
> Task :expo-dev-client:generateDebugAssets UP-TO-DATE
> Task :expo-dev-client:packageDebugAssets
> Task :expo-dev-launcher:mergeDebugShaders
> Task :expo-dev-launcher:compileDebugShaders NO-SOURCE
> Task :expo-dev-launcher:generateDebugAssets UP-TO-DATE
> Task :expo-dev-launcher:packageDebugAssets
> Task :expo-dev-menu:mergeDebugShaders
> Task :expo-dev-menu:compileDebugShaders NO-SOURCE
> Task :expo-dev-menu:generateDebugAssets UP-TO-DATE
> Task :expo-dev-menu:packageDebugAssets
> Task :expo-dev-menu-interface:mergeDebugShaders
> Task :expo-dev-menu-interface:compileDebugShaders NO-SOURCE
> Task :expo-dev-menu-interface:generateDebugAssets UP-TO-DATE
> Task :expo-dev-menu-interface:packageDebugAssets
> Task :expo-json-utils:mergeDebugShaders
> Task :expo-json-utils:compileDebugShaders NO-SOURCE
> Task :expo-json-utils:generateDebugAssets UP-TO-DATE
> Task :expo-json-utils:packageDebugAssets
> Task :expo-manifests:mergeDebugShaders
> Task :expo-manifests:compileDebugShaders NO-SOURCE
> Task :expo-manifests:generateDebugAssets UP-TO-DATE
> Task :expo-manifests:packageDebugAssets
> Task :expo-updates-interface:mergeDebugShaders
> Task :expo-updates-interface:compileDebugShaders NO-SOURCE
> Task :expo-updates-interface:generateDebugAssets UP-TO-DATE
> Task :expo-updates-interface:packageDebugAssets
> Task :react-native-async-storage_async-storage:mergeDebugShaders
> Task :react-native-async-storage_async-storage:compileDebugShaders NO-SOURCE
> Task :react-native-async-storage_async-storage:generateDebugAssets UP-TO-DATE
> Task :react-native-async-storage_async-storage:packageDebugAssets
> Task :react-native-community_datetimepicker:mergeDebugShaders
> Task :react-native-community_datetimepicker:compileDebugShaders NO-SOURCE
> Task :react-native-community_datetimepicker:generateDebugAssets UP-TO-DATE
> Task :react-native-community_datetimepicker:packageDebugAssets
> Task :react-native-community_netinfo:mergeDebugShaders
> Task :react-native-community_netinfo:compileDebugShaders NO-SOURCE
> Task :react-native-community_netinfo:generateDebugAssets UP-TO-DATE
> Task :react-native-community_netinfo:packageDebugAssets
> Task :react-native-edge-to-edge:mergeDebugShaders
> Task :react-native-edge-to-edge:compileDebugShaders NO-SOURCE
> Task :react-native-edge-to-edge:generateDebugAssets UP-TO-DATE
> Task :react-native-edge-to-edge:packageDebugAssets
> Task :react-native-geolocation-service:mergeDebugShaders
> Task :react-native-geolocation-service:compileDebugShaders NO-SOURCE
> Task :react-native-geolocation-service:generateDebugAssets UP-TO-DATE
> Task :react-native-geolocation-service:packageDebugAssets
> Task :react-native-gesture-handler:mergeDebugShaders
> Task :react-native-gesture-handler:compileDebugShaders NO-SOURCE
> Task :react-native-gesture-handler:generateDebugAssets UP-TO-DATE
> Task :react-native-gesture-handler:packageDebugAssets
> Task :react-native-maps:mergeDebugShaders
> Task :react-native-maps:compileDebugShaders NO-SOURCE
> Task :react-native-maps:generateDebugAssets UP-TO-DATE
> Task :react-native-maps:packageDebugAssets
> Task :react-native-picker_picker:mergeDebugShaders
> Task :react-native-picker_picker:compileDebugShaders NO-SOURCE
> Task :react-native-picker_picker:generateDebugAssets UP-TO-DATE
> Task :react-native-picker_picker:packageDebugAssets
> Task :react-native-reanimated:mergeDebugShaders
> Task :react-native-reanimated:compileDebugShaders NO-SOURCE
> Task :react-native-reanimated:generateDebugAssets UP-TO-DATE
> Task :react-native-reanimated:packageDebugAssets
> Task :react-native-safe-area-context:mergeDebugShaders
> Task :react-native-safe-area-context:compileDebugShaders NO-SOURCE
> Task :react-native-safe-area-context:generateDebugAssets UP-TO-DATE
> Task :react-native-safe-area-context:packageDebugAssets
> Task :react-native-screens:mergeDebugShaders
> Task :react-native-screens:compileDebugShaders NO-SOURCE
> Task :react-native-screens:generateDebugAssets UP-TO-DATE
> Task :react-native-screens:packageDebugAssets
> Task :react-native-webview:mergeDebugShaders
> Task :react-native-webview:compileDebugShaders NO-SOURCE
> Task :react-native-webview:generateDebugAssets UP-TO-DATE
> Task :react-native-webview:packageDebugAssets
> Task :react-native-community_datetimepicker:bundleLibRuntimeToJarDebug
> Task :react-native-webview:compileDebugKotlin
w: file:///home/expo/workingdir/build/node_modules/react-native-webview/android/src/main/java/com/reactnativecommunity/webview/RNCWebViewManagerImpl.kt:22:8 'class MapBuilder : Any' is deprecated. Deprecated in Java.
w: file:///home/expo/workingdir/build/node_modules/react-native-webview/android/src/main/java/com/reactnativecommunity/webview/RNCWebViewManagerImpl.kt:82:18 'var allowFileAccessFromFileURLs: Boolean' is deprecated. Deprecated in Java.
w: file:///home/expo/workingdir/build/node_modules/react-native-webview/android/src/main/java/com/reactnativecommunity/webview/RNCWebViewManagerImpl.kt:83:18 'var allowUniversalAccessFromFileURLs: Boolean' is deprecated. Deprecated in Java.
w: file:///home/expo/workingdir/build/node_modules/react-native-webview/android/src/main/java/com/reactnativecommunity/webview/RNCWebViewManagerImpl.kt:125:21 'fun allowScanningByMediaScanner(): Unit' is deprecated. Deprecated in Java.
w: file:///home/expo/workingdir/build/node_modules/react-native-webview/android/src/main/java/com/reactnativecommunity/webview/RNCWebViewManagerImpl.kt:162:36 'var systemUiVisibility: Int' is deprecated. Deprecated in Java.
w: file:///home/expo/workingdir/build/node_modules/react-native-webview/android/src/main/java/com/reactnativecommunity/webview/RNCWebViewManagerImpl.kt:301:14 'class MapBuilder : Any' is deprecated. Deprecated in Java.
w: file:///home/expo/workingdir/build/node_modules/react-native-webview/android/src/main/java/com/reactnativecommunity/webview/RNCWebViewManagerImpl.kt:351:34 Condition is always 'true'.
w: file:///home/expo/workingdir/build/node_modules/react-native-webview/android/src/main/java/com/reactnativecommunity/webview/RNCWebViewManagerImpl.kt:370:38 'var allowUniversalAccessFromFileURLs: Boolean' is deprecated. Deprecated in Java.
w: file:///home/expo/workingdir/build/node_modules/react-native-webview/android/src/main/java/com/reactnativecommunity/webview/RNCWebViewManagerImpl.kt:431:51 Unchecked cast of 'kotlin.Any?' to 'java.util.HashMap<kotlin.String, kotlin.String>'.
w: file:///home/expo/workingdir/build/node_modules/react-native-webview/android/src/main/java/com/reactnativecommunity/webview/RNCWebViewManagerImpl.kt:487:23 'var savePassword: Boolean' is deprecated. Deprecated in Java.
w: file:///home/expo/workingdir/build/node_modules/react-native-webview/android/src/main/java/com/reactnativecommunity/webview/RNCWebViewManagerImpl.kt:488:23 'var saveFormData: Boolean' is deprecated. Deprecated in Java.
w: file:///home/expo/workingdir/build/node_modules/react-native-webview/android/src/main/java/com/reactnativecommunity/webview/RNCWebViewManagerImpl.kt:558:23 'var allowFileAccessFromFileURLs: Boolean' is deprecated. Deprecated in Java.
w: file:///home/expo/workingdir/build/node_modules/react-native-webview/android/src/main/java/com/reactnativecommunity/webview/RNCWebViewManagerImpl.kt:659:65 Unchecked cast of 'java.util.ArrayList<kotlin.Any?>' to 'kotlin.collections.List<kotlin.collections.Map<kotlin.String, kotlin.String>>'.
w: file:///home/expo/workingdir/build/node_modules/react-native-webview/android/src/main/java/com/reactnativecommunity/webview/RNCWebViewManagerImpl.kt:680:23 'var saveFormData: Boolean' is deprecated. Deprecated in Java.
w: file:///home/expo/workingdir/build/node_modules/react-native-webview/android/src/main/java/com/reactnativecommunity/webview/events/TopCustomMenuSelectionEvent.kt:5:8 'interface RCTEventEmitter : JavaScriptModule' is deprecated. Use [RCTModernEventEmitter] instead.
w: file:///home/expo/workingdir/build/node_modules/react-native-webview/android/src/main/java/com/reactnativecommunity/webview/events/TopCustomMenuSelectionEvent.kt:11:3 'constructor<T : (Event<Event<*>!>..Event<*>?)>(p0: Int): Event<T>' is deprecated. Deprecated in Java.
w: file:///home/expo/workingdir/build/node_modules/react-native-webview/android/src/main/java/com/reactnativecommunity/webview/events/TopCustomMenuSelectionEvent.kt:22:16 This declaration overrides a deprecated member but is not marked as deprecated itself. Please add the '@Deprecated' annotation or suppress the diagnostic.
w: file:///home/expo/workingdir/build/node_modules/react-native-webview/android/src/main/java/com/reactnativecommunity/webview/events/TopCustomMenuSelectionEvent.kt:22:42 'interface RCTEventEmitter : JavaScriptModule' is deprecated. Use [RCTModernEventEmitter] instead.
w: file:///home/expo/workingdir/build/node_modules/react-native-webview/android/src/main/java/com/reactnativecommunity/webview/events/TopCustomMenuSelectionEvent.kt:23:21 'fun receiveEvent(targetTag: Int, eventName: String, params: WritableMap?): Unit' is deprecated. Use [RCTModernEventEmitter.receiveEvent] instead.
w: file:///home/expo/workingdir/build/node_modules/react-native-webview/android/src/main/java/com/reactnativecommunity/webview/events/TopHttpErrorEvent.kt:5:8 'interface RCTEventEmitter : JavaScriptModule' is deprecated. Use [RCTModernEventEmitter] instead.
w: file:///home/expo/workingdir/build/node_modules/react-native-webview/android/src/main/java/com/reactnativecommunity/webview/events/TopHttpErrorEvent.kt:11:3 'constructor<T : (Event<Event<*>!>..Event<*>?)>(p0: Int): Event<T>' is deprecated. Deprecated in Java.
w: file:///home/expo/workingdir/build/node_modules/react-native-webview/android/src/main/java/com/reactnativecommunity/webview/events/TopHttpErrorEvent.kt:22:16 This declaration overrides a deprecated member but is not marked as deprecated itself. Please add the '@Deprecated' annotation or suppress the diagnostic.
w: file:///home/expo/workingdir/build/node_modules/react-native-webview/android/src/main/java/com/reactnativecommunity/webview/events/TopHttpErrorEvent.kt:22:42 'interface RCTEventEmitter : JavaScriptModule' is deprecated. Use [RCTModernEventEmitter] instead.
w: file:///home/expo/workingdir/build/node_modules/react-native-webview/android/src/main/java/com/reactnativecommunity/webview/events/TopHttpErrorEvent.kt:23:21 'fun receiveEvent(targetTag: Int, eventName: String, params: WritableMap?): Unit' is deprecated. Use [RCTModernEventEmitter.receiveEvent] instead.
w: file:///home/expo/workingdir/build/node_modules/react-native-webview/android/src/main/java/com/reactnativecommunity/webview/events/TopLoadingErrorEvent.kt:5:8 'interface RCTEventEmitter : JavaScriptModule' is deprecated. Use [RCTModernEventEmitter] instead.
w: file:///home/expo/workingdir/build/node_modules/react-native-webview/android/src/main/java/com/reactnativecommunity/webview/events/TopLoadingErrorEvent.kt:11:3 'constructor<T : (Event<Event<*>!>..Event<*>?)>(p0: Int): Event<T>' is deprecated. Deprecated in Java.
w: file:///home/expo/workingdir/build/node_modules/react-native-webview/android/src/main/java/com/reactnativecommunity/webview/events/TopLoadingErrorEvent.kt:22:16 This declaration overrides a deprecated member but is not marked as deprecated itself. Please add the '@Deprecated' annotation or suppress the diagnostic.
w: file:///home/expo/workingdir/build/node_modules/react-native-webview/android/src/main/java/com/reactnativecommunity/webview/events/TopLoadingErrorEvent.kt:22:42 'interface RCTEventEmitter : JavaScriptModule' is deprecated. Use [RCTModernEventEmitter] instead.
w: file:///home/expo/workingdir/build/node_modules/react-native-webview/android/src/main/java/com/reactnativecommunity/webview/events/TopLoadingErrorEvent.kt:23:21 'fun receiveEvent(targetTag: Int, eventName: String, params: WritableMap?): Unit' is deprecated. Use [RCTModernEventEmitter.receiveEvent] instead.
w: file:///home/expo/workingdir/build/node_modules/react-native-webview/android/src/main/java/com/reactnativecommunity/webview/events/TopLoadingFinishEvent.kt:5:8 'interface RCTEventEmitter : JavaScriptModule' is deprecated. Use [RCTModernEventEmitter] instead.
w: file:///home/expo/workingdir/build/node_modules/react-native-webview/android/src/main/java/com/reactnativecommunity/webview/events/TopLoadingFinishEvent.kt:11:3 'constructor<T : (Event<Event<*>!>..Event<*>?)>(p0: Int): Event<T>' is deprecated. Deprecated in Java.
w: file:///home/expo/workingdir/build/node_modules/react-native-webview/android/src/main/java/com/reactnativecommunity/webview/events/TopLoadingFinishEvent.kt:22:16 This declaration overrides a deprecated member but is not marked as deprecated itself. Please add the '@Deprecated' annotation or suppress the diagnostic.
w: file:///home/expo/workingdir/build/node_modules/react-native-webview/android/src/main/java/com/reactnativecommunity/webview/events/TopLoadingFinishEvent.kt:22:42 'interface RCTEventEmitter : JavaScriptModule' is deprecated. Use [RCTModernEventEmitter] instead.
w: file:///home/expo/workingdir/build/node_modules/react-native-webview/android/src/main/java/com/reactnativecommunity/webview/events/TopLoadingFinishEvent.kt:23:21 'fun receiveEvent(targetTag: Int, eventName: String, params: WritableMap?): Unit' is deprecated. Use [RCTModernEventEmitter.receiveEvent] instead.
w: file:///home/expo/workingdir/build/node_modules/react-native-webview/android/src/main/java/com/reactnativecommunity/webview/events/TopLoadingProgressEvent.kt:5:8 'interface RCTEventEmitter : JavaScriptModule' is deprecated. Use [RCTModernEventEmitter] instead.
w: file:///home/expo/workingdir/build/node_modules/react-native-webview/android/src/main/java/com/reactnativecommunity/webview/events/TopLoadingProgressEvent.kt:11:3 'constructor<T : (Event<Event<*>!>..Event<*>?)>(p0: Int): Event<T>' is deprecated. Deprecated in Java.
w: file:///home/expo/workingdir/build/node_modules/react-native-webview/android/src/main/java/com/reactnativecommunity/webview/events/TopLoadingProgressEvent.kt:22:16 This declaration overrides a deprecated member but is not marked as deprecated itself. Please add the '@Deprecated' annotation or suppress the diagnostic.
w: file:///home/expo/workingdir/build/node_modules/react-native-webview/android/src/main/java/com/reactnativecommunity/webview/events/TopLoadingProgressEvent.kt:22:42 'interface RCTEventEmitter : JavaScriptModule' is deprecated. Use [RCTModernEventEmitter] instead.
w: file:///home/expo/workingdir/build/node_modules/react-native-webview/android/src/main/java/com/reactnativecommunity/webview/events/TopLoadingProgressEvent.kt:23:21 'fun receiveEvent(targetTag: Int, eventName: String, params: WritableMap?): Unit' is deprecated. Use [RCTModernEventEmitter.receiveEvent] instead.
w: file:///home/expo/workingdir/build/node_modules/react-native-webview/android/src/main/java/com/reactnativecommunity/webview/events/TopLoadingStartEvent.kt:5:8 'interface RCTEventEmitter : JavaScriptModule' is deprecated. Use [RCTModernEventEmitter] instead.
w: file:///home/expo/workingdir/build/node_modules/react-native-webview/android/src/main/java/com/reactnativecommunity/webview/events/TopLoadingStartEvent.kt:11:3 'constructor<T : (Event<Event<*>!>..Event<*>?)>(p0: Int): Event<T>' is deprecated. Deprecated in Java.
w: file:///home/expo/workingdir/build/node_modules/react-native-webview/android/src/main/java/com/reactnativecommunity/webview/events/TopLoadingStartEvent.kt:22:16 This declaration overrides a deprecated member but is not marked as deprecated itself. Please add the '@Deprecated' annotation or suppress the diagnostic.
w: file:///home/expo/workingdir/build/node_modules/react-native-webview/android/src/main/java/com/reactnativecommunity/webview/events/TopLoadingStartEvent.kt:22:42 'interface RCTEventEmitter : JavaScriptModule' is deprecated. Use [RCTModernEventEmitter] instead.
w: file:///home/expo/workingdir/build/node_modules/react-native-webview/android/src/main/java/com/reactnativecommunity/webview/events/TopLoadingStartEvent.kt:23:21 'fun receiveEvent(targetTag: Int, eventName: String, params: WritableMap?): Unit' is deprecated. Use [RCTModernEventEmitter.receiveEvent] instead.
w: file:///home/expo/workingdir/build/node_modules/react-native-webview/android/src/main/java/com/reactnativecommunity/webview/events/TopMessageEvent.kt:5:8 'interface RCTEventEmitter : JavaScriptModule' is deprecated. Use [RCTModernEventEmitter] instead.
w: file:///home/expo/workingdir/build/node_modules/react-native-webview/android/src/main/java/com/reactnativecommunity/webview/events/TopMessageEvent.kt:10:75 'constructor<T : (Event<Event<*>!>..Event<*>?)>(p0: Int): Event<T>' is deprecated. Deprecated in Java.
w: file:///home/expo/workingdir/build/node_modules/react-native-webview/android/src/main/java/com/reactnativecommunity/webview/events/TopMessageEvent.kt:21:16 This declaration overrides a deprecated member but is not marked as deprecated itself. Please add the '@Deprecated' annotation or suppress the diagnostic.
w: file:///home/expo/workingdir/build/node_modules/react-native-webview/android/src/main/java/com/reactnativecommunity/webview/events/TopMessageEvent.kt:21:42 'interface RCTEventEmitter : JavaScriptModule' is deprecated. Use [RCTModernEventEmitter] instead.
w: file:///home/expo/workingdir/build/node_modules/react-native-webview/android/src/main/java/com/reactnativecommunity/webview/events/TopMessageEvent.kt:22:21 'fun receiveEvent(targetTag: Int, eventName: String, params: WritableMap?): Unit' is deprecated. Use [RCTModernEventEmitter.receiveEvent] instead.
w: file:///home/expo/workingdir/build/node_modules/react-native-webview/android/src/main/java/com/reactnativecommunity/webview/events/TopNewWindowEvent.kt:5:8 'interface RCTEventEmitter : JavaScriptModule' is deprecated. Use [RCTModernEventEmitter] instead.
w: file:///home/expo/workingdir/build/node_modules/react-native-webview/android/src/main/java/com/reactnativecommunity/webview/events/TopNewWindowEvent.kt:11:3 'constructor<T : (Event<Event<*>!>..Event<*>?)>(p0: Int): Event<T>' is deprecated. Deprecated in Java.
w: file:///home/expo/workingdir/build/node_modules/react-native-webview/android/src/main/java/com/reactnativecommunity/webview/events/TopNewWindowEvent.kt:22:16 This declaration overrides a deprecated member but is not marked as deprecated itself. Please add the '@Deprecated' annotation or suppress the diagnostic.
w: file:///home/expo/workingdir/build/node_modules/react-native-webview/android/src/main/java/com/reactnativecommunity/webview/events/TopNewWindowEvent.kt:22:42 'interface RCTEventEmitter : JavaScriptModule' is deprecated. Use [RCTModernEventEmitter] instead.
w: file:///home/expo/workingdir/build/node_modules/react-native-webview/android/src/main/java/com/reactnativecommunity/webview/events/TopNewWindowEvent.kt:23:21 'fun receiveEvent(targetTag: Int, eventName: String, params: WritableMap?): Unit' is deprecated. Use [RCTModernEventEmitter.receiveEvent] instead.
w: file:///home/expo/workingdir/build/node_modules/react-native-webview/android/src/main/java/com/reactnativecommunity/webview/events/TopRenderProcessGoneEvent.kt:5:8 'interface RCTEventEmitter : JavaScriptModule' is deprecated. Use [RCTModernEventEmitter] instead.
w: file:///home/expo/workingdir/build/node_modules/react-native-webview/android/src/main/java/com/reactnativecommunity/webview/events/TopRenderProcessGoneEvent.kt:12:3 'constructor<T : (Event<Event<*>!>..Event<*>?)>(p0: Int): Event<T>' is deprecated. Deprecated in Java.
w: file:///home/expo/workingdir/build/node_modules/react-native-webview/android/src/main/java/com/reactnativecommunity/webview/events/TopRenderProcessGoneEvent.kt:23:16 This declaration overrides a deprecated member but is not marked as deprecated itself. Please add the '@Deprecated' annotation or suppress the diagnostic.
w: file:///home/expo/workingdir/build/node_modules/react-native-webview/android/src/main/java/com/reactnativecommunity/webview/events/TopRenderProcessGoneEvent.kt:23:42 'interface RCTEventEmitter : JavaScriptModule' is deprecated. Use [RCTModernEventEmitter] instead.
w: file:///home/expo/workingdir/build/node_modules/react-native-webview/android/src/main/java/com/reactnativecommunity/webview/events/TopRenderProcessGoneEvent.kt:24:21 'fun receiveEvent(targetTag: Int, eventName: String, params: WritableMap?): Unit' is deprecated. Use [RCTModernEventEmitter.receiveEvent] instead.
w: file:///home/expo/workingdir/build/node_modules/react-native-webview/android/src/main/java/com/reactnativecommunity/webview/events/TopShouldStartLoadWithRequestEvent.kt:5:8 'interface RCTEventEmitter : JavaScriptModule' is deprecated. Use [RCTModernEventEmitter] instead.
w: file:///home/expo/workingdir/build/node_modules/react-native-webview/android/src/main/java/com/reactnativecommunity/webview/events/TopShouldStartLoadWithRequestEvent.kt:10:89 'constructor<T : (Event<Event<*>!>..Event<*>?)>(p0: Int): Event<T>' is deprecated. Deprecated in Java.
w: file:///home/expo/workingdir/build/node_modules/react-native-webview/android/src/main/java/com/reactnativecommunity/webview/events/TopShouldStartLoadWithRequestEvent.kt:27:16 This declaration overrides a deprecated member but is not marked as deprecated itself. Please add the '@Deprecated' annotation or suppress the diagnostic.
w: file:///home/expo/workingdir/build/node_modules/react-native-webview/android/src/main/java/com/reactnativecommunity/webview/events/TopShouldStartLoadWithRequestEvent.kt:27:42 'interface RCTEventEmitter : JavaScriptModule' is deprecated. Use [RCTModernEventEmitter] instead.
w: file:///home/expo/workingdir/build/node_modules/react-native-webview/android/src/main/java/com/reactnativecommunity/webview/events/TopShouldStartLoadWithRequestEvent.kt:28:21 'fun receiveEvent(targetTag: Int, eventName: String, params: WritableMap?): Unit' is deprecated. Use [RCTModernEventEmitter.receiveEvent] instead.
> Task :expo-modules-core:compileDebugJavaWithJavac
> Task :expo-modules-core:bundleLibCompileToJarDebug
> Task :react-native-webview:compileDebugJavaWithJavac
> Task :expo-dev-client:compileDebugKotlin NO-SOURCE
Note: Some input files use or override a deprecated API.
Note: Recompile with -Xlint:deprecation for details.
> Task :expo-dev-client:compileDebugJavaWithJavac
> Task :expo-dev-client:bundleLibCompileToJarDebug
> Task :expo-constants:compileDebugKotlin
> Task :expo-constants:compileDebugJavaWithJavac
> Task :expo-dev-menu-interface:compileDebugKotlin
> Task :expo-constants:bundleLibCompileToJarDebug
> Task :expo-dev-menu-interface:compileDebugJavaWithJavac
> Task :expo-dev-menu-interface:bundleLibCompileToJarDebug
> Task :expo-json-utils:compileDebugKotlin
> Task :expo-json-utils:compileDebugJavaWithJavac
> Task :expo-json-utils:bundleLibCompileToJarDebug
> Task :expo-updates-interface:compileDebugKotlin
> Task :expo-updates-interface:compileDebugJavaWithJavac
> Task :expo-updates-interface:bundleLibCompileToJarDebug
> Task :react-native-webview:bundleLibCompileToJarDebug
> Task :expo-modules-core:mergeDebugShaders
> Task :expo-modules-core:compileDebugShaders NO-SOURCE
> Task :expo-modules-core:generateDebugAssets UP-TO-DATE
> Task :expo-modules-core:packageDebugAssets
> Task :app:mergeDebugAssets
> Task :react-native-gesture-handler:bundleLibRuntimeToJarDebug
> Task :react-native-reanimated:bundleLibRuntimeToJarDebug
> Task :react-native-safe-area-context:bundleLibRuntimeToJarDebug
> Task :app:compressDebugAssets
> Task :expo-manifests:compileDebugKotlin
w: file:///home/expo/workingdir/build/node_modules/expo-manifests/android/src/main/java/expo/modules/manifests/core/EmbeddedManifest.kt:19:16 This declaration overrides a deprecated member but is not marked as deprecated itself. Please add the '@Deprecated' annotation or suppress the diagnostic.
w: file:///home/expo/workingdir/build/node_modules/expo-manifests/android/src/main/java/expo/modules/manifests/core/EmbeddedManifest.kt:19:86 'fun getLegacyID(): String' is deprecated. Prefer scopeKey or projectId depending on use case.
w: file:///home/expo/workingdir/build/node_modules/expo-manifests/android/src/main/java/expo/modules/manifests/core/ExpoUpdatesManifest.kt:16:16 This declaration overrides a deprecated member but is not marked as deprecated itself. Please add the '@Deprecated' annotation or suppress the diagnostic.
w: file:///home/expo/workingdir/build/node_modules/expo-manifests/android/src/main/java/expo/modules/manifests/core/Manifest.kt:13:3 Deprecations and opt-ins on a method overridden from 'Any' may not be reported.
w: file:///home/expo/workingdir/build/node_modules/expo-manifests/android/src/main/java/expo/modules/manifests/core/Manifest.kt:15:12 'fun getRawJson(): JSONObject' is deprecated. Prefer to use specific field getters.
> Task :expo-manifests:compileDebugJavaWithJavac
> Task :expo-manifests:bundleLibCompileToJarDebug
> Task :react-native-webview:bundleLibRuntimeToJarDebug
> Task :react-native-edge-to-edge:bundleLibRuntimeToJarDebug
> Task :react-native-async-storage_async-storage:bundleLibRuntimeToJarDebug
> Task :react-native-community_netinfo:bundleLibRuntimeToJarDebug
> Task :react-native-picker_picker:bundleLibRuntimeToJarDebug
> Task :react-native-screens:compileDebugKotlin
w: file:///home/expo/workingdir/build/node_modules/react-native-screens/android/src/main/java/com/swmansion/rnscreens/RNScreensPackage.kt:66:17 'constructor(name: String, className: String, canOverrideExistingModule: Boolean, needsEagerInit: Boolean, hasConstants: Boolean, isCxxModule: Boolean, isTurboModule: Boolean): ReactModuleInfo' is deprecated. This constructor is deprecated and will be removed in the future. Use ReactModuleInfo(String, String, boolean, boolean, boolean, boolean)].
w: file:///home/expo/workingdir/build/node_modules/react-native-screens/android/src/main/java/com/swmansion/rnscreens/Screen.kt:46:77 Unchecked cast of '(androidx.coordinatorlayout.widget.CoordinatorLayout.Behavior<android.view.View!>?..androidx.coordinatorlayout.widget.CoordinatorLayout.Behavior<*>?)' to 'com.google.android.material.bottomsheet.BottomSheetBehavior<com.swmansion.rnscreens.Screen>'.
w: file:///home/expo/workingdir/build/node_modules/react-native-screens/android/src/main/java/com/swmansion/rnscreens/Screen.kt:378:36 'fun setTranslucent(screen: Screen, activity: Activity?, context: ReactContext?): Unit' is deprecated. For apps targeting SDK 35 or above this prop has no effect because edge-to-edge is enabled by default and the status bar is always translucent.
w: file:///home/expo/workingdir/build/node_modules/react-native-screens/android/src/main/java/com/swmansion/rnscreens/Screen.kt:397:36 'fun setColor(screen: Screen, activity: Activity?, context: ReactContext?): Unit' is deprecated. For apps targeting SDK 35 or above this prop has no effect because edge-to-edge is enabled by default and the status bar is always translucent.
w: file:///home/expo/workingdir/build/node_modules/react-native-screens/android/src/main/java/com/swmansion/rnscreens/Screen.kt:415:36 'fun setNavigationBarColor(screen: Screen, activity: Activity?): Unit' is deprecated. For all apps targeting Android SDK 35 or above edge-to-edge is enabled by default.
w: file:///home/expo/workingdir/build/node_modules/react-native-screens/android/src/main/java/com/swmansion/rnscreens/Screen.kt:432:36 'fun setNavigationBarTranslucent(screen: Screen, activity: Activity?): Unit' is deprecated. For all apps targeting Android SDK 35 or above edge-to-edge is enabled by default.
w: file:///home/expo/workingdir/build/node_modules/react-native-screens/android/src/main/java/com/swmansion/rnscreens/ScreenStackFragment.kt:217:31 'var targetElevation: Float' is deprecated. Deprecated in Java.
w: file:///home/expo/workingdir/build/node_modules/react-native-screens/android/src/main/java/com/swmansion/rnscreens/ScreenStackFragment.kt:220:13 'fun setHasOptionsMenu(p0: Boolean): Unit' is deprecated. Deprecated in Java.
w: file:///home/expo/workingdir/build/node_modules/react-native-screens/android/src/main/java/com/swmansion/rnscreens/ScreenStackFragment.kt:397:18 This declaration overrides a deprecated member but is not marked as deprecated itself. Please add the '@Deprecated' annotation or suppress the diagnostic.
w: file:///home/expo/workingdir/build/node_modules/react-native-screens/android/src/main/java/com/swmansion/rnscreens/ScreenStackFragment.kt:404:22 'fun onPrepareOptionsMenu(p0: Menu): Unit' is deprecated. Deprecated in Java.
w: file:///home/expo/workingdir/build/node_modules/react-native-screens/android/src/main/java/com/swmansion/rnscreens/ScreenStackFragment.kt:407:18 This declaration overrides a deprecated member but is not marked as deprecated itself. Please add the '@Deprecated' annotation or suppress the diagnostic.
w: file:///home/expo/workingdir/build/node_modules/react-native-screens/android/src/main/java/com/swmansion/rnscreens/ScreenStackFragment.kt:412:22 'fun onCreateOptionsMenu(p0: Menu, p1: MenuInflater): Unit' is deprecated. Deprecated in Java.
w: file:///home/expo/workingdir/build/node_modules/react-native-screens/android/src/main/java/com/swmansion/rnscreens/ScreenStackHeaderConfigViewManager.kt:7:8 'class MapBuilder : Any' is deprecated. Deprecated in Java.
w: file:///home/expo/workingdir/build/node_modules/react-native-screens/android/src/main/java/com/swmansion/rnscreens/ScreenStackHeaderConfigViewManager.kt:210:9 'class MapBuilder : Any' is deprecated. Deprecated in Java.
w: file:///home/expo/workingdir/build/node_modules/react-native-screens/android/src/main/java/com/swmansion/rnscreens/ScreenStackHeaderConfigViewManager.kt:212:13 'class MapBuilder : Any' is deprecated. Deprecated in Java.
w: file:///home/expo/workingdir/build/node_modules/react-native-screens/android/src/main/java/com/swmansion/rnscreens/ScreenStackHeaderConfigViewManager.kt:214:13 'class MapBuilder : Any' is deprecated. Deprecated in Java.
w: file:///home/expo/workingdir/build/node_modules/react-native-screens/android/src/main/java/com/swmansion/rnscreens/ScreenViewManager.kt:7:8 'class MapBuilder : Any' is deprecated. Deprecated in Java.
w: file:///home/expo/workingdir/build/node_modules/react-native-screens/android/src/main/java/com/swmansion/rnscreens/ScreenViewManager.kt:204:14 'var statusBarColor: Int?' is deprecated. For apps targeting SDK 35 or above this prop has no effect because edge-to-edge is enabled by default and the status bar is always translucent.
w: file:///home/expo/workingdir/build/node_modules/react-native-screens/android/src/main/java/com/swmansion/rnscreens/ScreenViewManager.kt:221:14 'var isStatusBarTranslucent: Boolean?' is deprecated. For apps targeting SDK 35 or above this prop has no effect because edge-to-edge is enabled by default and the status bar is always translucent.
w: file:///home/expo/workingdir/build/node_modules/react-native-screens/android/src/main/java/com/swmansion/rnscreens/ScreenViewManager.kt:238:14 'var navigationBarColor: Int?' is deprecated. For all apps targeting Android SDK 35 or above edge-to-edge is enabled by default.
w: file:///home/expo/workingdir/build/node_modules/react-native-screens/android/src/main/java/com/swmansion/rnscreens/ScreenViewManager.kt:247:14 'var isNavigationBarTranslucent: Boolean?' is deprecated. For all apps targeting Android SDK 35 or above edge-to-edge is enabled by default.
w: file:///home/expo/workingdir/build/node_modules/react-native-screens/android/src/main/java/com/swmansion/rnscreens/ScreenViewManager.kt:382:48 'class MapBuilder : Any' is deprecated. Deprecated in Java.
w: file:///home/expo/workingdir/build/node_modules/react-native-screens/android/src/main/java/com/swmansion/rnscreens/ScreenViewManager.kt:383:49 'class MapBuilder : Any' is deprecated. Deprecated in Java.
w: file:///home/expo/workingdir/build/node_modules/react-native-screens/android/src/main/java/com/swmansion/rnscreens/ScreenViewManager.kt:384:45 'class MapBuilder : Any' is deprecated. Deprecated in Java.
w: file:///home/expo/workingdir/build/node_modules/react-native-screens/android/src/main/java/com/swmansion/rnscreens/ScreenViewManager.kt:385:52 'class MapBuilder : Any' is deprecated. Deprecated in Java.
w: file:///home/expo/workingdir/build/node_modules/react-native-screens/android/src/main/java/com/swmansion/rnscreens/ScreenViewManager.kt:386:48 'class MapBuilder : Any' is deprecated. Deprecated in Java.
w: file:///home/expo/workingdir/build/node_modules/react-native-screens/android/src/main/java/com/swmansion/rnscreens/ScreenViewManager.kt:387:51 'class MapBuilder : Any' is deprecated. Deprecated in Java.
w: file:///home/expo/workingdir/build/node_modules/react-native-screens/android/src/main/java/com/swmansion/rnscreens/ScreenViewManager.kt:388:56 'class MapBuilder : Any' is deprecated. Deprecated in Java.
w: file:///home/expo/workingdir/build/node_modules/react-native-screens/android/src/main/java/com/swmansion/rnscreens/ScreenViewManager.kt:389:57 'class MapBuilder : Any' is deprecated. Deprecated in Java.
w: file:///home/expo/workingdir/build/node_modules/react-native-screens/android/src/main/java/com/swmansion/rnscreens/ScreenViewManager.kt:390:51 'class MapBuilder : Any' is deprecated. Deprecated in Java.
w: file:///home/expo/workingdir/build/node_modules/react-native-screens/android/src/main/java/com/swmansion/rnscreens/ScreenWindowTraits.kt:55:42 'fun replaceSystemWindowInsets(p0: Int, p1: Int, p2: Int, p3: Int): WindowInsetsCompat' is deprecated. Deprecated in Java.
w: file:///home/expo/workingdir/build/node_modules/react-native-screens/android/src/main/java/com/swmansion/rnscreens/ScreenWindowTraits.kt:56:39 'val systemWindowInsetLeft: Int' is deprecated. Deprecated in Java.
w: file:///home/expo/workingdir/build/node_modules/react-native-screens/android/src/main/java/com/swmansion/rnscreens/ScreenWindowTraits.kt:58:39 'val systemWindowInsetRight: Int' is deprecated. Deprecated in Java.
w: file:///home/expo/workingdir/build/node_modules/react-native-screens/android/src/main/java/com/swmansion/rnscreens/ScreenWindowTraits.kt:59:39 'val systemWindowInsetBottom: Int' is deprecated. Deprecated in Java.
w: file:///home/expo/workingdir/build/node_modules/react-native-screens/android/src/main/java/com/swmansion/rnscreens/ScreenWindowTraits.kt:102:53 'var statusBarColor: Int' is deprecated. Deprecated in Java.
w: file:///home/expo/workingdir/build/node_modules/react-native-screens/android/src/main/java/com/swmansion/rnscreens/ScreenWindowTraits.kt:106:37 'var statusBarColor: Int?' is deprecated. For apps targeting SDK 35 or above this prop has no effect because edge-to-edge is enabled by default and the status bar is always translucent.
w: file:///home/expo/workingdir/build/node_modules/react-native-screens/android/src/main/java/com/swmansion/rnscreens/ScreenWindowTraits.kt:113:48 'var statusBarColor: Int' is deprecated. Deprecated in Java.
w: file:///home/expo/workingdir/build/node_modules/react-native-screens/android/src/main/java/com/swmansion/rnscreens/ScreenWindowTraits.kt:116:32 'var statusBarColor: Int' is deprecated. Deprecated in Java.
w: file:///home/expo/workingdir/build/node_modules/react-native-screens/android/src/main/java/com/swmansion/rnscreens/ScreenWindowTraits.kt:162:49 'var isStatusBarTranslucent: Boolean?' is deprecated. For apps targeting SDK 35 or above this prop has no effect because edge-to-edge is enabled by default and the status bar is always translucent.
w: file:///home/expo/workingdir/build/node_modules/react-native-screens/android/src/main/java/com/swmansion/rnscreens/ScreenWindowTraits.kt:218:43 'var navigationBarColor: Int?' is deprecated. For all apps targeting Android SDK 35 or above edge-to-edge is enabled by default.
w: file:///home/expo/workingdir/build/node_modules/react-native-screens/android/src/main/java/com/swmansion/rnscreens/ScreenWindowTraits.kt:218:72 'var navigationBarColor: Int' is deprecated. Deprecated in Java.
w: file:///home/expo/workingdir/build/node_modules/react-native-screens/android/src/main/java/com/swmansion/rnscreens/ScreenWindowTraits.kt:224:16 'var navigationBarColor: Int' is deprecated. Deprecated in Java.
w: file:///home/expo/workingdir/build/node_modules/react-native-screens/android/src/main/java/com/swmansion/rnscreens/ScreenWindowTraits.kt:241:55 'var isNavigationBarTranslucent: Boolean?' is deprecated. For all apps targeting Android SDK 35 or above edge-to-edge is enabled by default.
w: file:///home/expo/workingdir/build/node_modules/react-native-screens/android/src/main/java/com/swmansion/rnscreens/ScreenWindowTraits.kt:283:13 'fun setColor(screen: Screen, activity: Activity?, context: ReactContext?): Unit' is deprecated. For apps targeting SDK 35 or above this prop has no effect because edge-to-edge is enabled by default and the status bar is always translucent.
w: file:///home/expo/workingdir/build/node_modules/react-native-screens/android/src/main/java/com/swmansion/rnscreens/ScreenWindowTraits.kt:285:13 'fun setTranslucent(screen: Screen, activity: Activity?, context: ReactContext?): Unit' is deprecated. For apps targeting SDK 35 or above this prop has no effect because edge-to-edge is enabled by default and the status bar is always translucent.
w: file:///home/expo/workingdir/build/node_modules/react-native-screens/android/src/main/java/com/swmansion/rnscreens/ScreenWindowTraits.kt:289:13 'fun setNavigationBarColor(screen: Screen, activity: Activity?): Unit' is deprecated. For all apps targeting Android SDK 35 or above edge-to-edge is enabled by default.
w: file:///home/expo/workingdir/build/node_modules/react-native-screens/android/src/main/java/com/swmansion/rnscreens/ScreenWindowTraits.kt:290:13 'fun setNavigationBarTranslucent(screen: Screen, activity: Activity?): Unit' is deprecated. For all apps targeting Android SDK 35 or above edge-to-edge is enabled by default.
w: file:///home/expo/workingdir/build/node_modules/react-native-screens/android/src/main/java/com/swmansion/rnscreens/ScreenWindowTraits.kt:354:42 'var statusBarColor: Int?' is deprecated. For apps targeting SDK 35 or above this prop has no effect because edge-to-edge is enabled by default and the status bar is always translucent.
w: file:///home/expo/workingdir/build/node_modules/react-native-screens/android/src/main/java/com/swmansion/rnscreens/ScreenWindowTraits.kt:356:48 'var isStatusBarTranslucent: Boolean?' is deprecated. For apps targeting SDK 35 or above this prop has no effect because edge-to-edge is enabled by default and the status bar is always translucent.
w: file:///home/expo/workingdir/build/node_modules/react-native-screens/android/src/main/java/com/swmansion/rnscreens/ScreenWindowTraits.kt:359:57 'var navigationBarColor: Int?' is deprecated. For all apps targeting Android SDK 35 or above edge-to-edge is enabled by default.
w: file:///home/expo/workingdir/build/node_modules/react-native-screens/android/src/main/java/com/swmansion/rnscreens/ScreenWindowTraits.kt:360:63 'var isNavigationBarTranslucent: Boolean?' is deprecated. For all apps targeting Android SDK 35 or above edge-to-edge is enabled by default.
w: file:///home/expo/workingdir/build/node_modules/react-native-screens/android/src/main/java/com/swmansion/rnscreens/SearchBarManager.kt:5:8 'class MapBuilder : Any' is deprecated. Deprecated in Java.
w: file:///home/expo/workingdir/build/node_modules/react-native-screens/android/src/main/java/com/swmansion/rnscreens/SearchBarManager.kt:142:9 'class MapBuilder : Any' is deprecated. Deprecated in Java.
w: file:///home/expo/workingdir/build/node_modules/react-native-screens/android/src/main/java/com/swmansion/rnscreens/SearchBarManager.kt:144:13 'class MapBuilder : Any' is deprecated. Deprecated in Java.
w: file:///home/expo/workingdir/build/node_modules/react-native-screens/android/src/main/java/com/swmansion/rnscreens/SearchBarManager.kt:146:13 'class MapBuilder : Any' is deprecated. Deprecated in Java.
w: file:///home/expo/workingdir/build/node_modules/react-native-screens/android/src/main/java/com/swmansion/rnscreens/SearchBarManager.kt:148:13 'class MapBuilder : Any' is deprecated. Deprecated in Java.
w: file:///home/expo/workingdir/build/node_modules/react-native-screens/android/src/main/java/com/swmansion/rnscreens/SearchBarManager.kt:150:13 'class MapBuilder : Any' is deprecated. Deprecated in Java.
w: file:///home/expo/workingdir/build/node_modules/react-native-screens/android/src/main/java/com/swmansion/rnscreens/SearchBarManager.kt:152:13 'class MapBuilder : Any' is deprecated. Deprecated in Java.
w: file:///home/expo/workingdir/build/node_modules/react-native-screens/android/src/main/java/com/swmansion/rnscreens/SearchBarManager.kt:154:13 'class MapBuilder : Any' is deprecated. Deprecated in Java.
w: file:///home/expo/workingdir/build/node_modules/react-native-screens/android/src/main/java/com/swmansion/rnscreens/bottomsheet/BottomSheetDialogRootView.kt:7:8 'object ReactFeatureFlags : Any' is deprecated. Use com.facebook.react.internal.featureflags.ReactNativeFeatureFlags instead.
w: file:///home/expo/workingdir/build/node_modules/react-native-screens/android/src/main/java/com/swmansion/rnscreens/bottomsheet/BottomSheetDialogRootView.kt:25:13 'object ReactFeatureFlags : Any' is deprecated. Use com.facebook.react.internal.featureflags.ReactNativeFeatureFlags instead.
> Task :expo-constants:bundleLibRuntimeToJarDebug
> Task :expo-dev-client:bundleLibRuntimeToJarDebug
> Task :expo-dev-menu-interface:bundleLibRuntimeToJarDebug
> Task :expo-json-utils:bundleLibRuntimeToJarDebug
> Task :expo-manifests:bundleLibRuntimeToJarDebug
> Task :expo-modules-core:bundleLibRuntimeToJarDebug
> Task :expo-updates-interface:bundleLibRuntimeToJarDebug
> Task :react-native-geolocation-service:bundleLibRuntimeToJarDebug
> Task :react-native-maps:bundleLibRuntimeToJarDebug
> Task :react-native-screens:compileDebugJavaWithJavac
> Task :react-native-screens:bundleLibCompileToJarDebug
> Task :react-native-screens:bundleLibRuntimeToJarDebug
> Task :app:desugarDebugFileDependencies
> Task :expo-constants:processDebugJavaRes
> Task :expo-dev-client:processDebugJavaRes NO-SOURCE
> Task :expo-dev-menu-interface:processDebugJavaRes
> Task :expo-json-utils:processDebugJavaRes
> Task :expo-manifests:processDebugJavaRes
> Task :expo-dev-menu:compileDebugKotlin
w: file:///home/expo/workingdir/build/node_modules/expo-dev-menu/android/src/debug/java/expo/modules/devmenu/DevMenuActivity.kt:97:17 This code uses error suppression for 'RETURN_TYPE_MISMATCH_ON_OVERRIDE'. While it might compile and work, the compiler behavior is UNSPECIFIED and WON'T BE PRESERVED. Please report your use case to the Kotlin issue tracker instead: https://kotl.in/issue
w: file:///home/expo/workingdir/build/node_modules/expo-dev-menu/android/src/debug/java/expo/modules/devmenu/DevMenuManager.kt:18:8 'class ReactFontManager : Any' is deprecated. This class is deprecated and will be deleted in the near future. Please use [com.facebook.react.common.assets.ReactFontManager] instead.
w: file:///home/expo/workingdir/build/node_modules/expo-dev-menu/android/src/debug/java/expo/modules/devmenu/DevMenuManager.kt:205:7 'class ReactFontManager : Any' is deprecated. This class is deprecated and will be deleted in the near future. Please use [com.facebook.react.common.assets.ReactFontManager] instead.
w: file:///home/expo/workingdir/build/node_modules/expo-dev-menu/android/src/main/java/com/facebook/react/devsupport/DevMenuSettingsBase.kt:6:8 'class PreferenceManager : Any' is deprecated. Deprecated in Java.
w: file:///home/expo/workingdir/build/node_modules/expo-dev-menu/android/src/main/java/com/facebook/react/devsupport/DevMenuSettingsBase.kt:18:51 'class PreferenceManager : Any' is deprecated. Deprecated in Java.
w: file:///home/expo/workingdir/build/node_modules/expo-dev-menu/android/src/main/java/com/facebook/react/devsupport/DevMenuSettingsBase.kt:18:69 'static fun getDefaultSharedPreferences(p0: Context!): SharedPreferences!' is deprecated. Deprecated in Java.
w: file:///home/expo/workingdir/build/node_modules/expo-dev-menu/android/src/main/java/com/facebook/react/devsupport/DevMenuSettingsBase.kt:51:13 This code uses error suppression for 'NOTHING_TO_OVERRIDE'. While it might compile and work, the compiler behavior is UNSPECIFIED and WON'T BE PRESERVED. Please report your use case to the Kotlin issue tracker instead: https://kotl.in/issue
w: file:///home/expo/workingdir/build/node_modules/expo-dev-menu/android/src/main/java/com/facebook/react/devsupport/DevMenuSettingsBase.kt:58:16 This declaration overrides a deprecated member but is not marked as deprecated itself. Please add the '@Deprecated' annotation or suppress the diagnostic.
w: file:///home/expo/workingdir/build/node_modules/expo-dev-menu/android/src/main/java/expo/modules/devmenu/fab/MovableFloatingActionButton.kt:173:17 'fun computeBounds(p0: RectF, p1: Boolean): Unit' is deprecated. Deprecated in Java.
w: file:///home/expo/workingdir/build/node_modules/expo-dev-menu/android/src/main/java/expo/modules/devmenu/helpers/DevMenuOkHttpExtension.kt:58:19 'fun create(contentType: MediaType?, content: String): RequestBody' is deprecated. Moved to extension function. Put the 'content' argument first to fix Java.
w: file:///home/expo/workingdir/build/node_modules/expo-dev-menu/vendored/react-native-safe-area-context/android/devmenu/com/th3rdwave/safeareacontext/SafeAreaProviderManager.kt:5:8 'class MapBuilder : Any' is deprecated. Deprecated in Java.
w: file:///home/expo/workingdir/build/node_modules/expo-dev-menu/vendored/react-native-safe-area-context/android/devmenu/com/th3rdwave/safeareacontext/SafeAreaProviderManager.kt:29:14 'class MapBuilder : Any' is deprecated. Deprecated in Java.
> Task :expo-modules-core:processDebugJavaRes
> Task :expo-updates-interface:processDebugJavaRes
> Task :react-native-async-storage_async-storage:processDebugJavaRes NO-SOURCE
> Task :react-native-community_datetimepicker:processDebugJavaRes
> Task :react-native-community_netinfo:processDebugJavaRes NO-SOURCE
> Task :react-native-edge-to-edge:processDebugJavaRes
> Task :react-native-geolocation-service:processDebugJavaRes NO-SOURCE
> Task :react-native-gesture-handler:processDebugJavaRes
> Task :react-native-maps:processDebugJavaRes NO-SOURCE
> Task :react-native-picker_picker:processDebugJavaRes NO-SOURCE
> Task :react-native-reanimated:processDebugJavaRes NO-SOURCE
> Task :react-native-safe-area-context:processDebugJavaRes
> Task :react-native-screens:processDebugJavaRes
> Task :react-native-webview:processDebugJavaRes
> Task :expo:mergeDebugJniLibFolders
> Task :expo:mergeDebugNativeLibs NO-SOURCE
> Task :expo:copyDebugJniLibsProjectOnly
> Task :expo-constants:mergeDebugJniLibFolders
> Task :expo-constants:mergeDebugNativeLibs NO-SOURCE
> Task :expo-constants:copyDebugJniLibsProjectOnly
> Task :expo-dev-client:mergeDebugJniLibFolders
> Task :expo-dev-client:mergeDebugNativeLibs NO-SOURCE
> Task :expo-dev-client:copyDebugJniLibsProjectOnly
> Task :expo-dev-launcher:mergeDebugJniLibFolders
> Task :app:mergeDebugJniLibFolders
> Task :expo-dev-launcher:mergeDebugNativeLibs NO-SOURCE
> Task :expo-dev-launcher:copyDebugJniLibsProjectOnly
> Task :expo-dev-menu:compileDebugJavaWithJavac
> Task :expo-dev-menu-interface:mergeDebugJniLibFolders
> Task :expo-dev-menu:bundleLibCompileToJarDebug
> Task :expo-dev-menu:bundleLibRuntimeToJarDebug
> Task :app:checkDebugDuplicateClasses
> Task :expo-dev-menu:processDebugJavaRes
Note: Some input files use or override a deprecated API.
Note: Recompile with -Xlint:deprecation for details.
> Task :expo-dev-menu-interface:mergeDebugNativeLibs NO-SOURCE
> Task :expo-dev-menu-interface:copyDebugJniLibsProjectOnly
> Task :expo-json-utils:mergeDebugJniLibFolders
> Task :expo-json-utils:mergeDebugNativeLibs NO-SOURCE
> Task :expo-dev-menu:mergeDebugJniLibFolders
> Task :expo-dev-menu:mergeDebugNativeLibs NO-SOURCE
> Task :expo-dev-menu:copyDebugJniLibsProjectOnly
> Task :expo-dev-launcher:compileDebugKotlin
w: file:///home/expo/workingdir/build/node_modules/expo-dev-launcher/android/src/debug/java/expo/modules/devlauncher/helpers/DevLauncherReactUtils.kt:246:11 'fun newInstance(): CapturedType(*)!' is deprecated. Deprecated in Java.
w: file:///home/expo/workingdir/build/node_modules/expo-dev-launcher/android/src/debug/java/expo/modules/devlauncher/launcher/DevLauncherActivity.kt:32:25 'constructor(): Handler' is deprecated. Deprecated in Java.
w: file:///home/expo/workingdir/build/node_modules/expo-dev-launcher/android/src/debug/java/expo/modules/devlauncher/launcher/DevLauncherActivity.kt:50:5 'fun overridePendingTransition(p0: Int, p1: Int): Unit' is deprecated. Deprecated in Java.
w: file:///home/expo/workingdir/build/node_modules/expo-dev-launcher/android/src/debug/java/expo/modules/devlauncher/launcher/DevLauncherActivity.kt:76:5 'fun overridePendingTransition(p0: Int, p1: Int): Unit' is deprecated. Deprecated in Java.
w: file:///home/expo/workingdir/build/node_modules/expo-dev-launcher/android/src/debug/java/expo/modules/devlauncher/modules/DevLauncherModule.kt:16:29 'fun getRawJson(): JSONObject' is deprecated. Prefer to use specific field getters.
w: file:///home/expo/workingdir/build/node_modules/expo-dev-launcher/android/src/debug/java/expo/modules/devlauncher/react/DevLauncherBridgeDevSupportManager.kt:49:38 This code uses error suppression for 'NOTHING_TO_OVERRIDE'. While it might compile and work, the compiler behavior is UNSPECIFIED and WON'T BE PRESERVED. Please report your use case to the Kotlin issue tracker instead: https://kotl.in/issue
w: file:///home/expo/workingdir/build/node_modules/expo-dev-launcher/android/src/debug/java/expo/modules/devlauncher/react/DevLauncherBridgelessDevSupportManager.kt:48:38 This code uses error suppression for 'NOTHING_TO_OVERRIDE'. While it might compile and work, the compiler behavior is UNSPECIFIED and WON'T BE PRESERVED. Please report your use case to the Kotlin issue tracker instead: https://kotl.in/issue
w: file:///home/expo/workingdir/build/node_modules/expo-dev-launcher/android/src/main/java/expo/modules/devlauncher/launcher/DevLauncherRecentlyOpenedAppsRegistry.kt:32:47 Unchecked cast of 'kotlin.collections.MutableMap<kotlin.Any?, kotlin.Any?>' to 'kotlin.collections.MutableMap<kotlin.String, kotlin.Any>'.
w: file:///home/expo/workingdir/build/node_modules/expo-dev-launcher/android/src/main/java/expo/modules/devlauncher/launcher/DevLauncherRecentlyOpenedAppsRegistry.kt:50:27 'fun getRawJson(): JSONObject' is deprecated. Prefer to use specific field getters.
w: file:///home/expo/workingdir/build/node_modules/expo-dev-launcher/android/src/main/java/expo/modules/devlauncher/launcher/configurators/DevLauncherExpoActivityConfigurator.kt:37:23 'constructor(p0: String!, p1: Bitmap!, p2: Int): ActivityManager.TaskDescription' is deprecated. Deprecated in Java.
w: file:///home/expo/workingdir/build/node_modules/expo-dev-launcher/android/src/main/java/expo/modules/devlauncher/launcher/configurators/DevLauncherExpoActivityConfigurator.kt:63:61 'static field FLAG_TRANSLUCENT_STATUS: Int' is deprecated. Deprecated in Java.
w: file:///home/expo/workingdir/build/node_modules/expo-dev-launcher/android/src/main/java/expo/modules/devlauncher/launcher/configurators/DevLauncherExpoActivityConfigurator.kt:92:45 'var systemUiVisibility: Int' is deprecated. Deprecated in Java.
w: file:///home/expo/workingdir/build/node_modules/expo-dev-launcher/android/src/main/java/expo/modules/devlauncher/launcher/configurators/DevLauncherExpoActivityConfigurator.kt:95:68 'static field SYSTEM_UI_FLAG_LIGHT_STATUS_BAR: Int' is deprecated. Deprecated in Java.
w: file:///home/expo/workingdir/build/node_modules/expo-dev-launcher/android/src/main/java/expo/modules/devlauncher/launcher/configurators/DevLauncherExpoActivityConfigurator.kt:99:67 'static field SYSTEM_UI_FLAG_LIGHT_STATUS_BAR: Int' is deprecated. Deprecated in Java.
w: file:///home/expo/workingdir/build/node_modules/expo-dev-launcher/android/src/main/java/expo/modules/devlauncher/launcher/configurators/DevLauncherExpoActivityConfigurator.kt:103:67 'static field SYSTEM_UI_FLAG_LIGHT_STATUS_BAR: Int' is deprecated. Deprecated in Java.
w: file:///home/expo/workingdir/build/node_modules/expo-dev-launcher/android/src/main/java/expo/modules/devlauncher/launcher/configurators/DevLauncherExpoActivityConfigurator.kt:107:15 'var systemUiVisibility: Int' is deprecated. Deprecated in Java.
w: file:///home/expo/workingdir/build/node_modules/expo-dev-launcher/android/src/main/java/expo/modules/devlauncher/launcher/configurators/DevLauncherExpoActivityConfigurator.kt:115:59 'static field FLAG_FULLSCREEN: Int' is deprecated. Deprecated in Java.
w: file:///home/expo/workingdir/build/node_modules/expo-dev-launcher/android/src/main/java/expo/modules/devlauncher/launcher/configurators/DevLauncherExpoActivityConfigurator.kt:116:61 'static field FLAG_FORCE_NOT_FULLSCREEN: Int' is deprecated. Deprecated in Java.
w: file:///home/expo/workingdir/build/node_modules/expo-dev-launcher/android/src/main/java/expo/modules/devlauncher/launcher/configurators/DevLauncherExpoActivityConfigurator.kt:118:59 'static field FLAG_FORCE_NOT_FULLSCREEN: Int' is deprecated. Deprecated in Java.
w: file:///home/expo/workingdir/build/node_modules/expo-dev-launcher/android/src/main/java/expo/modules/devlauncher/launcher/configurators/DevLauncherExpoActivityConfigurator.kt:119:61 'static field FLAG_FULLSCREEN: Int' is deprecated. Deprecated in Java.
w: file:///home/expo/workingdir/build/node_modules/expo-dev-launcher/android/src/main/java/expo/modules/devlauncher/launcher/configurators/DevLauncherExpoActivityConfigurator.kt:131:23 'fun replaceSystemWindowInsets(p0: Int, p1: Int, p2: Int, p3: Int): WindowInsets' is deprecated. Deprecated in Java.
w: file:///home/expo/workingdir/build/node_modules/expo-dev-launcher/android/src/main/java/expo/modules/devlauncher/launcher/configurators/DevLauncherExpoActivityConfigurator.kt:132:25 'val systemWindowInsetLeft: Int' is deprecated. Deprecated in Java.
w: file:///home/expo/workingdir/build/node_modules/expo-dev-launcher/android/src/main/java/expo/modules/devlauncher/launcher/configurators/DevLauncherExpoActivityConfigurator.kt:134:25 'val systemWindowInsetRight: Int' is deprecated. Deprecated in Java.
w: file:///home/expo/workingdir/build/node_modules/expo-dev-launcher/android/src/main/java/expo/modules/devlauncher/launcher/configurators/DevLauncherExpoActivityConfigurator.kt:135:25 'val systemWindowInsetBottom: Int' is deprecated. Deprecated in Java.
w: file:///home/expo/workingdir/build/node_modules/expo-dev-launcher/android/src/main/java/expo/modules/devlauncher/launcher/configurators/DevLauncherExpoActivityConfigurator.kt:150:15 'var statusBarColor: Int' is deprecated. Deprecated in Java.
w: file:///home/expo/workingdir/build/node_modules/expo-dev-launcher/android/src/main/java/expo/modules/devlauncher/launcher/configurators/DevLauncherExpoActivityConfigurator.kt:160:63 'static field FLAG_TRANSLUCENT_NAVIGATION: Int' is deprecated. Deprecated in Java.
w: file:///home/expo/workingdir/build/node_modules/expo-dev-launcher/android/src/main/java/expo/modules/devlauncher/launcher/configurators/DevLauncherExpoActivityConfigurator.kt:161:25 'var navigationBarColor: Int' is deprecated. Deprecated in Java.
w: file:///home/expo/workingdir/build/node_modules/expo-dev-launcher/android/src/main/java/expo/modules/devlauncher/launcher/configurators/DevLauncherExpoActivityConfigurator.kt:171:63 'static field FLAG_TRANSLUCENT_NAVIGATION: Int' is deprecated. Deprecated in Java.
w: file:///home/expo/workingdir/build/node_modules/expo-dev-launcher/android/src/main/java/expo/modules/devlauncher/launcher/configurators/DevLauncherExpoActivityConfigurator.kt:175:33 'var systemUiVisibility: Int' is deprecated. Deprecated in Java.
w: file:///home/expo/workingdir/build/node_modules/expo-dev-launcher/android/src/main/java/expo/modules/devlauncher/launcher/configurators/DevLauncherExpoActivityConfigurator.kt:176:33 'static field SYSTEM_UI_FLAG_LIGHT_NAVIGATION_BAR: Int' is deprecated. Deprecated in Java.
w: file:///home/expo/workingdir/build/node_modules/expo-dev-launcher/android/src/main/java/expo/modules/devlauncher/launcher/configurators/DevLauncherExpoActivityConfigurator.kt:177:21 'var systemUiVisibility: Int' is deprecated. Deprecated in Java.
w: file:///home/expo/workingdir/build/node_modules/expo-dev-launcher/android/src/main/java/expo/modules/devlauncher/launcher/configurators/DevLauncherExpoActivityConfigurator.kt:190:29 'var systemUiVisibility: Int' is deprecated. Deprecated in Java.
w: file:///home/expo/workingdir/build/node_modules/expo-dev-launcher/android/src/main/java/expo/modules/devlauncher/launcher/configurators/DevLauncherExpoActivityConfigurator.kt:191:62 'static field SYSTEM_UI_FLAG_HIDE_NAVIGATION: Int' is deprecated. Deprecated in Java.
w: file:///home/expo/workingdir/build/node_modules/expo-dev-launcher/android/src/main/java/expo/modules/devlauncher/launcher/configurators/DevLauncherExpoActivityConfigurator.kt:191:101 'static field SYSTEM_UI_FLAG_FULLSCREEN: Int' is deprecated. Deprecated in Java.
w: file:///home/expo/workingdir/build/node_modules/expo-dev-launcher/android/src/main/java/expo/modules/devlauncher/launcher/configurators/DevLauncherExpoActivityConfigurator.kt:192:63 'static field SYSTEM_UI_FLAG_HIDE_NAVIGATION: Int' is deprecated. Deprecated in Java.
w: file:///home/expo/workingdir/build/node_modules/expo-dev-launcher/android/src/main/java/expo/modules/devlauncher/launcher/configurators/DevLauncherExpoActivityConfigurator.kt:192:102 'static field SYSTEM_UI_FLAG_FULLSCREEN: Int' is deprecated. Deprecated in Java.
w: file:///home/expo/workingdir/build/node_modules/expo-dev-launcher/android/src/main/java/expo/modules/devlauncher/launcher/configurators/DevLauncherExpoActivityConfigurator.kt:192:136 'static field SYSTEM_UI_FLAG_IMMERSIVE: Int' is deprecated. Deprecated in Java.
w: file:///home/expo/workingdir/build/node_modules/expo-dev-launcher/android/src/main/java/expo/modules/devlauncher/launcher/configurators/DevLauncherExpoActivityConfigurator.kt:193:70 'static field SYSTEM_UI_FLAG_HIDE_NAVIGATION: Int' is deprecated. Deprecated in Java.
w: file:///home/expo/workingdir/build/node_modules/expo-dev-launcher/android/src/main/java/expo/modules/devlauncher/launcher/configurators/DevLauncherExpoActivityConfigurator.kt:193:109 'static field SYSTEM_UI_FLAG_FULLSCREEN: Int' is deprecated. Deprecated in Java.
w: file:///home/expo/workingdir/build/node_modules/expo-dev-launcher/android/src/main/java/expo/modules/devlauncher/launcher/configurators/DevLauncherExpoActivityConfigurator.kt:193:143 'static field SYSTEM_UI_FLAG_IMMERSIVE_STICKY: Int' is deprecated. Deprecated in Java.
w: file:///home/expo/workingdir/build/node_modules/expo-dev-launcher/android/src/main/java/expo/modules/devlauncher/launcher/configurators/DevLauncherExpoActivityConfigurator.kt:196:17 'var systemUiVisibility: Int' is deprecated. Deprecated in Java.
> Task :app:mergeExtDexDebug
> Task :expo-json-utils:copyDebugJniLibsProjectOnly
> Task :expo-manifests:mergeDebugJniLibFolders
> Task :expo-manifests:mergeDebugNativeLibs NO-SOURCE
> Task :expo-manifests:copyDebugJniLibsProjectOnly
> Task :expo-updates-interface:mergeDebugJniLibFolders
> Task :expo-updates-interface:mergeDebugNativeLibs NO-SOURCE
> Task :expo-dev-launcher:compileDebugJavaWithJavac
> Task :expo-updates-interface:copyDebugJniLibsProjectOnly
> Task :expo-dev-launcher:bundleLibRuntimeToJarDebug
> Task :expo-dev-launcher:bundleLibCompileToJarDebug
> Task :expo-modules-core:configureCMakeDebug[arm64-v8a]
Checking the license for package CMake 3.22.1 in /home/expo/Android/Sdk/licenses
License for package CMake 3.22.1 accepted.
Preparing "Install CMake 3.22.1 v.3.22.1".
"Install CMake 3.22.1 v.3.22.1" ready.
Installing CMake 3.22.1 in /home/expo/Android/Sdk/cmake/3.22.1
"Install CMake 3.22.1 v.3.22.1" complete.
"Install CMake 3.22.1 v.3.22.1" finished.
> Task :expo-dev-launcher:processDebugJavaRes
> Task :react-native-async-storage_async-storage:mergeDebugJniLibFolders
> Task :react-native-async-storage_async-storage:mergeDebugNativeLibs NO-SOURCE
> Task :react-native-async-storage_async-storage:copyDebugJniLibsProjectOnly
> Task :react-native-community_datetimepicker:mergeDebugJniLibFolders
> Task :react-native-community_datetimepicker:mergeDebugNativeLibs NO-SOURCE
> Task :react-native-community_datetimepicker:copyDebugJniLibsProjectOnly
> Task :react-native-community_netinfo:mergeDebugJniLibFolders
> Task :react-native-community_netinfo:mergeDebugNativeLibs NO-SOURCE
> Task :react-native-community_netinfo:copyDebugJniLibsProjectOnly
> Task :react-native-edge-to-edge:mergeDebugJniLibFolders
> Task :react-native-edge-to-edge:mergeDebugNativeLibs NO-SOURCE
> Task :react-native-edge-to-edge:copyDebugJniLibsProjectOnly
> Task :react-native-geolocation-service:mergeDebugJniLibFolders
> Task :react-native-geolocation-service:mergeDebugNativeLibs NO-SOURCE
> Task :react-native-geolocation-service:copyDebugJniLibsProjectOnly
> Task :react-native-gesture-handler:mergeDebugJniLibFolders
> Task :react-native-gesture-handler:mergeDebugNativeLibs NO-SOURCE
> Task :react-native-gesture-handler:copyDebugJniLibsProjectOnly
> Task :react-native-maps:mergeDebugJniLibFolders
> Task :react-native-maps:mergeDebugNativeLibs NO-SOURCE
> Task :react-native-maps:copyDebugJniLibsProjectOnly
> Task :react-native-picker_picker:mergeDebugJniLibFolders
> Task :react-native-picker_picker:mergeDebugNativeLibs NO-SOURCE
> Task :react-native-picker_picker:copyDebugJniLibsProjectOnly
> Task :expo-modules-core:configureCMakeDebug[arm64-v8a]
C/C++: CMake Warning:
C/C++:   Manually-specified variables were not used by the project:
C/C++:     ANDROID_SUPPORT_FLEXIBLE_PAGE_SIZES
> Task :react-native-reanimated:configureCMakeDebug[arm64-v8a]
C/C++: CMake Warning:
C/C++:   Manually-specified variables were not used by the project:
C/C++:     ANDROID_SUPPORT_FLEXIBLE_PAGE_SIZES
> Task :expo:compileDebugKotlin
w: file:///home/expo/workingdir/build/node_modules/expo/android/src/main/java/expo/modules/fetch/ExpoFetchModule.kt:30:39 'constructor(reactContext: ReactContext): ForwardingCookieHandler' is deprecated. Use the default constructor.
w: file:///home/expo/workingdir/build/node_modules/expo/android/src/main/java/expo/modules/fetch/NativeResponse.kt:41:16 This declaration overrides a deprecated member but is not marked as deprecated itself. Please add the '@Deprecated' annotation or suppress the diagnostic.
w: file:///home/expo/workingdir/build/node_modules/expo/android/src/main/java/expo/modules/fetch/NativeResponse.kt:43:11 'fun deallocate(): Unit' is deprecated. Use sharedObjectDidRelease() instead.
> Task :expo:compileDebugJavaWithJavac
> Task :expo:bundleLibCompileToJarDebug
> Task :expo-modules-core:buildCMakeDebug[arm64-v8a]
C/C++: ninja: Entering directory `/home/expo/workingdir/build/node_modules/expo-modules-core/android/.cxx/Debug/y22k5y5u/arm64-v8a'
C/C++: /home/expo/Android/Sdk/ndk/25.2.9519653/toolchains/llvm/prebuilt/linux-x86_64/bin/clang++ --target=aarch64-none-linux-android24 --sysroot=/home/expo/Android/Sdk/ndk/25.2.9519653/toolchains/llvm/prebuilt/linux-x86_64/sysroot -Dexpo_modules_core_EXPORTS -I/home/expo/.gradle/caches/8.13/transforms/ed771317cb2da92ce986873cffcba24a/transformed/jetified-react-android-0.79.5-debug/prefab/modules/reactnative/include/react -I/home/expo/workingdir/build/node_modules/react-native/ReactAndroid/src/main/jni/react/turbomodule -I/home/expo/workingdir/build/node_modules/expo-modules-core/android/../common/cpp -I/home/expo/workingdir/build/node_modules/expo-modules-core/android/src/fabric -isystem /home/expo/.gradle/caches/8.13/transforms/e4a38a5dcab30c174afc48dae839e225/transformed/jetified-fbjni-0.7.0/prefab/modules/fbjni/include -isystem /home/expo/.gradle/caches/8.13/transforms/ed771317cb2da92ce986873cffcba24a/transformed/jetified-react-android-0.79.5-debug/prefab/modules/jsi/include -isystem /home/expo/.gradle/caches/8.13/transforms/ed771317cb2da92ce986873cffcba24a/transformed/jetified-react-android-0.79.5-debug/prefab/modules/reactnative/include -g -DANDROID -fdata-sections -ffunction-sections -funwind-tables -fstack-protector-strong -no-canonical-prefixes -D_FORTIFY_SOURCE=2 -Wformat -Werror=format-security   -DREACT_NATIVE_TARGET_VERSION=79 -fno-limit-debug-info  -fPIC -DFOLLY_NO_CONFIG=1 -DFOLLY_HAVE_CLOCK_GETTIME=1 -DFOLLY_USE_LIBCPP=1 -DFOLLY_CFG_NO_COROUTINES=1 -DFOLLY_MOBILE=1 -DFOLLY_HAVE_RECVMMSG=1 -DFOLLY_HAVE_PTHREAD=1 -DFOLLY_HAVE_XSI_STRERROR_R=1 -O2 -frtti -fexceptions -Wall -fstack-protector-all -DUSE_HERMES=0 -DUNIT_TEST=0 -std=gnu++20 -MD -MT CMakeFiles/expo-modules-core.dir/src/main/cpp/Exceptions.cpp.o -MF CMakeFiles/expo-modules-core.dir/src/main/cpp/Exceptions.cpp.o.d -o CMakeFiles/expo-modules-core.dir/src/main/cpp/Exceptions.cpp.o -c /home/expo/workingdir/build/node_modules/expo-modules-core/android/src/main/cpp/Exceptions.cpp
C/C++: In file included from /home/expo/workingdir/build/node_modules/expo-modules-core/android/src/main/cpp/Exceptions.cpp:5:
C/C++: In file included from /home/expo/workingdir/build/node_modules/expo-modules-core/android/src/main/cpp/JSIContext.h:7:
C/C++: In file included from /home/expo/workingdir/build/node_modules/expo-modules-core/android/src/main/cpp/JavaScriptValue.h:7:
C/C++: In file included from /home/expo/workingdir/build/node_modules/expo-modules-core/android/src/main/cpp/JavaScriptTypedArray.h:4:
C/C++: In file included from /home/expo/workingdir/build/node_modules/expo-modules-core/android/src/main/cpp/JavaScriptObject.h:9:
C/C++: In file included from /home/expo/workingdir/build/node_modules/expo-modules-core/android/src/main/cpp/JNIFunctionBody.h:6:
C/C++: In file included from /home/expo/.gradle/caches/8.13/transforms/ed771317cb2da92ce986873cffcba24a/transformed/jetified-react-android-0.79.5-debug/prefab/modules/reactnative/include/react/jni/ReadableNativeArray.h:10:
C/C++: In file included from /home/expo/.gradle/caches/8.13/transforms/ed771317cb2da92ce986873cffcba24a/transformed/jetified-react-android-0.79.5-debug/prefab/modules/reactnative/include/react/jni/NativeArray.h:11:
C/C++: In file included from /home/expo/.gradle/caches/8.13/transforms/ed771317cb2da92ce986873cffcba24a/transformed/jetified-react-android-0.79.5-debug/prefab/modules/reactnative/include/folly/dynamic.h:17:
C/C++: In file included from /home/expo/.gradle/caches/8.13/transforms/ed771317cb2da92ce986873cffcba24a/transformed/jetified-react-android-0.79.5-debug/prefab/modules/reactnative/include/folly/json/dynamic.h:74:
C/C++: In file included from /home/expo/.gradle/caches/8.13/transforms/ed771317cb2da92ce986873cffcba24a/transformed/jetified-react-android-0.79.5-debug/prefab/modules/reactnative/include/folly/container/F14Map.h:41:
C/C++: In file included from /home/expo/.gradle/caches/8.13/transforms/ed771317cb2da92ce986873cffcba24a/transformed/jetified-react-android-0.79.5-debug/prefab/modules/reactnative/include/folly/container/detail/F14MapFallback.h:26:
C/C++: /home/expo/.gradle/caches/8.13/transforms/ed771317cb2da92ce986873cffcba24a/transformed/jetified-react-android-0.79.5-debug/prefab/modules/reactnative/include/folly/container/detail/F14Table.h:254:20: error: no member named 'regular' in namespace 'std'
C/C++: static_assert(std::regular<F14HashToken>);
C/C++:               ~~~~~^
C/C++: /home/expo/.gradle/caches/8.13/transforms/ed771317cb2da92ce986873cffcba24a/transformed/jetified-react-android-0.79.5-debug/prefab/modules/reactnative/include/folly/container/detail/F14Table.h:254:28: error: 'F14HashToken' does not refer to a value
C/C++: static_assert(std::regular<F14HashToken>);
C/C++:                            ^
C/C++: /home/expo/.gradle/caches/8.13/transforms/ed771317cb2da92ce986873cffcba24a/transformed/jetified-react-android-0.79.5-debug/prefab/modules/reactnative/include/folly/container/detail/F14Table.h:241:7: note: declared here
C/C++: class F14HashToken final {
C/C++:       ^
C/C++: /home/expo/.gradle/caches/8.13/transforms/ed771317cb2da92ce986873cffcba24a/transformed/jetified-react-android-0.79.5-debug/prefab/modules/reactnative/include/folly/container/detail/F14Table.h:254:41: error: expected expression
C/C++: static_assert(std::regular<F14HashToken>);
C/C++:                                         ^
C/C++: 3 errors generated.
C/C++: /home/expo/Android/Sdk/ndk/25.2.9519653/toolchains/llvm/prebuilt/linux-x86_64/bin/clang++ --target=aarch64-none-linux-android24 --sysroot=/home/expo/Android/Sdk/ndk/25.2.9519653/toolchains/llvm/prebuilt/linux-x86_64/sysroot -Dexpo_modules_core_EXPORTS -I/home/expo/.gradle/caches/8.13/transforms/ed771317cb2da92ce986873cffcba24a/transformed/jetified-react-android-0.79.5-debug/prefab/modules/reactnative/include/react -I/home/expo/workingdir/build/node_modules/react-native/ReactAndroid/src/main/jni/react/turbomodule -I/home/expo/workingdir/build/node_modules/expo-modules-core/android/../common/cpp -I/home/expo/workingdir/build/node_modules/expo-modules-core/android/src/fabric -isystem /home/expo/.gradle/caches/8.13/transforms/e4a38a5dcab30c174afc48dae839e225/transformed/jetified-fbjni-0.7.0/prefab/modules/fbjni/include -isystem /home/expo/.gradle/caches/8.13/transforms/ed771317cb2da92ce986873cffcba24a/transformed/jetified-react-android-0.79.5-debug/prefab/modules/jsi/include -isystem /home/expo/.gradle/caches/8.13/transforms/ed771317cb2da92ce986873cffcba24a/transformed/jetified-react-android-0.79.5-debug/prefab/modules/reactnative/include -g -DANDROID -fdata-sections -ffunction-sections -funwind-tables -fstack-protector-strong -no-canonical-prefixes -D_FORTIFY_SOURCE=2 -Wformat -Werror=format-security   -DREACT_NATIVE_TARGET_VERSION=79 -fno-limit-debug-info  -fPIC -DFOLLY_NO_CONFIG=1 -DFOLLY_HAVE_CLOCK_GETTIME=1 -DFOLLY_USE_LIBCPP=1 -DFOLLY_CFG_NO_COROUTINES=1 -DFOLLY_MOBILE=1 -DFOLLY_HAVE_RECVMMSG=1 -DFOLLY_HAVE_PTHREAD=1 -DFOLLY_HAVE_XSI_STRERROR_R=1 -O2 -frtti -fexceptions -Wall -fstack-protector-all -DUSE_HERMES=0 -DUNIT_TEST=0 -std=gnu++20 -MD -MT CMakeFiles/expo-modules-core.dir/src/main/cpp/JNIInjector.cpp.o -MF CMakeFiles/expo-modules-core.dir/src/main/cpp/JNIInjector.cpp.o.d -o CMakeFiles/expo-modules-core.dir/src/main/cpp/JNIInjector.cpp.o -c /home/expo/workingdir/build/node_modules/expo-modules-core/android/src/main/cpp/JNIInjector.cpp
C/C++: In file included from /home/expo/workingdir/build/node_modules/expo-modules-core/android/src/main/cpp/JNIInjector.cpp:4:
C/C++: In file included from /home/expo/workingdir/build/node_modules/expo-modules-core/android/src/main/cpp/JSIContext.h:7:
C/C++: In file included from /home/expo/workingdir/build/node_modules/expo-modules-core/android/src/main/cpp/JavaScriptValue.h:7:
C/C++: In file included from /home/expo/workingdir/build/node_modules/expo-modules-core/android/src/main/cpp/JavaScriptTypedArray.h:4:
C/C++: In file included from /home/expo/workingdir/build/node_modules/expo-modules-core/android/src/main/cpp/JavaScriptObject.h:9:
C/C++: In file included from /home/expo/workingdir/build/node_modules/expo-modules-core/android/src/main/cpp/JNIFunctionBody.h:6:
C/C++: In file included from /home/expo/.gradle/caches/8.13/transforms/ed771317cb2da92ce986873cffcba24a/transformed/jetified-react-android-0.79.5-debug/prefab/modules/reactnative/include/react/jni/ReadableNativeArray.h:10:
C/C++: In file included from /home/expo/.gradle/caches/8.13/transforms/ed771317cb2da92ce986873cffcba24a/transformed/jetified-react-android-0.79.5-debug/prefab/modules/reactnative/include/react/jni/NativeArray.h:11:
C/C++: In file included from /home/expo/.gradle/caches/8.13/transforms/ed771317cb2da92ce986873cffcba24a/transformed/jetified-react-android-0.79.5-debug/prefab/modules/reactnative/include/folly/dynamic.h:17:
C/C++: In file included from /home/expo/.gradle/caches/8.13/transforms/ed771317cb2da92ce986873cffcba24a/transformed/jetified-react-android-0.79.5-debug/prefab/modules/reactnative/include/folly/json/dynamic.h:74:
C/C++: In file included from /home/expo/.gradle/caches/8.13/transforms/ed771317cb2da92ce986873cffcba24a/transformed/jetified-react-android-0.79.5-debug/prefab/modules/reactnative/include/folly/container/F14Map.h:41:
C/C++: In file included from /home/expo/.gradle/caches/8.13/transforms/ed771317cb2da92ce986873cffcba24a/transformed/jetified-react-android-0.79.5-debug/prefab/modules/reactnative/include/folly/container/detail/F14MapFallback.h:26:
C/C++: /home/expo/.gradle/caches/8.13/transforms/ed771317cb2da92ce986873cffcba24a/transformed/jetified-react-android-0.79.5-debug/prefab/modules/reactnative/include/folly/container/detail/F14Table.h:254:20: error: no member named 'regular' in namespace 'std'
C/C++: static_assert(std::regular<F14HashToken>);
C/C++:               ~~~~~^
C/C++: /home/expo/.gradle/caches/8.13/transforms/ed771317cb2da92ce986873cffcba24a/transformed/jetified-react-android-0.79.5-debug/prefab/modules/reactnative/include/folly/container/detail/F14Table.h:254:28: error: 'F14HashToken' does not refer to a value
C/C++: static_assert(std::regular<F14HashToken>);
C/C++:                            ^
C/C++: /home/expo/.gradle/caches/8.13/transforms/ed771317cb2da92ce986873cffcba24a/transformed/jetified-react-android-0.79.5-debug/prefab/modules/reactnative/include/folly/container/detail/F14Table.h:241:7: note: declared here
C/C++: class F14HashToken final {
C/C++:       ^
C/C++: /home/expo/.gradle/caches/8.13/transforms/ed771317cb2da92ce986873cffcba24a/transformed/jetified-react-android-0.79.5-debug/prefab/modules/reactnative/include/folly/container/detail/F14Table.h:254:41: error: expected expression
C/C++: static_assert(std::regular<F14HashToken>);
C/C++:                                         ^
C/C++: 3 errors generated.
C/C++: /home/expo/Android/Sdk/ndk/25.2.9519653/toolchains/llvm/prebuilt/linux-x86_64/bin/clang++ --target=aarch64-none-linux-android24 --sysroot=/home/expo/Android/Sdk/ndk/25.2.9519653/toolchains/llvm/prebuilt/linux-x86_64/sysroot -Dexpo_modules_core_EXPORTS -I/home/expo/.gradle/caches/8.13/transforms/ed771317cb2da92ce986873cffcba24a/transformed/jetified-react-android-0.79.5-debug/prefab/modules/reactnative/include/react -I/home/expo/workingdir/build/node_modules/react-native/ReactAndroid/src/main/jni/react/turbomodule -I/home/expo/workingdir/build/node_modules/expo-modules-core/android/../common/cpp -I/home/expo/workingdir/build/node_modules/expo-modules-core/android/src/fabric -isystem /home/expo/.gradle/caches/8.13/transforms/e4a38a5dcab30c174afc48dae839e225/transformed/jetified-fbjni-0.7.0/prefab/modules/fbjni/include -isystem /home/expo/.gradle/caches/8.13/transforms/ed771317cb2da92ce986873cffcba24a/transformed/jetified-react-android-0.79.5-debug/prefab/modules/jsi/include -isystem /home/expo/.gradle/caches/8.13/transforms/ed771317cb2da92ce986873cffcba24a/transformed/jetified-react-android-0.79.5-debug/prefab/modules/reactnative/include -g -DANDROID -fdata-sections -ffunction-sections -funwind-tables -fstack-protector-strong -no-canonical-prefixes -D_FORTIFY_SOURCE=2 -Wformat -Werror=format-security   -DREACT_NATIVE_TARGET_VERSION=79 -fno-limit-debug-info  -fPIC -DFOLLY_NO_CONFIG=1 -DFOLLY_HAVE_CLOCK_GETTIME=1 -DFOLLY_USE_LIBCPP=1 -DFOLLY_CFG_NO_COROUTINES=1 -DFOLLY_MOBILE=1 -DFOLLY_HAVE_RECVMMSG=1 -DFOLLY_HAVE_PTHREAD=1 -DFOLLY_HAVE_XSI_STRERROR_R=1 -O2 -frtti -fexceptions -Wall -fstack-protector-all -DUSE_HERMES=0 -DUNIT_TEST=0 -std=gnu++20 -MD -MT CMakeFiles/expo-modules-core.dir/src/main/cpp/ExpoModulesHostObject.cpp.o -MF CMakeFiles/expo-modules-core.dir/src/main/cpp/ExpoModulesHostObject.cpp.o.d -o CMakeFiles/expo-modules-core.dir/src/main/cpp/ExpoModulesHostObject.cpp.o -c /home/expo/workingdir/build/node_modules/expo-modules-core/android/src/main/cpp/ExpoModulesHostObject.cpp
C/C++: In file included from /home/expo/workingdir/build/node_modules/expo-modules-core/android/src/main/cpp/ExpoModulesHostObject.cpp:3:
C/C++: In file included from /home/expo/workingdir/build/node_modules/expo-modules-core/android/src/main/cpp/ExpoModulesHostObject.h:5:
C/C++: In file included from /home/expo/workingdir/build/node_modules/expo-modules-core/android/src/main/cpp/JSIContext.h:7:
C/C++: In file included from /home/expo/workingdir/build/node_modules/expo-modules-core/android/src/main/cpp/JavaScriptValue.h:7:
C/C++: In file included from /home/expo/workingdir/build/node_modules/expo-modules-core/android/src/main/cpp/JavaScriptTypedArray.h:4:
C/C++: In file included from /home/expo/workingdir/build/node_modules/expo-modules-core/android/src/main/cpp/JavaScriptObject.h:9:
C/C++: In file included from /home/expo/workingdir/build/node_modules/expo-modules-core/android/src/main/cpp/JNIFunctionBody.h:6:
C/C++: In file included from /home/expo/.gradle/caches/8.13/transforms/ed771317cb2da92ce986873cffcba24a/transformed/jetified-react-android-0.79.5-debug/prefab/modules/reactnative/include/react/jni/ReadableNativeArray.h:10:
C/C++: In file included from /home/expo/.gradle/caches/8.13/transforms/ed771317cb2da92ce986873cffcba24a/transformed/jetified-react-android-0.79.5-debug/prefab/modules/reactnative/include/react/jni/NativeArray.h:11:
C/C++: In file included from /home/expo/.gradle/caches/8.13/transforms/ed771317cb2da92ce986873cffcba24a/transformed/jetified-react-android-0.79.5-debug/prefab/modules/reactnative/include/folly/dynamic.h:17:
C/C++: In file included from /home/expo/.gradle/caches/8.13/transforms/ed771317cb2da92ce986873cffcba24a/transformed/jetified-react-android-0.79.5-debug/prefab/modules/reactnative/include/folly/json/dynamic.h:74:
C/C++: In file included from /home/expo/.gradle/caches/8.13/transforms/ed771317cb2da92ce986873cffcba24a/transformed/jetified-react-android-0.79.5-debug/prefab/modules/reactnative/include/folly/container/F14Map.h:41:
C/C++: In file included from /home/expo/.gradle/caches/8.13/transforms/ed771317cb2da92ce986873cffcba24a/transformed/jetified-react-android-0.79.5-debug/prefab/modules/reactnative/include/folly/container/detail/F14MapFallback.h:26:
C/C++: /home/expo/.gradle/caches/8.13/transforms/ed771317cb2da92ce986873cffcba24a/transformed/jetified-react-android-0.79.5-debug/prefab/modules/reactnative/include/folly/container/detail/F14Table.h:254:20: error: no member named 'regular' in namespace 'std'
C/C++: static_assert(std::regular<F14HashToken>);
C/C++:               ~~~~~^
C/C++: /home/expo/.gradle/caches/8.13/transforms/ed771317cb2da92ce986873cffcba24a/transformed/jetified-react-android-0.79.5-debug/prefab/modules/reactnative/include/folly/container/detail/F14Table.h:254:28: error: 'F14HashToken' does not refer to a value
C/C++: static_assert(std::regular<F14HashToken>);
C/C++:                            ^
C/C++: /home/expo/.gradle/caches/8.13/transforms/ed771317cb2da92ce986873cffcba24a/transformed/jetified-react-android-0.79.5-debug/prefab/modules/reactnative/include/folly/container/detail/F14Table.h:241:7: note: declared here
C/C++: class F14HashToken final {
C/C++:       ^
C/C++: /home/expo/.gradle/caches/8.13/transforms/ed771317cb2da92ce986873cffcba24a/transformed/jetified-react-android-0.79.5-debug/prefab/modules/reactnative/include/folly/container/detail/F14Table.h:254:41: error: expected expression
C/C++: static_assert(std::regular<F14HashToken>);
C/C++:                                         ^
C/C++: 3 errors generated.
> Task :app:compileDebugKotlin
> Task :expo-modules-core:buildCMakeDebug[arm64-v8a]
C/C++: /home/expo/Android/Sdk/ndk/25.2.9519653/toolchains/llvm/prebuilt/linux-x86_64/bin/clang++ --target=aarch64-none-linux-android24 --sysroot=/home/expo/Android/Sdk/ndk/25.2.9519653/toolchains/llvm/prebuilt/linux-x86_64/sysroot -Dexpo_modules_core_EXPORTS -I/home/expo/.gradle/caches/8.13/transforms/ed771317cb2da92ce986873cffcba24a/transformed/jetified-react-android-0.79.5-debug/prefab/modules/reactnative/include/react -I/home/expo/workingdir/build/node_modules/react-native/ReactAndroid/src/main/jni/react/turbomodule -I/home/expo/workingdir/build/node_modules/expo-modules-core/android/../common/cpp -I/home/expo/workingdir/build/node_modules/expo-modules-core/android/src/fabric -isystem /home/expo/.gradle/caches/8.13/transforms/e4a38a5dcab30c174afc48dae839e225/transformed/jetified-fbjni-0.7.0/prefab/modules/fbjni/include -isystem /home/expo/.gradle/caches/8.13/transforms/ed771317cb2da92ce986873cffcba24a/transformed/jetified-react-android-0.79.5-debug/prefab/modules/jsi/include -isystem /home/expo/.gradle/caches/8.13/transforms/ed771317cb2da92ce986873cffcba24a/transformed/jetified-react-android-0.79.5-debug/prefab/modules/reactnative/include -g -DANDROID -fdata-sections -ffunction-sections -funwind-tables -fstack-protector-strong -no-canonical-prefixes -D_FORTIFY_SOURCE=2 -Wformat -Werror=format-security   -DREACT_NATIVE_TARGET_VERSION=79 -fno-limit-debug-info  -fPIC -DFOLLY_NO_CONFIG=1 -DFOLLY_HAVE_CLOCK_GETTIME=1 -DFOLLY_USE_LIBCPP=1 -DFOLLY_CFG_NO_COROUTINES=1 -DFOLLY_MOBILE=1 -DFOLLY_HAVE_RECVMMSG=1 -DFOLLY_HAVE_PTHREAD=1 -DFOLLY_HAVE_XSI_STRERROR_R=1 -O2 -frtti -fexceptions -Wall -fstack-protector-all -DUSE_HERMES=0 -DUNIT_TEST=0 -std=gnu++20 -MD -MT CMakeFiles/expo-modules-core.dir/src/main/cpp/JNIFunctionBody.cpp.o -MF CMakeFiles/expo-modules-core.dir/src/main/cpp/JNIFunctionBody.cpp.o.d -o CMakeFiles/expo-modules-core.dir/src/main/cpp/JNIFunctionBody.cpp.o -c /home/expo/workingdir/build/node_modules/expo-modules-core/android/src/main/cpp/JNIFunctionBody.cpp
C/C++: In file included from /home/expo/workingdir/build/node_modules/expo-modules-core/android/src/main/cpp/JNIFunctionBody.cpp:3:
C/C++: In file included from /home/expo/workingdir/build/node_modules/expo-modules-core/android/src/main/cpp/JNIFunctionBody.h:6:
C/C++: In file included from /home/expo/.gradle/caches/8.13/transforms/ed771317cb2da92ce986873cffcba24a/transformed/jetified-react-android-0.79.5-debug/prefab/modules/reactnative/include/react/jni/ReadableNativeArray.h:10:
C/C++: In file included from /home/expo/.gradle/caches/8.13/transforms/ed771317cb2da92ce986873cffcba24a/transformed/jetified-react-android-0.79.5-debug/prefab/modules/reactnative/include/react/jni/NativeArray.h:11:
C/C++: In file included from /home/expo/.gradle/caches/8.13/transforms/ed771317cb2da92ce986873cffcba24a/transformed/jetified-react-android-0.79.5-debug/prefab/modules/reactnative/include/folly/dynamic.h:17:
C/C++: In file included from /home/expo/.gradle/caches/8.13/transforms/ed771317cb2da92ce986873cffcba24a/transformed/jetified-react-android-0.79.5-debug/prefab/modules/reactnative/include/folly/json/dynamic.h:74:
C/C++: In file included from /home/expo/.gradle/caches/8.13/transforms/ed771317cb2da92ce986873cffcba24a/transformed/jetified-react-android-0.79.5-debug/prefab/modules/reactnative/include/folly/container/F14Map.h:41:
C/C++: In file included from /home/expo/.gradle/caches/8.13/transforms/ed771317cb2da92ce986873cffcba24a/transformed/jetified-react-android-0.79.5-debug/prefab/modules/reactnative/include/folly/container/detail/F14MapFallback.h:26:
C/C++: /home/expo/.gradle/caches/8.13/transforms/ed771317cb2da92ce986873cffcba24a/transformed/jetified-react-android-0.79.5-debug/prefab/modules/reactnative/include/folly/container/detail/F14Table.h:254:20: error: no member named 'regular' in namespace 'std'
C/C++: static_assert(std::regular<F14HashToken>);
C/C++:               ~~~~~^
C/C++: /home/expo/.gradle/caches/8.13/transforms/ed771317cb2da92ce986873cffcba24a/transformed/jetified-react-android-0.79.5-debug/prefab/modules/reactnative/include/folly/container/detail/F14Table.h:254:28: error: 'F14HashToken' does not refer to a value
C/C++: static_assert(std::regular<F14HashToken>);
C/C++:                            ^
C/C++: /home/expo/.gradle/caches/8.13/transforms/ed771317cb2da92ce986873cffcba24a/transformed/jetified-react-android-0.79.5-debug/prefab/modules/reactnative/include/folly/container/detail/F14Table.h:241:7: note: declared here
C/C++: class F14HashToken final {
C/C++:       ^
C/C++: /home/expo/.gradle/caches/8.13/transforms/ed771317cb2da92ce986873cffcba24a/transformed/jetified-react-android-0.79.5-debug/prefab/modules/reactnative/include/folly/container/detail/F14Table.h:254:41: error: expected expression
C/C++: static_assert(std::regular<F14HashToken>);
C/C++:                                         ^
C/C++: 3 errors generated.
> Task :app:compileDebugJavaWithJavac
> Task :expo:bundleLibRuntimeToJarDebug
> Task :expo-modules-core:buildCMakeDebug[arm64-v8a]
C/C++: /home/expo/Android/Sdk/ndk/25.2.9519653/toolchains/llvm/prebuilt/linux-x86_64/bin/clang++ --target=aarch64-none-linux-android24 --sysroot=/home/expo/Android/Sdk/ndk/25.2.9519653/toolchains/llvm/prebuilt/linux-x86_64/sysroot -Dexpo_modules_core_EXPORTS -I/home/expo/.gradle/caches/8.13/transforms/ed771317cb2da92ce986873cffcba24a/transformed/jetified-react-android-0.79.5-debug/prefab/modules/reactnative/include/react -I/home/expo/workingdir/build/node_modules/react-native/ReactAndroid/src/main/jni/react/turbomodule -I/home/expo/workingdir/build/node_modules/expo-modules-core/android/../common/cpp -I/home/expo/workingdir/build/node_modules/expo-modules-core/android/src/fabric -isystem /home/expo/.gradle/caches/8.13/transforms/e4a38a5dcab30c174afc48dae839e225/transformed/jetified-fbjni-0.7.0/prefab/modules/fbjni/include -isystem /home/expo/.gradle/caches/8.13/transforms/ed771317cb2da92ce986873cffcba24a/transformed/jetified-react-android-0.79.5-debug/prefab/modules/jsi/include -isystem /home/expo/.gradle/caches/8.13/transforms/ed771317cb2da92ce986873cffcba24a/transformed/jetified-react-android-0.79.5-debug/prefab/modules/reactnative/include -g -DANDROID -fdata-sections -ffunction-sections -funwind-tables -fstack-protector-strong -no-canonical-prefixes -D_FORTIFY_SOURCE=2 -Wformat -Werror=format-security   -DREACT_NATIVE_TARGET_VERSION=79 -fno-limit-debug-info  -fPIC -DFOLLY_NO_CONFIG=1 -DFOLLY_HAVE_CLOCK_GETTIME=1 -DFOLLY_USE_LIBCPP=1 -DFOLLY_CFG_NO_COROUTINES=1 -DFOLLY_MOBILE=1 -DFOLLY_HAVE_RECVMMSG=1 -DFOLLY_HAVE_PTHREAD=1 -DFOLLY_HAVE_XSI_STRERROR_R=1 -O2 -frtti -fexceptions -Wall -fstack-protector-all -DUSE_HERMES=0 -DUNIT_TEST=0 -std=gnu++20 -MD -MT CMakeFiles/expo-modules-core.dir/src/main/cpp/JNIUtils.cpp.o -MF CMakeFiles/expo-modules-core.dir/src/main/cpp/JNIUtils.cpp.o.d -o CMakeFiles/expo-modules-core.dir/src/main/cpp/JNIUtils.cpp.o -c /home/expo/workingdir/build/node_modules/expo-modules-core/android/src/main/cpp/JNIUtils.cpp
C/C++: In file included from /home/expo/workingdir/build/node_modules/expo-modules-core/android/src/main/cpp/JNIUtils.cpp:3:
C/C++: In file included from /home/expo/workingdir/build/node_modules/expo-modules-core/android/src/main/cpp/JNIUtils.h:10:
C/C++: In file included from /home/expo/.gradle/caches/8.13/transforms/ed771317cb2da92ce986873cffcba24a/transformed/jetified-react-android-0.79.5-debug/prefab/modules/reactnative/include/react/jni/ReadableNativeMap.h:11:
C/C++: In file included from /home/expo/.gradle/caches/8.13/transforms/ed771317cb2da92ce986873cffcba24a/transformed/jetified-react-android-0.79.5-debug/prefab/modules/reactnative/include/folly/dynamic.h:17:
C/C++: In file included from /home/expo/.gradle/caches/8.13/transforms/ed771317cb2da92ce986873cffcba24a/transformed/jetified-react-android-0.79.5-debug/prefab/modules/reactnative/include/folly/json/dynamic.h:74:
C/C++: In file included from /home/expo/.gradle/caches/8.13/transforms/ed771317cb2da92ce986873cffcba24a/transformed/jetified-react-android-0.79.5-debug/prefab/modules/reactnative/include/folly/container/F14Map.h:41:
C/C++: In file included from /home/expo/.gradle/caches/8.13/transforms/ed771317cb2da92ce986873cffcba24a/transformed/jetified-react-android-0.79.5-debug/prefab/modules/reactnative/include/folly/container/detail/F14MapFallback.h:26:
C/C++: /home/expo/.gradle/caches/8.13/transforms/ed771317cb2da92ce986873cffcba24a/transformed/jetified-react-android-0.79.5-debug/prefab/modules/reactnative/include/folly/container/detail/F14Table.h:254:20: error: no member named 'regular' in namespace 'std'
C/C++: static_assert(std::regular<F14HashToken>);
C/C++:               ~~~~~^
C/C++: /home/expo/.gradle/caches/8.13/transforms/ed771317cb2da92ce986873cffcba24a/transformed/jetified-react-android-0.79.5-debug/prefab/modules/reactnative/include/folly/container/detail/F14Table.h:254:28: error: 'F14HashToken' does not refer to a value
C/C++: static_assert(std::regular<F14HashToken>);
C/C++:                            ^
C/C++: /home/expo/.gradle/caches/8.13/transforms/ed771317cb2da92ce986873cffcba24a/transformed/jetified-react-android-0.79.5-debug/prefab/modules/reactnative/include/folly/container/detail/F14Table.h:241:7: note: declared here
C/C++: class F14HashToken final {
C/C++:       ^
C/C++: /home/expo/.gradle/caches/8.13/transforms/ed771317cb2da92ce986873cffcba24a/transformed/jetified-react-android-0.79.5-debug/prefab/modules/reactnative/include/folly/container/detail/F14Table.h:254:41: error: expected expression
C/C++: static_assert(std::regular<F14HashToken>);
C/C++:                                         ^
C/C++: 3 errors generated.
C/C++: /home/expo/Android/Sdk/ndk/25.2.9519653/toolchains/llvm/prebuilt/linux-x86_64/bin/clang++ --target=aarch64-none-linux-android24 --sysroot=/home/expo/Android/Sdk/ndk/25.2.9519653/toolchains/llvm/prebuilt/linux-x86_64/sysroot -Dexpo_modules_core_EXPORTS -I/home/expo/.gradle/caches/8.13/transforms/ed771317cb2da92ce986873cffcba24a/transformed/jetified-react-android-0.79.5-debug/prefab/modules/reactnative/include/react -I/home/expo/workingdir/build/node_modules/react-native/ReactAndroid/src/main/jni/react/turbomodule -I/home/expo/workingdir/build/node_modules/expo-modules-core/android/../common/cpp -I/home/expo/workingdir/build/node_modules/expo-modules-core/android/src/fabric -isystem /home/expo/.gradle/caches/8.13/transforms/e4a38a5dcab30c174afc48dae839e225/transformed/jetified-fbjni-0.7.0/prefab/modules/fbjni/include -isystem /home/expo/.gradle/caches/8.13/transforms/ed771317cb2da92ce986873cffcba24a/transformed/jetified-react-android-0.79.5-debug/prefab/modules/jsi/include -isystem /home/expo/.gradle/caches/8.13/transforms/ed771317cb2da92ce986873cffcba24a/transformed/jetified-react-android-0.79.5-debug/prefab/modules/reactnative/include -g -DANDROID -fdata-sections -ffunction-sections -funwind-tables -fstack-protector-strong -no-canonical-prefixes -D_FORTIFY_SOURCE=2 -Wformat -Werror=format-security   -DREACT_NATIVE_TARGET_VERSION=79 -fno-limit-debug-info  -fPIC -DFOLLY_NO_CONFIG=1 -DFOLLY_HAVE_CLOCK_GETTIME=1 -DFOLLY_USE_LIBCPP=1 -DFOLLY_CFG_NO_COROUTINES=1 -DFOLLY_MOBILE=1 -DFOLLY_HAVE_RECVMMSG=1 -DFOLLY_HAVE_PTHREAD=1 -DFOLLY_HAVE_XSI_STRERROR_R=1 -O2 -frtti -fexceptions -Wall -fstack-protector-all -DUSE_HERMES=0 -DUNIT_TEST=0 -std=gnu++20 -MD -MT CMakeFiles/expo-modules-core.dir/src/main/cpp/JSIContext.cpp.o -MF CMakeFiles/expo-modules-core.dir/src/main/cpp/JSIContext.cpp.o.d -o CMakeFiles/expo-modules-core.dir/src/main/cpp/JSIContext.cpp.o -c /home/expo/workingdir/build/node_modules/expo-modules-core/android/src/main/cpp/JSIContext.cpp
C/C++: In file included from /home/expo/workingdir/build/node_modules/expo-modules-core/android/src/main/cpp/JSIContext.cpp:3:
C/C++: In file included from /home/expo/workingdir/build/node_modules/expo-modules-core/android/src/main/cpp/JSIContext.h:7:
C/C++: In file included from /home/expo/workingdir/build/node_modules/expo-modules-core/android/src/main/cpp/JavaScriptValue.h:7:
C/C++: In file included from /home/expo/workingdir/build/node_modules/expo-modules-core/android/src/main/cpp/JavaScriptTypedArray.h:4:
C/C++: In file included from /home/expo/workingdir/build/node_modules/expo-modules-core/android/src/main/cpp/JavaScriptObject.h:9:
C/C++: In file included from /home/expo/workingdir/build/node_modules/expo-modules-core/android/src/main/cpp/JNIFunctionBody.h:6:
C/C++: In file included from /home/expo/.gradle/caches/8.13/transforms/ed771317cb2da92ce986873cffcba24a/transformed/jetified-react-android-0.79.5-debug/prefab/modules/reactnative/include/react/jni/ReadableNativeArray.h:10:
C/C++: In file included from /home/expo/.gradle/caches/8.13/transforms/ed771317cb2da92ce986873cffcba24a/transformed/jetified-react-android-0.79.5-debug/prefab/modules/reactnative/include/react/jni/NativeArray.h:11:
C/C++: In file included from /home/expo/.gradle/caches/8.13/transforms/ed771317cb2da92ce986873cffcba24a/transformed/jetified-react-android-0.79.5-debug/prefab/modules/reactnative/include/folly/dynamic.h:17:
C/C++: In file included from /home/expo/.gradle/caches/8.13/transforms/ed771317cb2da92ce986873cffcba24a/transformed/jetified-react-android-0.79.5-debug/prefab/modules/reactnative/include/folly/json/dynamic.h:74:
C/C++: In file included from /home/expo/.gradle/caches/8.13/transforms/ed771317cb2da92ce986873cffcba24a/transformed/jetified-react-android-0.79.5-debug/prefab/modules/reactnative/include/folly/container/F14Map.h:41:
C/C++: In file included from /home/expo/.gradle/caches/8.13/transforms/ed771317cb2da92ce986873cffcba24a/transformed/jetified-react-android-0.79.5-debug/prefab/modules/reactnative/include/folly/container/detail/F14MapFallback.h:26:
C/C++: /home/expo/.gradle/caches/8.13/transforms/ed771317cb2da92ce986873cffcba24a/transformed/jetified-react-android-0.79.5-debug/prefab/modules/reactnative/include/folly/container/detail/F14Table.h:254:20: error: no member named 'regular' in namespace 'std'
C/C++: static_assert(std::regular<F14HashToken>);
C/C++:               ~~~~~^
C/C++: /home/expo/.gradle/caches/8.13/transforms/ed771317cb2da92ce986873cffcba24a/transformed/jetified-react-android-0.79.5-debug/prefab/modules/reactnative/include/folly/container/detail/F14Table.h:254:28: error: 'F14HashToken' does not refer to a value
C/C++: static_assert(std::regular<F14HashToken>);
C/C++:                            ^
C/C++: /home/expo/.gradle/caches/8.13/transforms/ed771317cb2da92ce986873cffcba24a/transformed/jetified-react-android-0.79.5-debug/prefab/modules/reactnative/include/folly/container/detail/F14Table.h:241:7: note: declared here
C/C++: class F14HashToken final {
C/C++:       ^
C/C++: /home/expo/.gradle/caches/8.13/transforms/ed771317cb2da92ce986873cffcba24a/transformed/jetified-react-android-0.79.5-debug/prefab/modules/reactnative/include/folly/container/detail/F14Table.h:254:41: error: expected expression
C/C++: static_assert(std::regular<F14HashToken>);
C/C++:                                         ^
C/C++: 3 errors generated.
> Task :expo-modules-core:buildCMakeDebug[arm64-v8a] FAILED
> Task :react-native-reanimated:buildCMakeDebug[arm64-v8a][reanimated,worklets]
C/C++: ninja: Entering directory `/home/expo/workingdir/build/node_modules/react-native-reanimated/android/.cxx/Debug/3g4h5ry4/arm64-v8a'
C/C++: /home/expo/Android/Sdk/ndk/25.2.9519653/toolchains/llvm/prebuilt/linux-x86_64/bin/clang++ --target=aarch64-none-linux-android24 --sysroot=/home/expo/Android/Sdk/ndk/25.2.9519653/toolchains/llvm/prebuilt/linux-x86_64/sysroot -Dworklets_EXPORTS -I/home/expo/workingdir/build/node_modules/react-native-reanimated/android/../Common/cpp -I/home/expo/workingdir/build/node_modules/react-native-reanimated/android/src/main/cpp -I/home/expo/workingdir/build/node_modules/react-native/ReactCommon -I/home/expo/workingdir/build/node_modules/react-native/ReactAndroid/src/main/jni/react/turbomodule -I/home/expo/workingdir/build/node_modules/react-native/ReactCommon/react/nativemodule/core/ReactCommon -I/home/expo/workingdir/build/node_modules/react-native/ReactCommon/callinvoker -I/home/expo/workingdir/build/node_modules/react-native/ReactCommon/runtimeexecutor -isystem /home/expo/.gradle/caches/8.13/transforms/ed771317cb2da92ce986873cffcba24a/transformed/jetified-react-android-0.79.5-debug/prefab/modules/jsi/include -isystem /home/expo/.gradle/caches/8.13/transforms/e4a38a5dcab30c174afc48dae839e225/transformed/jetified-fbjni-0.7.0/prefab/modules/fbjni/include -isystem /home/expo/.gradle/caches/8.13/transforms/ed771317cb2da92ce986873cffcba24a/transformed/jetified-react-android-0.79.5-debug/prefab/modules/reactnative/include -isystem /home/expo/.gradle/caches/8.13/transforms/7c84675846292a13e9fc524fc3b21b5a/transformed/jetified-hermes-android-0.79.5-debug/prefab/modules/libhermes/include -isystem /home/expo/.gradle/caches/8.13/transforms/ed771317cb2da92ce986873cffcba24a/transformed/jetified-react-android-0.79.5-debug/prefab/modules/hermestooling/include -g -DANDROID -fdata-sections -ffunction-sections -funwind-tables -fstack-protector-strong -no-canonical-prefixes -D_FORTIFY_SOURCE=2 -Wformat -Werror=format-security   -DREACT_NATIVE_MINOR_VERSION=79   -DREANIMATED_VERSION=3.17.5    -DHERMES_ENABLE_DEBUGGER=1 -fexceptions -fno-omit-frame-pointer -frtti -fstack-protector-all   -std=c++20 -Wall -Werror -DJS_RUNTIME_HERMES=1 -fno-limit-debug-info  -fPIC -DFOLLY_NO_CONFIG=1 -DFOLLY_HAVE_CLOCK_GETTIME=1 -DFOLLY_USE_LIBCPP=1 -DFOLLY_CFG_NO_COROUTINES=1 -DFOLLY_MOBILE=1 -DFOLLY_HAVE_RECVMMSG=1 -DFOLLY_HAVE_PTHREAD=1 -DFOLLY_HAVE_XSI_STRERROR_R=1 -std=gnu++20 -MD -MT src/main/cpp/worklets/CMakeFiles/worklets.dir/android/AndroidUIScheduler.cpp.o -MF src/main/cpp/worklets/CMakeFiles/worklets.dir/android/AndroidUIScheduler.cpp.o.d -o src/main/cpp/worklets/CMakeFiles/worklets.dir/android/AndroidUIScheduler.cpp.o -c /home/expo/workingdir/build/node_modules/react-native-reanimated/android/src/main/cpp/worklets/android/AndroidUIScheduler.cpp
C/C++: In file included from /home/expo/workingdir/build/node_modules/react-native-reanimated/android/src/main/cpp/worklets/android/AndroidUIScheduler.cpp:1:
C/C++: In file included from /home/expo/workingdir/build/node_modules/react-native-reanimated/android/src/main/cpp/worklets/android/AndroidUIScheduler.h:8:
C/C++: In file included from /home/expo/.gradle/caches/8.13/transforms/ed771317cb2da92ce986873cffcba24a/transformed/jetified-react-android-0.79.5-debug/prefab/modules/reactnative/include/react/jni/CxxModuleWrapper.h:10:
C/C++: In file included from /home/expo/.gradle/caches/8.13/transforms/ed771317cb2da92ce986873cffcba24a/transformed/jetified-react-android-0.79.5-debug/prefab/modules/reactnative/include/react/jni/CxxModuleWrapperBase.h:13:
C/C++: In file included from /home/expo/workingdir/build/node_modules/react-native/ReactCommon/cxxreact/CxxModule.h:15:
C/C++: In file included from /home/expo/.gradle/caches/8.13/transforms/ed771317cb2da92ce986873cffcba24a/transformed/jetified-react-android-0.79.5-debug/prefab/modules/reactnative/include/folly/dynamic.h:17:
C/C++: In file included from /home/expo/.gradle/caches/8.13/transforms/ed771317cb2da92ce986873cffcba24a/transformed/jetified-react-android-0.79.5-debug/prefab/modules/reactnative/include/folly/json/dynamic.h:74:
C/C++: In file included from /home/expo/.gradle/caches/8.13/transforms/ed771317cb2da92ce986873cffcba24a/transformed/jetified-react-android-0.79.5-debug/prefab/modules/reactnative/include/folly/container/F14Map.h:41:
C/C++: In file included from /home/expo/.gradle/caches/8.13/transforms/ed771317cb2da92ce986873cffcba24a/transformed/jetified-react-android-0.79.5-debug/prefab/modules/reactnative/include/folly/container/detail/F14MapFallback.h:26:
C/C++: /home/expo/.gradle/caches/8.13/transforms/ed771317cb2da92ce986873cffcba24a/transformed/jetified-react-android-0.79.5-debug/prefab/modules/reactnative/include/folly/container/detail/F14Table.h:254:20: error: no member named 'regular' in namespace 'std'
C/C++: static_assert(std::regular<F14HashToken>);
C/C++:               ~~~~~^
C/C++: /home/expo/.gradle/caches/8.13/transforms/ed771317cb2da92ce986873cffcba24a/transformed/jetified-react-android-0.79.5-debug/prefab/modules/reactnative/include/folly/container/detail/F14Table.h:254:28: error: 'F14HashToken' does not refer to a value
C/C++: static_assert(std::regular<F14HashToken>);
C/C++:                            ^
C/C++: /home/expo/.gradle/caches/8.13/transforms/ed771317cb2da92ce986873cffcba24a/transformed/jetified-react-android-0.79.5-debug/prefab/modules/reactnative/include/folly/container/detail/F14Table.h:241:7: note: declared here
C/C++: class F14HashToken final {
C/C++:       ^
C/C++: /home/expo/.gradle/caches/8.13/transforms/ed771317cb2da92ce986873cffcba24a/transformed/jetified-react-android-0.79.5-debug/prefab/modules/reactnative/include/folly/container/detail/F14Table.h:254:41: error: expected expression
C/C++: static_assert(std::regular<F14HashToken>);
C/C++:                                         ^
C/C++: 3 errors generated.
C/C++: /home/expo/Android/Sdk/ndk/25.2.9519653/toolchains/llvm/prebuilt/linux-x86_64/bin/clang++ --target=aarch64-none-linux-android24 --sysroot=/home/expo/Android/Sdk/ndk/25.2.9519653/toolchains/llvm/prebuilt/linux-x86_64/sysroot -Dworklets_EXPORTS -I/home/expo/workingdir/build/node_modules/react-native-reanimated/android/../Common/cpp -I/home/expo/workingdir/build/node_modules/react-native-reanimated/android/src/main/cpp -I/home/expo/workingdir/build/node_modules/react-native/ReactCommon -I/home/expo/workingdir/build/node_modules/react-native/ReactAndroid/src/main/jni/react/turbomodule -I/home/expo/workingdir/build/node_modules/react-native/ReactCommon/react/nativemodule/core/ReactCommon -I/home/expo/workingdir/build/node_modules/react-native/ReactCommon/callinvoker -I/home/expo/workingdir/build/node_modules/react-native/ReactCommon/runtimeexecutor -isystem /home/expo/.gradle/caches/8.13/transforms/ed771317cb2da92ce986873cffcba24a/transformed/jetified-react-android-0.79.5-debug/prefab/modules/jsi/include -isystem /home/expo/.gradle/caches/8.13/transforms/e4a38a5dcab30c174afc48dae839e225/transformed/jetified-fbjni-0.7.0/prefab/modules/fbjni/include -isystem /home/expo/.gradle/caches/8.13/transforms/ed771317cb2da92ce986873cffcba24a/transformed/jetified-react-android-0.79.5-debug/prefab/modules/reactnative/include -isystem /home/expo/.gradle/caches/8.13/transforms/7c84675846292a13e9fc524fc3b21b5a/transformed/jetified-hermes-android-0.79.5-debug/prefab/modules/libhermes/include -isystem /home/expo/.gradle/caches/8.13/transforms/ed771317cb2da92ce986873cffcba24a/transformed/jetified-react-android-0.79.5-debug/prefab/modules/hermestooling/include -g -DANDROID -fdata-sections -ffunction-sections -funwind-tables -fstack-protector-strong -no-canonical-prefixes -D_FORTIFY_SOURCE=2 -Wformat -Werror=format-security   -DREACT_NATIVE_MINOR_VERSION=79   -DREANIMATED_VERSION=3.17.5    -DHERMES_ENABLE_DEBUGGER=1 -fexceptions -fno-omit-frame-pointer -frtti -fstack-protector-all   -std=c++20 -Wall -Werror -DJS_RUNTIME_HERMES=1 -fno-limit-debug-info  -fPIC -DFOLLY_NO_CONFIG=1 -DFOLLY_HAVE_CLOCK_GETTIME=1 -DFOLLY_USE_LIBCPP=1 -DFOLLY_CFG_NO_COROUTINES=1 -DFOLLY_MOBILE=1 -DFOLLY_HAVE_RECVMMSG=1 -DFOLLY_HAVE_PTHREAD=1 -DFOLLY_HAVE_XSI_STRERROR_R=1 -std=gnu++20 -MD -MT src/main/cpp/worklets/CMakeFiles/worklets.dir/android/WorkletsModule.cpp.o -MF src/main/cpp/worklets/CMakeFiles/worklets.dir/android/WorkletsModule.cpp.o.d -o src/main/cpp/worklets/CMakeFiles/worklets.dir/android/WorkletsModule.cpp.o -c /home/expo/workingdir/build/node_modules/react-native-reanimated/android/src/main/cpp/worklets/android/WorkletsModule.cpp
C/C++: In file included from /home/expo/workingdir/build/node_modules/react-native-reanimated/android/src/main/cpp/worklets/android/WorkletsModule.cpp:3:
C/C++: In file included from /home/expo/.gradle/caches/8.13/transforms/ed771317cb2da92ce986873cffcba24a/transformed/jetified-react-android-0.79.5-debug/prefab/modules/jsi/include/jsi/JSIDynamic.h:10:
C/C++: In file included from /home/expo/.gradle/caches/8.13/transforms/ed771317cb2da92ce986873cffcba24a/transformed/jetified-react-android-0.79.5-debug/prefab/modules/reactnative/include/folly/dynamic.h:17:
C/C++: In file included from /home/expo/.gradle/caches/8.13/transforms/ed771317cb2da92ce986873cffcba24a/transformed/jetified-react-android-0.79.5-debug/prefab/modules/reactnative/include/folly/json/dynamic.h:74:
C/C++: In file included from /home/expo/.gradle/caches/8.13/transforms/ed771317cb2da92ce986873cffcba24a/transformed/jetified-react-android-0.79.5-debug/prefab/modules/reactnative/include/folly/container/F14Map.h:41:
C/C++: In file included from /home/expo/.gradle/caches/8.13/transforms/ed771317cb2da92ce986873cffcba24a/transformed/jetified-react-android-0.79.5-debug/prefab/modules/reactnative/include/folly/container/detail/F14MapFallback.h:26:
C/C++: /home/expo/.gradle/caches/8.13/transforms/ed771317cb2da92ce986873cffcba24a/transformed/jetified-react-android-0.79.5-debug/prefab/modules/reactnative/include/folly/container/detail/F14Table.h:254:20: error: no member named 'regular' in namespace 'std'
C/C++: static_assert(std::regular<F14HashToken>);
C/C++:               ~~~~~^
C/C++: /home/expo/.gradle/caches/8.13/transforms/ed771317cb2da92ce986873cffcba24a/transformed/jetified-react-android-0.79.5-debug/prefab/modules/reactnative/include/folly/container/detail/F14Table.h:254:28: error: 'F14HashToken' does not refer to a value
C/C++: static_assert(std::regular<F14HashToken>);
C/C++:                            ^
C/C++: /home/expo/.gradle/caches/8.13/transforms/ed771317cb2da92ce986873cffcba24a/transformed/jetified-react-android-0.79.5-debug/prefab/modules/reactnative/include/folly/container/detail/F14Table.h:241:7: note: declared here
C/C++: class F14HashToken final {
C/C++:       ^
C/C++: /home/expo/.gradle/caches/8.13/transforms/ed771317cb2da92ce986873cffcba24a/transformed/jetified-react-android-0.79.5-debug/prefab/modules/reactnative/include/folly/container/detail/F14Table.h:254:41: error: expected expression
C/C++: static_assert(std::regular<F14HashToken>);
C/C++:                                         ^
C/C++: 3 errors generated.
C/C++: /home/expo/Android/Sdk/ndk/25.2.9519653/toolchains/llvm/prebuilt/linux-x86_64/bin/clang++ --target=aarch64-none-linux-android24 --sysroot=/home/expo/Android/Sdk/ndk/25.2.9519653/toolchains/llvm/prebuilt/linux-x86_64/sysroot -Dworklets_EXPORTS -I/home/expo/workingdir/build/node_modules/react-native-reanimated/android/../Common/cpp -I/home/expo/workingdir/build/node_modules/react-native-reanimated/android/src/main/cpp -I/home/expo/workingdir/build/node_modules/react-native/ReactCommon -I/home/expo/workingdir/build/node_modules/react-native/ReactAndroid/src/main/jni/react/turbomodule -I/home/expo/workingdir/build/node_modules/react-native/ReactCommon/react/nativemodule/core/ReactCommon -I/home/expo/workingdir/build/node_modules/react-native/ReactCommon/callinvoker -I/home/expo/workingdir/build/node_modules/react-native/ReactCommon/runtimeexecutor -isystem /home/expo/.gradle/caches/8.13/transforms/ed771317cb2da92ce986873cffcba24a/transformed/jetified-react-android-0.79.5-debug/prefab/modules/jsi/include -isystem /home/expo/.gradle/caches/8.13/transforms/e4a38a5dcab30c174afc48dae839e225/transformed/jetified-fbjni-0.7.0/prefab/modules/fbjni/include -isystem /home/expo/.gradle/caches/8.13/transforms/ed771317cb2da92ce986873cffcba24a/transformed/jetified-react-android-0.79.5-debug/prefab/modules/reactnative/include -isystem /home/expo/.gradle/caches/8.13/transforms/7c84675846292a13e9fc524fc3b21b5a/transformed/jetified-hermes-android-0.79.5-debug/prefab/modules/libhermes/include -isystem /home/expo/.gradle/caches/8.13/transforms/ed771317cb2da92ce986873cffcba24a/transformed/jetified-react-android-0.79.5-debug/prefab/modules/hermestooling/include -g -DANDROID -fdata-sections -ffunction-sections -funwind-tables -fstack-protector-strong -no-canonical-prefixes -D_FORTIFY_SOURCE=2 -Wformat -Werror=format-security   -DREACT_NATIVE_MINOR_VERSION=79   -DREANIMATED_VERSION=3.17.5    -DHERMES_ENABLE_DEBUGGER=1 -fexceptions -fno-omit-frame-pointer -frtti -fstack-protector-all   -std=c++20 -Wall -Werror -DJS_RUNTIME_HERMES=1 -fno-limit-debug-info  -fPIC -DFOLLY_NO_CONFIG=1 -DFOLLY_HAVE_CLOCK_GETTIME=1 -DFOLLY_USE_LIBCPP=1 -DFOLLY_CFG_NO_COROUTINES=1 -DFOLLY_MOBILE=1 -DFOLLY_HAVE_RECVMMSG=1 -DFOLLY_HAVE_PTHREAD=1 -DFOLLY_HAVE_XSI_STRERROR_R=1 -std=gnu++20 -MD -MT src/main/cpp/worklets/CMakeFiles/worklets.dir/android/WorkletsOnLoad.cpp.o -MF src/main/cpp/worklets/CMakeFiles/worklets.dir/android/WorkletsOnLoad.cpp.o.d -o src/main/cpp/worklets/CMakeFiles/worklets.dir/android/WorkletsOnLoad.cpp.o -c /home/expo/workingdir/build/node_modules/react-native-reanimated/android/src/main/cpp/worklets/android/WorkletsOnLoad.cpp
C/C++: In file included from /home/expo/workingdir/build/node_modules/react-native-reanimated/android/src/main/cpp/worklets/android/WorkletsOnLoad.cpp:3:
C/C++: In file included from /home/expo/workingdir/build/node_modules/react-native-reanimated/android/src/main/cpp/worklets/android/AndroidUIScheduler.h:8:
C/C++: In file included from /home/expo/.gradle/caches/8.13/transforms/ed771317cb2da92ce986873cffcba24a/transformed/jetified-react-android-0.79.5-debug/prefab/modules/reactnative/include/react/jni/CxxModuleWrapper.h:10:
C/C++: In file included from /home/expo/.gradle/caches/8.13/transforms/ed771317cb2da92ce986873cffcba24a/transformed/jetified-react-android-0.79.5-debug/prefab/modules/reactnative/include/react/jni/CxxModuleWrapperBase.h:13:
C/C++: In file included from /home/expo/workingdir/build/node_modules/react-native/ReactCommon/cxxreact/CxxModule.h:15:
C/C++: In file included from /home/expo/.gradle/caches/8.13/transforms/ed771317cb2da92ce986873cffcba24a/transformed/jetified-react-android-0.79.5-debug/prefab/modules/reactnative/include/folly/dynamic.h:17:
C/C++: In file included from /home/expo/.gradle/caches/8.13/transforms/ed771317cb2da92ce986873cffcba24a/transformed/jetified-react-android-0.79.5-debug/prefab/modules/reactnative/include/folly/json/dynamic.h:74:
C/C++: In file included from /home/expo/.gradle/caches/8.13/transforms/ed771317cb2da92ce986873cffcba24a/transformed/jetified-react-android-0.79.5-debug/prefab/modules/reactnative/include/folly/container/F14Map.h:41:
C/C++: In file included from /home/expo/.gradle/caches/8.13/transforms/ed771317cb2da92ce986873cffcba24a/transformed/jetified-react-android-0.79.5-debug/prefab/modules/reactnative/include/folly/container/detail/F14MapFallback.h:26:
C/C++: /home/expo/.gradle/caches/8.13/transforms/ed771317cb2da92ce986873cffcba24a/transformed/jetified-react-android-0.79.5-debug/prefab/modules/reactnative/include/folly/container/detail/F14Table.h:254:20: error: no member named 'regular' in namespace 'std'
C/C++: static_assert(std::regular<F14HashToken>);
C/C++:               ~~~~~^
C/C++: /home/expo/.gradle/caches/8.13/transforms/ed771317cb2da92ce986873cffcba24a/transformed/jetified-react-android-0.79.5-debug/prefab/modules/reactnative/include/folly/container/detail/F14Table.h:254:28: error: 'F14HashToken' does not refer to a value
C/C++: static_assert(std::regular<F14HashToken>);
C/C++:                            ^
C/C++: /home/expo/.gradle/caches/8.13/transforms/ed771317cb2da92ce986873cffcba24a/transformed/jetified-react-android-0.79.5-debug/prefab/modules/reactnative/include/folly/container/detail/F14Table.h:241:7: note: declared here
C/C++: class F14HashToken final {
C/C++:       ^
C/C++: /home/expo/.gradle/caches/8.13/transforms/ed771317cb2da92ce986873cffcba24a/transformed/jetified-react-android-0.79.5-debug/prefab/modules/reactnative/include/folly/container/detail/F14Table.h:254:41: error: expected expression
C/C++: static_assert(std::regular<F14HashToken>);
C/C++:                                         ^
C/C++: 3 errors generated.
> Task :react-native-reanimated:buildCMakeDebug[arm64-v8a][reanimated,worklets] FAILED
WARNING: The following problems were found when resolving the SDK location:
Where: sdk.dir property in local.properties file. Problem: Directory does not exist
[Incubating] Problems report is available at: file:///home/expo/workingdir/build/android/build/reports/problems/problems-report.html
FAILURE: Build completed with 2 failures.
1: Task failed with an exception.
-----------
* What went wrong:
Execution failed for task ':expo-modules-core:buildCMakeDebug[arm64-v8a]'.
> com.android.ide.common.process.ProcessException: ninja: Entering directory `/home/expo/workingdir/build/node_modules/expo-modules-core/android/.cxx/Debug/y22k5y5u/arm64-v8a'
  [1/41] Building CXX object CMakeFiles/expo-modules-core.dir/home/expo/workingdir/build/node_modules/expo-modules-core/common/cpp/ObjectDeallocator.cpp.o
  [2/41] Building CXX object CMakeFiles/expo-modules-core.dir/home/expo/workingdir/build/node_modules/expo-modules-core/common/cpp/LazyObject.cpp.o
  [3/41] Building CXX object CMakeFiles/expo-modules-core.dir/home/expo/workingdir/build/node_modules/expo-modules-core/common/cpp/NativeModule.cpp.o
  [4/41] Building CXX object CMakeFiles/expo-modules-core.dir/home/expo/workingdir/build/node_modules/expo-modules-core/common/cpp/SharedObject.cpp.o
  [5/41] Building CXX object CMakeFiles/expo-modules-core.dir/home/expo/workingdir/build/node_modules/expo-modules-core/common/cpp/SharedRef.cpp.o
  [6/41] Building CXX object CMakeFiles/expo-modules-core.dir/home/expo/workingdir/build/node_modules/expo-modules-core/common/cpp/TypedArray.cpp.o
  [7/41] Building CXX object CMakeFiles/expo-modules-core.dir/home/expo/workingdir/build/node_modules/expo-modules-core/common/cpp/JSIUtils.cpp.o
  [8/41] Building CXX object CMakeFiles/expo-modules-core.dir/src/main/cpp/JNIDeallocator.cpp.o
  [9/41] Building CXX object CMakeFiles/expo-modules-core.dir/home/expo/workingdir/build/node_modules/expo-modules-core/common/cpp/EventEmitter.cpp.o
  [10/41] Building CXX object CMakeFiles/expo-modules-core.dir/src/main/cpp/Exceptions.cpp.o
  FAILED: CMakeFiles/expo-modules-core.dir/src/main/cpp/Exceptions.cpp.o 
  /home/expo/Android/Sdk/ndk/25.2.9519653/toolchains/llvm/prebuilt/linux-x86_64/bin/clang++ --target=aarch64-none-linux-android24 --sysroot=/home/expo/Android/Sdk/ndk/25.2.9519653/toolchains/llvm/prebuilt/linux-x86_64/sysroot -Dexpo_modules_core_EXPORTS -I/home/expo/.gradle/caches/8.13/transforms/ed771317cb2da92ce986873cffcba24a/transformed/jetified-react-android-0.79.5-debug/prefab/modules/reactnative/include/react -I/home/expo/workingdir/build/node_modules/react-native/ReactAndroid/src/main/jni/react/turbomodule -I/home/expo/workingdir/build/node_modules/expo-modules-core/android/../common/cpp -I/home/expo/workingdir/build/node_modules/expo-modules-core/android/src/fabric -isystem /home/expo/.gradle/caches/8.13/transforms/e4a38a5dcab30c174afc48dae839e225/transformed/jetified-fbjni-0.7.0/prefab/modules/fbjni/include -isystem /home/expo/.gradle/caches/8.13/transforms/ed771317cb2da92ce986873cffcba24a/transformed/jetified-react-android-0.79.5-debug/prefab/modules/jsi/include -isystem /home/expo/.gradle/caches/8.13/transforms/ed771317cb2da92ce986873cffcba24a/transformed/jetified-react-android-0.79.5-debug/prefab/modules/reactnative/include -g -DANDROID -fdata-sections -ffunction-sections -funwind-tables -fstack-protector-strong -no-canonical-prefixes -D_FORTIFY_SOURCE=2 -Wformat -Werror=format-security   -DREACT_NATIVE_TARGET_VERSION=79 -fno-limit-debug-info  -fPIC -DFOLLY_NO_CONFIG=1 -DFOLLY_HAVE_CLOCK_GETTIME=1 -DFOLLY_USE_LIBCPP=1 -DFOLLY_CFG_NO_COROUTINES=1 -DFOLLY_MOBILE=1 -DFOLLY_HAVE_RECVMMSG=1 -DFOLLY_HAVE_PTHREAD=1 -DFOLLY_HAVE_XSI_STRERROR_R=1 -O2 -frtti -fexceptions -Wall -fstack-protector-all -DUSE_HERMES=0 -DUNIT_TEST=0 -std=gnu++20 -MD -MT CMakeFiles/expo-modules-core.dir/src/main/cpp/Exceptions.cpp.o -MF CMakeFiles/expo-modules-core.dir/src/main/cpp/Exceptions.cpp.o.d -o CMakeFiles/expo-modules-core.dir/src/main/cpp/Exceptions.cpp.o -c /home/expo/workingdir/build/node_modules/expo-modules-core/android/src/main/cpp/Exceptions.cpp
  In file included from /home/expo/workingdir/build/node_modules/expo-modules-core/android/src/main/cpp/Exceptions.cpp:5:
  In file included from /home/expo/workingdir/build/node_modules/expo-modules-core/android/src/main/cpp/JSIContext.h:7:
  In file included from /home/expo/workingdir/build/node_modules/expo-modules-core/android/src/main/cpp/JavaScriptValue.h:7:
  In file included from /home/expo/workingdir/build/node_modules/expo-modules-core/android/src/main/cpp/JavaScriptTypedArray.h:4:
  In file included from /home/expo/workingdir/build/node_modules/expo-modules-core/android/src/main/cpp/JavaScriptObject.h:9:
  In file included from /home/expo/workingdir/build/node_modules/expo-modules-core/android/src/main/cpp/JNIFunctionBody.h:6:
  In file included from /home/expo/.gradle/caches/8.13/transforms/ed771317cb2da92ce986873cffcba24a/transformed/jetified-react-android-0.79.5-debug/prefab/modules/reactnative/include/react/jni/ReadableNativeArray.h:10:
  In file included from /home/expo/.gradle/caches/8.13/transforms/ed771317cb2da92ce986873cffcba24a/transformed/jetified-react-android-0.79.5-debug/prefab/modules/reactnative/include/react/jni/NativeArray.h:11:
  In file included from /home/expo/.gradle/caches/8.13/transforms/ed771317cb2da92ce986873cffcba24a/transformed/jetified-react-android-0.79.5-debug/prefab/modules/reactnative/include/folly/dynamic.h:17:
  In file included from /home/expo/.gradle/caches/8.13/transforms/ed771317cb2da92ce986873cffcba24a/transformed/jetified-react-android-0.79.5-debug/prefab/modules/reactnative/include/folly/json/dynamic.h:74:
  In file included from /home/expo/.gradle/caches/8.13/transforms/ed771317cb2da92ce986873cffcba24a/transformed/jetified-react-android-0.79.5-debug/prefab/modules/reactnative/include/folly/container/F14Map.h:41:
  In file included from /home/expo/.gradle/caches/8.13/transforms/ed771317cb2da92ce986873cffcba24a/transformed/jetified-react-android-0.79.5-debug/prefab/modules/reactnative/include/folly/container/detail/F14MapFallback.h:26:
  /home/expo/.gradle/caches/8.13/transforms/ed771317cb2da92ce986873cffcba24a/transformed/jetified-react-android-0.79.5-debug/prefab/modules/reactnative/include/folly/container/detail/F14Table.h:254:20: error: no member named 'regular' in namespace 'std'
  static_assert(std::regular<F14HashToken>);
                ~~~~~^
  /home/expo/.gradle/caches/8.13/transforms/ed771317cb2da92ce986873cffcba24a/transformed/jetified-react-android-0.79.5-debug/prefab/modules/reactnative/include/folly/container/detail/F14Table.h:254:28: error: 'F14HashToken' does not refer to a value
  static_assert(std::regular<F14HashToken>);
                             ^
  /home/expo/.gradle/caches/8.13/transforms/ed771317cb2da92ce986873cffcba24a/transformed/jetified-react-android-0.79.5-debug/prefab/modules/reactnative/include/folly/container/detail/F14Table.h:241:7: note: declared here
  class F14HashToken final {
        ^
  /home/expo/.gradle/caches/8.13/transforms/ed771317cb2da92ce986873cffcba24a/transformed/jetified-react-android-0.79.5-debug/prefab/modules/reactnative/include/folly/container/detail/F14Table.h:254:41: error: expected expression
  static_assert(std::regular<F14HashToken>);
                                          ^
  3 errors generated.
  [11/41] Building CXX object CMakeFiles/expo-modules-core.dir/src/main/cpp/JNIInjector.cpp.o
  FAILED: CMakeFiles/expo-modules-core.dir/src/main/cpp/JNIInjector.cpp.o 
  /home/expo/Android/Sdk/ndk/25.2.9519653/toolchains/llvm/prebuilt/linux-x86_64/bin/clang++ --target=aarch64-none-linux-android24 --sysroot=/home/expo/Android/Sdk/ndk/25.2.9519653/toolchains/llvm/prebuilt/linux-x86_64/sysroot -Dexpo_modules_core_EXPORTS -I/home/expo/.gradle/caches/8.13/transforms/ed771317cb2da92ce986873cffcba24a/transformed/jetified-react-android-0.79.5-debug/prefab/modules/reactnative/include/react -I/home/expo/workingdir/build/node_modules/react-native/ReactAndroid/src/main/jni/react/turbomodule -I/home/expo/workingdir/build/node_modules/expo-modules-core/android/../common/cpp -I/home/expo/workingdir/build/node_modules/expo-modules-core/android/src/fabric -isystem /home/expo/.gradle/caches/8.13/transforms/e4a38a5dcab30c174afc48dae839e225/transformed/jetified-fbjni-0.7.0/prefab/modules/fbjni/include -isystem /home/expo/.gradle/caches/8.13/transforms/ed771317cb2da92ce986873cffcba24a/transformed/jetified-react-android-0.79.5-debug/prefab/modules/jsi/include -isystem /home/expo/.gradle/caches/8.13/transforms/ed771317cb2da92ce986873cffcba24a/transformed/jetified-react-android-0.79.5-debug/prefab/modules/reactnative/include -g -DANDROID -fdata-sections -ffunction-sections -funwind-tables -fstack-protector-strong -no-canonical-prefixes -D_FORTIFY_SOURCE=2 -Wformat -Werror=format-security   -DREACT_NATIVE_TARGET_VERSION=79 -fno-limit-debug-info  -fPIC -DFOLLY_NO_CONFIG=1 -DFOLLY_HAVE_CLOCK_GETTIME=1 -DFOLLY_USE_LIBCPP=1 -DFOLLY_CFG_NO_COROUTINES=1 -DFOLLY_MOBILE=1 -DFOLLY_HAVE_RECVMMSG=1 -DFOLLY_HAVE_PTHREAD=1 -DFOLLY_HAVE_XSI_STRERROR_R=1 -O2 -frtti -fexceptions -Wall -fstack-protector-all -DUSE_HERMES=0 -DUNIT_TEST=0 -std=gnu++20 -MD -MT CMakeFiles/expo-modules-core.dir/src/main/cpp/JNIInjector.cpp.o -MF CMakeFiles/expo-modules-core.dir/src/main/cpp/JNIInjector.cpp.o.d -o CMakeFiles/expo-modules-core.dir/src/main/cpp/JNIInjector.cpp.o -c /home/expo/workingdir/build/node_modules/expo-modules-core/android/src/main/cpp/JNIInjector.cpp
  In file included from /home/expo/workingdir/build/node_modules/expo-modules-core/android/src/main/cpp/JNIInjector.cpp:4:
  In file included from /home/expo/workingdir/build/node_modules/expo-modules-core/android/src/main/cpp/JSIContext.h:7:
  In file included from /home/expo/workingdir/build/node_modules/expo-modules-core/android/src/main/cpp/JavaScriptValue.h:7:
  In file included from /home/expo/workingdir/build/node_modules/expo-modules-core/android/src/main/cpp/JavaScriptTypedArray.h:4:
  In file included from /home/expo/workingdir/build/node_modules/expo-modules-core/android/src/main/cpp/JavaScriptObject.h:9:
  In file included from /home/expo/workingdir/build/node_modules/expo-modules-core/android/src/main/cpp/JNIFunctionBody.h:6:
  In file included from /home/expo/.gradle/caches/8.13/transforms/ed771317cb2da92ce986873cffcba24a/transformed/jetified-react-android-0.79.5-debug/prefab/modules/reactnative/include/react/jni/ReadableNativeArray.h:10:
  In file included from /home/expo/.gradle/caches/8.13/transforms/ed771317cb2da92ce986873cffcba24a/transformed/jetified-react-android-0.79.5-debug/prefab/modules/reactnative/include/react/jni/NativeArray.h:11:
  In file included from /home/expo/.gradle/caches/8.13/transforms/ed771317cb2da92ce986873cffcba24a/transformed/jetified-react-android-0.79.5-debug/prefab/modules/reactnative/include/folly/dynamic.h:17:
  In file included from /home/expo/.gradle/caches/8.13/transforms/ed771317cb2da92ce986873cffcba24a/transformed/jetified-react-android-0.79.5-debug/prefab/modules/reactnative/include/folly/json/dynamic.h:74:
  In file included from /home/expo/.gradle/caches/8.13/transforms/ed771317cb2da92ce986873cffcba24a/transformed/jetified-react-android-0.79.5-debug/prefab/modules/reactnative/include/folly/container/F14Map.h:41:
  In file included from /home/expo/.gradle/caches/8.13/transforms/ed771317cb2da92ce986873cffcba24a/transformed/jetified-react-android-0.79.5-debug/prefab/modules/reactnative/include/folly/container/detail/F14MapFallback.h:26:
  /home/expo/.gradle/caches/8.13/transforms/ed771317cb2da92ce986873cffcba24a/transformed/jetified-react-android-0.79.5-debug/prefab/modules/reactnative/include/folly/container/detail/F14Table.h:254:20: error: no member named 'regular' in namespace 'std'
  static_assert(std::regular<F14HashToken>);
                ~~~~~^
  /home/expo/.gradle/caches/8.13/transforms/ed771317cb2da92ce986873cffcba24a/transformed/jetified-react-android-0.79.5-debug/prefab/modules/reactnative/include/folly/container/detail/F14Table.h:254:28: error: 'F14HashToken' does not refer to a value
  static_assert(std::regular<F14HashToken>);
                             ^
  /home/expo/.gradle/caches/8.13/transforms/ed771317cb2da92ce986873cffcba24a/transformed/jetified-react-android-0.79.5-debug/prefab/modules/reactnative/include/folly/container/detail/F14Table.h:241:7: note: declared here
  class F14HashToken final {
        ^
  /home/expo/.gradle/caches/8.13/transforms/ed771317cb2da92ce986873cffcba24a/transformed/jetified-react-android-0.79.5-debug/prefab/modules/reactnative/include/folly/container/detail/F14Table.h:254:41: error: expected expression
  static_assert(std::regular<F14HashToken>);
                                          ^
  3 errors generated.
  [12/41] Building CXX object CMakeFiles/expo-modules-core.dir/src/main/cpp/ExpoModulesHostObject.cpp.o
  FAILED: CMakeFiles/expo-modules-core.dir/src/main/cpp/ExpoModulesHostObject.cpp.o 
  /home/expo/Android/Sdk/ndk/25.2.9519653/toolchains/llvm/prebuilt/linux-x86_64/bin/clang++ --target=aarch64-none-linux-android24 --sysroot=/home/expo/Android/Sdk/ndk/25.2.9519653/toolchains/llvm/prebuilt/linux-x86_64/sysroot -Dexpo_modules_core_EXPORTS -I/home/expo/.gradle/caches/8.13/transforms/ed771317cb2da92ce986873cffcba24a/transformed/jetified-react-android-0.79.5-debug/prefab/modules/reactnative/include/react -I/home/expo/workingdir/build/node_modules/react-native/ReactAndroid/src/main/jni/react/turbomodule -I/home/expo/workingdir/build/node_modules/expo-modules-core/android/../common/cpp -I/home/expo/workingdir/build/node_modules/expo-modules-core/android/src/fabric -isystem /home/expo/.gradle/caches/8.13/transforms/e4a38a5dcab30c174afc48dae839e225/transformed/jetified-fbjni-0.7.0/prefab/modules/fbjni/include -isystem /home/expo/.gradle/caches/8.13/transforms/ed771317cb2da92ce986873cffcba24a/transformed/jetified-react-android-0.79.5-debug/prefab/modules/jsi/include -isystem /home/expo/.gradle/caches/8.13/transforms/ed771317cb2da92ce986873cffcba24a/transformed/jetified-react-android-0.79.5-debug/prefab/modules/reactnative/include -g -DANDROID -fdata-sections -ffunction-sections -funwind-tables -fstack-protector-strong -no-canonical-prefixes -D_FORTIFY_SOURCE=2 -Wformat -Werror=format-security   -DREACT_NATIVE_TARGET_VERSION=79 -fno-limit-debug-info  -fPIC -DFOLLY_NO_CONFIG=1 -DFOLLY_HAVE_CLOCK_GETTIME=1 -DFOLLY_USE_LIBCPP=1 -DFOLLY_CFG_NO_COROUTINES=1 -DFOLLY_MOBILE=1 -DFOLLY_HAVE_RECVMMSG=1 -DFOLLY_HAVE_PTHREAD=1 -DFOLLY_HAVE_XSI_STRERROR_R=1 -O2 -frtti -fexceptions -Wall -fstack-protector-all -DUSE_HERMES=0 -DUNIT_TEST=0 -std=gnu++20 -MD -MT CMakeFiles/expo-modules-core.dir/src/main/cpp/ExpoModulesHostObject.cpp.o -MF CMakeFiles/expo-modules-core.dir/src/main/cpp/ExpoModulesHostObject.cpp.o.d -o CMakeFiles/expo-modules-core.dir/src/main/cpp/ExpoModulesHostObject.cpp.o -c /home/expo/workingdir/build/node_modules/expo-modules-core/android/src/main/cpp/ExpoModulesHostObject.cpp
  In file included from /home/expo/workingdir/build/node_modules/expo-modules-core/android/src/main/cpp/ExpoModulesHostObject.cpp:3:
  In file included from /home/expo/workingdir/build/node_modules/expo-modules-core/android/src/main/cpp/ExpoModulesHostObject.h:5:
  In file included from /home/expo/workingdir/build/node_modules/expo-modules-core/android/src/main/cpp/JSIContext.h:7:
  In file included from /home/expo/workingdir/build/node_modules/expo-modules-core/android/src/main/cpp/JavaScriptValue.h:7:
  In file included from /home/expo/workingdir/build/node_modules/expo-modules-core/android/src/main/cpp/JavaScriptTypedArray.h:4:
  In file included from /home/expo/workingdir/build/node_modules/expo-modules-core/android/src/main/cpp/JavaScriptObject.h:9:
  In file included from /home/expo/workingdir/build/node_modules/expo-modules-core/android/src/main/cpp/JNIFunctionBody.h:6:
  In file included from /home/expo/.gradle/caches/8.13/transforms/ed771317cb2da92ce986873cffcba24a/transformed/jetified-react-android-0.79.5-debug/prefab/modules/reactnative/include/react/jni/ReadableNativeArray.h:10:
  In file included from /home/expo/.gradle/caches/8.13/transforms/ed771317cb2da92ce986873cffcba24a/transformed/jetified-react-android-0.79.5-debug/prefab/modules/reactnative/include/react/jni/NativeArray.h:11:
  In file included from /home/expo/.gradle/caches/8.13/transforms/ed771317cb2da92ce986873cffcba24a/transformed/jetified-react-android-0.79.5-debug/prefab/modules/reactnative/include/folly/dynamic.h:17:
  In file included from /home/expo/.gradle/caches/8.13/transforms/ed771317cb2da92ce986873cffcba24a/transformed/jetified-react-android-0.79.5-debug/prefab/modules/reactnative/include/folly/json/dynamic.h:74:
  In file included from /home/expo/.gradle/caches/8.13/transforms/ed771317cb2da92ce986873cffcba24a/transformed/jetified-react-android-0.79.5-debug/prefab/modules/reactnative/include/folly/container/F14Map.h:41:
  In file included from /home/expo/.gradle/caches/8.13/transforms/ed771317cb2da92ce986873cffcba24a/transformed/jetified-react-android-0.79.5-debug/prefab/modules/reactnative/include/folly/container/detail/F14MapFallback.h:26:
  /home/expo/.gradle/caches/8.13/transforms/ed771317cb2da92ce986873cffcba24a/transformed/jetified-react-android-0.79.5-debug/prefab/modules/reactnative/include/folly/container/detail/F14Table.h:254:20: error: no member named 'regular' in namespace 'std'
  static_assert(std::regular<F14HashToken>);
                ~~~~~^
  /home/expo/.gradle/caches/8.13/transforms/ed771317cb2da92ce986873cffcba24a/transformed/jetified-react-android-0.79.5-debug/prefab/modules/reactnative/include/folly/container/detail/F14Table.h:254:28: error: 'F14HashToken' does not refer to a value
  static_assert(std::regular<F14HashToken>);
                             ^
  /home/expo/.gradle/caches/8.13/transforms/ed771317cb2da92ce986873cffcba24a/transformed/jetified-react-android-0.79.5-debug/prefab/modules/reactnative/include/folly/container/detail/F14Table.h:241:7: note: declared here
  class F14HashToken final {
        ^
  /home/expo/.gradle/caches/8.13/transforms/ed771317cb2da92ce986873cffcba24a/transformed/jetified-react-android-0.79.5-debug/prefab/modules/reactnative/include/folly/container/detail/F14Table.h:254:41: error: expected expression
  static_assert(std::regular<F14HashToken>);
                                          ^
  3 errors generated.
  [13/41] Building CXX object CMakeFiles/expo-modules-core.dir/src/main/cpp/JNIFunctionBody.cpp.o
  FAILED: CMakeFiles/expo-modules-core.dir/src/main/cpp/JNIFunctionBody.cpp.o 
  /home/expo/Android/Sdk/ndk/25.2.9519653/toolchains/llvm/prebuilt/linux-x86_64/bin/clang++ --target=aarch64-none-linux-android24 --sysroot=/home/expo/Android/Sdk/ndk/25.2.9519653/toolchains/llvm/prebuilt/linux-x86_64/sysroot -Dexpo_modules_core_EXPORTS -I/home/expo/.gradle/caches/8.13/transforms/ed771317cb2da92ce986873cffcba24a/transformed/jetified-react-android-0.79.5-debug/prefab/modules/reactnative/include/react -I/home/expo/workingdir/build/node_modules/react-native/ReactAndroid/src/main/jni/react/turbomodule -I/home/expo/workingdir/build/node_modules/expo-modules-core/android/../common/cpp -I/home/expo/workingdir/build/node_modules/expo-modules-core/android/src/fabric -isystem /home/expo/.gradle/caches/8.13/transforms/e4a38a5dcab30c174afc48dae839e225/transformed/jetified-fbjni-0.7.0/prefab/modules/fbjni/include -isystem /home/expo/.gradle/caches/8.13/transforms/ed771317cb2da92ce986873cffcba24a/transformed/jetified-react-android-0.79.5-debug/prefab/modules/jsi/include -isystem /home/expo/.gradle/caches/8.13/transforms/ed771317cb2da92ce986873cffcba24a/transformed/jetified-react-android-0.79.5-debug/prefab/modules/reactnative/include -g -DANDROID -fdata-sections -ffunction-sections -funwind-tables -fstack-protector-strong -no-canonical-prefixes -D_FORTIFY_SOURCE=2 -Wformat -Werror=format-security   -DREACT_NATIVE_TARGET_VERSION=79 -fno-limit-debug-info  -fPIC -DFOLLY_NO_CONFIG=1 -DFOLLY_HAVE_CLOCK_GETTIME=1 -DFOLLY_USE_LIBCPP=1 -DFOLLY_CFG_NO_COROUTINES=1 -DFOLLY_MOBILE=1 -DFOLLY_HAVE_RECVMMSG=1 -DFOLLY_HAVE_PTHREAD=1 -DFOLLY_HAVE_XSI_STRERROR_R=1 -O2 -frtti -fexceptions -Wall -fstack-protector-all -DUSE_HERMES=0 -DUNIT_TEST=0 -std=gnu++20 -MD -MT CMakeFiles/expo-modules-core.dir/src/main/cpp/JNIFunctionBody.cpp.o -MF CMakeFiles/expo-modules-core.dir/src/main/cpp/JNIFunctionBody.cpp.o.d -o CMakeFiles/expo-modules-core.dir/src/main/cpp/JNIFunctionBody.cpp.o -c /home/expo/workingdir/build/node_modules/expo-modules-core/android/src/main/cpp/JNIFunctionBody.cpp
  In file included from /home/expo/workingdir/build/node_modules/expo-modules-core/android/src/main/cpp/JNIFunctionBody.cpp:3:
  In file included from /home/expo/workingdir/build/node_modules/expo-modules-core/android/src/main/cpp/JNIFunctionBody.h:6:
  In file included from /home/expo/.gradle/caches/8.13/transforms/ed771317cb2da92ce986873cffcba24a/transformed/jetified-react-android-0.79.5-debug/prefab/modules/reactnative/include/react/jni/ReadableNativeArray.h:10:
  In file included from /home/expo/.gradle/caches/8.13/transforms/ed771317cb2da92ce986873cffcba24a/transformed/jetified-react-android-0.79.5-debug/prefab/modules/reactnative/include/react/jni/NativeArray.h:11:
  In file included from /home/expo/.gradle/caches/8.13/transforms/ed771317cb2da92ce986873cffcba24a/transformed/jetified-react-android-0.79.5-debug/prefab/modules/reactnative/include/folly/dynamic.h:17:
  In file included from /home/expo/.gradle/caches/8.13/transforms/ed771317cb2da92ce986873cffcba24a/transformed/jetified-react-android-0.79.5-debug/prefab/modules/reactnative/include/folly/json/dynamic.h:74:
  In file included from /home/expo/.gradle/caches/8.13/transforms/ed771317cb2da92ce986873cffcba24a/transformed/jetified-react-android-0.79.5-debug/prefab/modules/reactnative/include/folly/container/F14Map.h:41:
  In file included from /home/expo/.gradle/caches/8.13/transforms/ed771317cb2da92ce986873cffcba24a/transformed/jetified-react-android-0.79.5-debug/prefab/modules/reactnative/include/folly/container/detail/F14MapFallback.h:26:
  /home/expo/.gradle/caches/8.13/transforms/ed771317cb2da92ce986873cffcba24a/transformed/jetified-react-android-0.79.5-debug/prefab/modules/reactnative/include/folly/container/detail/F14Table.h:254:20: error: no member named 'regular' in namespace 'std'
  static_assert(std::regular<F14HashToken>);
                ~~~~~^
  /home/expo/.gradle/caches/8.13/transforms/ed771317cb2da92ce986873cffcba24a/transformed/jetified-react-android-0.79.5-debug/prefab/modules/reactnative/include/folly/container/detail/F14Table.h:254:28: error: 'F14HashToken' does not refer to a value
static_assert(std::regular<F14HashToken>);
                             ^
  /home/expo/.gradle/caches/8.13/transforms/ed771317cb2da92ce986873cffcba24a/transformed/jetified-react-android-0.79.5-debug/prefab/modules/reactnative/include/folly/container/detail/F14Table.h:241:7: note: declared here
  class F14HashToken final {
        ^
  /home/expo/.gradle/caches/8.13/transforms/ed771317cb2da92ce986873cffcba24a/transformed/jetified-react-android-0.79.5-debug/prefab/modules/reactnative/include/folly/container/detail/F14Table.h:254:41: error: expected expression
  static_assert(std::regular<F14HashToken>);
                                          ^
  3 errors generated.
  [14/41] Building CXX object CMakeFiles/expo-modules-core.dir/src/main/cpp/JNIUtils.cpp.o
  FAILED: CMakeFiles/expo-modules-core.dir/src/main/cpp/JNIUtils.cpp.o 
  /home/expo/Android/Sdk/ndk/25.2.9519653/toolchains/llvm/prebuilt/linux-x86_64/bin/clang++ --target=aarch64-none-linux-android24 --sysroot=/home/expo/Android/Sdk/ndk/25.2.9519653/toolchains/llvm/prebuilt/linux-x86_64/sysroot -Dexpo_modules_core_EXPORTS -I/home/expo/.gradle/caches/8.13/transforms/ed771317cb2da92ce986873cffcba24a/transformed/jetified-react-android-0.79.5-debug/prefab/modules/reactnative/include/react -I/home/expo/workingdir/build/node_modules/react-native/ReactAndroid/src/main/jni/react/turbomodule -I/home/expo/workingdir/build/node_modules/expo-modules-core/android/../common/cpp -I/home/expo/workingdir/build/node_modules/expo-modules-core/android/src/fabric -isystem /home/expo/.gradle/caches/8.13/transforms/e4a38a5dcab30c174afc48dae839e225/transformed/jetified-fbjni-0.7.0/prefab/modules/fbjni/include -isystem /home/expo/.gradle/caches/8.13/transforms/ed771317cb2da92ce986873cffcba24a/transformed/jetified-react-android-0.79.5-debug/prefab/modules/jsi/include -isystem /home/expo/.gradle/caches/8.13/transforms/ed771317cb2da92ce986873cffcba24a/transformed/jetified-react-android-0.79.5-debug/prefab/modules/reactnative/include -g -DANDROID -fdata-sections -ffunction-sections -funwind-tables -fstack-protector-strong -no-canonical-prefixes -D_FORTIFY_SOURCE=2 -Wformat -Werror=format-security   -DREACT_NATIVE_TARGET_VERSION=79 -fno-limit-debug-info  -fPIC -DFOLLY_NO_CONFIG=1 -DFOLLY_HAVE_CLOCK_GETTIME=1 -DFOLLY_USE_LIBCPP=1 -DFOLLY_CFG_NO_COROUTINES=1 -DFOLLY_MOBILE=1 -DFOLLY_HAVE_RECVMMSG=1 -DFOLLY_HAVE_PTHREAD=1 -DFOLLY_HAVE_XSI_STRERROR_R=1 -O2 -frtti -fexceptions -Wall -fstack-protector-all -DUSE_HERMES=0 -DUNIT_TEST=0 -std=gnu++20 -MD -MT CMakeFiles/expo-modules-core.dir/src/main/cpp/JNIUtils.cpp.o -MF CMakeFiles/expo-modules-core.dir/src/main/cpp/JNIUtils.cpp.o.d -o CMakeFiles/expo-modules-core.dir/src/main/cpp/JNIUtils.cpp.o -c /home/expo/workingdir/build/node_modules/expo-modules-core/android/src/main/cpp/JNIUtils.cpp
  In file included from /home/expo/workingdir/build/node_modules/expo-modules-core/android/src/main/cpp/JNIUtils.cpp:3:
  In file included from /home/expo/workingdir/build/node_modules/expo-modules-core/android/src/main/cpp/JNIUtils.h:10:
  In file included from /home/expo/.gradle/caches/8.13/transforms/ed771317cb2da92ce986873cffcba24a/transformed/jetified-react-android-0.79.5-debug/prefab/modules/reactnative/include/react/jni/ReadableNativeMap.h:11:
  In file included from /home/expo/.gradle/caches/8.13/transforms/ed771317cb2da92ce986873cffcba24a/transformed/jetified-react-android-0.79.5-debug/prefab/modules/reactnative/include/folly/dynamic.h:17:
  In file included from /home/expo/.gradle/caches/8.13/transforms/ed771317cb2da92ce986873cffcba24a/transformed/jetified-react-android-0.79.5-debug/prefab/modules/reactnative/include/folly/json/dynamic.h:74:
  In file included from /home/expo/.gradle/caches/8.13/transforms/ed771317cb2da92ce986873cffcba24a/transformed/jetified-react-android-0.79.5-debug/prefab/modules/reactnative/include/folly/container/F14Map.h:41:
  In file included from /home/expo/.gradle/caches/8.13/transforms/ed771317cb2da92ce986873cffcba24a/transformed/jetified-react-android-0.79.5-debug/prefab/modules/reactnative/include/folly/container/detail/F14MapFallback.h:26:
  /home/expo/.gradle/caches/8.13/transforms/ed771317cb2da92ce986873cffcba24a/transformed/jetified-react-android-0.79.5-debug/prefab/modules/reactnative/include/folly/container/detail/F14Table.h:254:20: error: no member named 'regular' in namespace 'std'
  static_assert(std::regular<F14HashToken>);
                ~~~~~^
  /home/expo/.gradle/caches/8.13/transforms/ed771317cb2da92ce986873cffcba24a/transformed/jetified-react-android-0.79.5-debug/prefab/modules/reactnative/include/folly/container/detail/F14Table.h:254:28: error: 'F14HashToken' does not refer to a value
  static_assert(std::regular<F14HashToken>);
                             ^
  /home/expo/.gradle/caches/8.13/transforms/ed771317cb2da92ce986873cffcba24a/transformed/jetified-react-android-0.79.5-debug/prefab/modules/reactnative/include/folly/container/detail/F14Table.h:241:7: note: declared here
  class F14HashToken final {
        ^
  /home/expo/.gradle/caches/8.13/transforms/ed771317cb2da92ce986873cffcba24a/transformed/jetified-react-android-0.79.5-debug/prefab/modules/reactnative/include/folly/container/detail/F14Table.h:254:41: error: expected expression
  static_assert(std::regular<F14HashToken>);
                                          ^
  3 errors generated.
  [15/41] Building CXX object CMakeFiles/expo-modules-core.dir/src/main/cpp/JSIContext.cpp.o
  FAILED: CMakeFiles/expo-modules-core.dir/src/main/cpp/JSIContext.cpp.o 
  /home/expo/Android/Sdk/ndk/25.2.9519653/toolchains/llvm/prebuilt/linux-x86_64/bin/clang++ --target=aarch64-none-linux-android24 --sysroot=/home/expo/Android/Sdk/ndk/25.2.9519653/toolchains/llvm/prebuilt/linux-x86_64/sysroot -Dexpo_modules_core_EXPORTS -I/home/expo/.gradle/caches/8.13/transforms/ed771317cb2da92ce986873cffcba24a/transformed/jetified-react-android-0.79.5-debug/prefab/modules/reactnative/include/react -I/home/expo/workingdir/build/node_modules/react-native/ReactAndroid/src/main/jni/react/turbomodule -I/home/expo/workingdir/build/node_modules/expo-modules-core/android/../common/cpp -I/home/expo/workingdir/build/node_modules/expo-modules-core/android/src/fabric -isystem /home/expo/.gradle/caches/8.13/transforms/e4a38a5dcab30c174afc48dae839e225/transformed/jetified-fbjni-0.7.0/prefab/modules/fbjni/include -isystem /home/expo/.gradle/caches/8.13/transforms/ed771317cb2da92ce986873cffcba24a/transformed/jetified-react-android-0.79.5-debug/prefab/modules/jsi/include -isystem /home/expo/.gradle/caches/8.13/transforms/ed771317cb2da92ce986873cffcba24a/transformed/jetified-react-android-0.79.5-debug/prefab/modules/reactnative/include -g -DANDROID -fdata-sections -ffunction-sections -funwind-tables -fstack-protector-strong -no-canonical-prefixes -D_FORTIFY_SOURCE=2 -Wformat -Werror=format-security   -DREACT_NATIVE_TARGET_VERSION=79 -fno-limit-debug-info  -fPIC -DFOLLY_NO_CONFIG=1 -DFOLLY_HAVE_CLOCK_GETTIME=1 -DFOLLY_USE_LIBCPP=1 -DFOLLY_CFG_NO_COROUTINES=1 -DFOLLY_MOBILE=1 -DFOLLY_HAVE_RECVMMSG=1 -DFOLLY_HAVE_PTHREAD=1 -DFOLLY_HAVE_XSI_STRERROR_R=1 -O2 -frtti -fexceptions -Wall -fstack-protector-all -DUSE_HERMES=0 -DUNIT_TEST=0 -std=gnu++20 -MD -MT CMakeFiles/expo-modules-core.dir/src/main/cpp/JSIContext.cpp.o -MF CMakeFiles/expo-modules-core.dir/src/main/cpp/JSIContext.cpp.o.d -o CMakeFiles/expo-modules-core.dir/src/main/cpp/JSIContext.cpp.o -c /home/expo/workingdir/build/node_modules/expo-modules-core/android/src/main/cpp/JSIContext.cpp
  In file included from /home/expo/workingdir/build/node_modules/expo-modules-core/android/src/main/cpp/JSIContext.cpp:3:
  In file included from /home/expo/workingdir/build/node_modules/expo-modules-core/android/src/main/cpp/JSIContext.h:7:
  In file included from /home/expo/workingdir/build/node_modules/expo-modules-core/android/src/main/cpp/JavaScriptValue.h:7:
  In file included from /home/expo/workingdir/build/node_modules/expo-modules-core/android/src/main/cpp/JavaScriptTypedArray.h:4:
  In file included from /home/expo/workingdir/build/node_modules/expo-modules-core/android/src/main/cpp/JavaScriptObject.h:9:
  In file included from /home/expo/workingdir/build/node_modules/expo-modules-core/android/src/main/cpp/JNIFunctionBody.h:6:
  In file included from /home/expo/.gradle/caches/8.13/transforms/ed771317cb2da92ce986873cffcba24a/transformed/jetified-react-android-0.79.5-debug/prefab/modules/reactnative/include/react/jni/ReadableNativeArray.h:10:
  In file included from /home/expo/.gradle/caches/8.13/transforms/ed771317cb2da92ce986873cffcba24a/transformed/jetified-react-android-0.79.5-debug/prefab/modules/reactnative/include/react/jni/NativeArray.h:11:
  In file included from /home/expo/.gradle/caches/8.13/transforms/ed771317cb2da92ce986873cffcba24a/transformed/jetified-react-android-0.79.5-debug/prefab/modules/reactnative/include/folly/dynamic.h:17:
  In file included from /home/expo/.gradle/caches/8.13/transforms/ed771317cb2da92ce986873cffcba24a/transformed/jetified-react-android-0.79.5-debug/prefab/modules/reactnative/include/folly/json/dynamic.h:74:
  In file included from /home/expo/.gradle/caches/8.13/transforms/ed771317cb2da92ce986873cffcba24a/transformed/jetified-react-android-0.79.5-debug/prefab/modules/reactnative/include/folly/container/F14Map.h:41:
  In file included from /home/expo/.gradle/caches/8.13/transforms/ed771317cb2da92ce986873cffcba24a/transformed/jetified-react-android-0.79.5-debug/prefab/modules/reactnative/include/folly/container/detail/F14MapFallback.h:26:
  /home/expo/.gradle/caches/8.13/transforms/ed771317cb2da92ce986873cffcba24a/transformed/jetified-react-android-0.79.5-debug/prefab/modules/reactnative/include/folly/container/detail/F14Table.h:254:20: error: no member named 'regular' in namespace 'std'
  static_assert(std::regular<F14HashToken>);
                ~~~~~^
  /home/expo/.gradle/caches/8.13/transforms/ed771317cb2da92ce986873cffcba24a/transformed/jetified-react-android-0.79.5-debug/prefab/modules/reactnative/include/folly/container/detail/F14Table.h:254:28: error: 'F14HashToken' does not refer to a value
  static_assert(std::regular<F14HashToken>);
                             ^
  /home/expo/.gradle/caches/8.13/transforms/ed771317cb2da92ce986873cffcba24a/transformed/jetified-react-android-0.79.5-debug/prefab/modules/reactnative/include/folly/container/detail/F14Table.h:241:7: note: declared here
  class F14HashToken final {
        ^
  /home/expo/.gradle/caches/8.13/transforms/ed771317cb2da92ce986873cffcba24a/transformed/jetified-react-android-0.79.5-debug/prefab/modules/reactnative/include/folly/container/detail/F14Table.h:254:41: error: expected expression
  static_assert(std::regular<F14HashToken>);
                                          ^
  3 errors generated.
  ninja: build stopped: subcommand failed.
  
  C++ build system [build] failed while executing:
      /home/expo/Android/Sdk/cmake/3.22.1/bin/ninja \
        -C \
        /home/expo/workingdir/build/node_modules/expo-modules-core/android/.cxx/Debug/y22k5y5u/arm64-v8a \
        expo-modules-core
    from /home/expo/workingdir/build/node_modules/expo-modules-core/android
* Try:
> Run with --stacktrace option to get the stack trace.
> Run with --info or --debug option to get more log output.
> Run with --scan to get full insights.
> Get more help at https://help.gradle.org.
==============================================================================
2: Task failed with an exception.
-----------
* What went wrong:
Execution failed for task ':react-native-reanimated:buildCMakeDebug[arm64-v8a][reanimated,worklets]'.
> com.android.ide.common.process.ProcessException: ninja: Entering directory `/home/expo/workingdir/build/node_modules/react-native-reanimated/android/.cxx/Debug/3g4h5ry4/arm64-v8a'
  [0/2] Re-checking globbed directories...
  [1/41] Building CXX object src/main/cpp/worklets/CMakeFiles/worklets.dir/home/expo/workingdir/build/node_modules/react-native-reanimated/Common/cpp/worklets/Registries/WorkletRuntimeRegistry.cpp.o
  [2/41] Building CXX object src/main/cpp/worklets/CMakeFiles/worklets.dir/home/expo/workingdir/build/node_modules/react-native-reanimated/Common/cpp/worklets/Tools/AsyncQueue.cpp.o
  [3/41] Building CXX object src/main/cpp/worklets/CMakeFiles/worklets.dir/home/expo/workingdir/build/node_modules/react-native-reanimated/Common/cpp/worklets/NativeModules/WorkletsModuleProxySpec.cpp.o
  [4/41] Building CXX object src/main/cpp/worklets/CMakeFiles/worklets.dir/home/expo/workingdir/build/node_modules/react-native-reanimated/Common/cpp/worklets/Tools/JSISerializer.cpp.o
  [5/41] Building CXX object src/main/cpp/worklets/CMakeFiles/worklets.dir/home/expo/workingdir/build/node_modules/react-native-reanimated/Common/cpp/worklets/Registries/EventHandlerRegistry.cpp.o
  [6/41] Building CXX object src/main/cpp/worklets/CMakeFiles/worklets.dir/home/expo/workingdir/build/node_modules/react-native-reanimated/Common/cpp/worklets/Tools/JSLogger.cpp.o
  [7/41] Building CXX object src/main/cpp/worklets/CMakeFiles/worklets.dir/home/expo/workingdir/build/node_modules/react-native-reanimated/Common/cpp/worklets/NativeModules/WorkletsModuleProxy.cpp.o
  [8/41] Building CXX object src/main/cpp/worklets/CMakeFiles/worklets.dir/home/expo/workingdir/build/node_modules/react-native-reanimated/Common/cpp/worklets/Tools/JSScheduler.cpp.o
  [9/41] Building CXX object src/main/cpp/worklets/CMakeFiles/worklets.dir/home/expo/workingdir/build/node_modules/react-native-reanimated/Common/cpp/worklets/Tools/ReanimatedJSIUtils.cpp.o
  [10/41] Building CXX object src/main/cpp/worklets/CMakeFiles/worklets.dir/home/expo/workingdir/build/node_modules/react-native-reanimated/Common/cpp/worklets/SharedItems/Shareables.cpp.o
  [11/41] Building CXX object src/main/cpp/worklets/CMakeFiles/worklets.dir/home/expo/workingdir/build/node_modules/react-native-reanimated/Common/cpp/worklets/Tools/UIScheduler.cpp.o
  [12/41] Building CXX object src/main/cpp/worklets/CMakeFiles/worklets.dir/home/expo/workingdir/build/node_modules/react-native-reanimated/Common/cpp/worklets/Tools/WorkletEventHandler.cpp.o
  [13/41] Building CXX object src/main/cpp/worklets/CMakeFiles/worklets.dir/home/expo/workingdir/build/node_modules/react-native-reanimated/Common/cpp/worklets/WorkletRuntime/ReanimatedRuntime.cpp.o
  [14/41] Building CXX object src/main/cpp/worklets/CMakeFiles/worklets.dir/home/expo/workingdir/build/node_modules/react-native-reanimated/Common/cpp/worklets/WorkletRuntime/RNRuntimeWorkletDecorator.cpp.o
  [15/41] Building CXX object src/main/cpp/worklets/CMakeFiles/worklets.dir/home/expo/workingdir/build/node_modules/react-native-reanimated/Common/cpp/worklets/Tools/ReanimatedVersion.cpp.o
  [16/41] Building CXX object src/main/cpp/worklets/CMakeFiles/worklets.dir/home/expo/workingdir/build/node_modules/react-native-reanimated/Common/cpp/worklets/WorkletRuntime/ReanimatedHermesRuntime.cpp.o
  [17/41] Building CXX object src/main/cpp/worklets/CMakeFiles/worklets.dir/android/PlatformLogger.cpp.o
  [18/41] Building CXX object src/main/cpp/worklets/CMakeFiles/worklets.dir/home/expo/workingdir/build/node_modules/react-native-reanimated/Common/cpp/worklets/WorkletRuntime/WorkletRuntime.cpp.o
  [19/41] Building CXX object src/main/cpp/reanimated/CMakeFiles/reanimated.dir/home/expo/workingdir/build/node_modules/react-native-reanimated/Common/cpp/reanimated/Fabric/PropsRegistry.cpp.o
  [20/41] Building CXX object src/main/cpp/reanimated/CMakeFiles/reanimated.dir/home/expo/workingdir/build/node_modules/react-native-reanimated/Common/cpp/reanimated/Fabric/ReanimatedCommitHook.cpp.o
  [21/41] Building CXX object src/main/cpp/reanimated/CMakeFiles/reanimated.dir/home/expo/workingdir/build/node_modules/react-native-reanimated/Common/cpp/reanimated/Fabric/ReanimatedMountHook.cpp.o
  [22/41] Building CXX object src/main/cpp/reanimated/CMakeFiles/reanimated.dir/home/expo/workingdir/build/node_modules/react-native-reanimated/Common/cpp/reanimated/Fabric/ShadowTreeCloner.cpp.o
  [23/41] Building CXX object src/main/cpp/reanimated/CMakeFiles/reanimated.dir/home/expo/workingdir/build/node_modules/react-native-reanimated/Common/cpp/reanimated/AnimatedSensor/AnimatedSensorModule.cpp.o
  [24/41] Building CXX object src/main/cpp/reanimated/CMakeFiles/reanimated.dir/home/expo/workingdir/build/node_modules/react-native-reanimated/Common/cpp/reanimated/LayoutAnimations/LayoutAnimationsProxy.cpp.o
  [25/41] Building CXX object src/main/cpp/reanimated/CMakeFiles/reanimated.dir/home/expo/workingdir/build/node_modules/react-native-reanimated/Common/cpp/reanimated/LayoutAnimations/LayoutAnimationsUtils.cpp.o
  [26/41] Building CXX object src/main/cpp/worklets/CMakeFiles/worklets.dir/android/AndroidUIScheduler.cpp.o
  FAILED: src/main/cpp/worklets/CMakeFiles/worklets.dir/android/AndroidUIScheduler.cpp.o 
  /home/expo/Android/Sdk/ndk/25.2.9519653/toolchains/llvm/prebuilt/linux-x86_64/bin/clang++ --target=aarch64-none-linux-android24 --sysroot=/home/expo/Android/Sdk/ndk/25.2.9519653/toolchains/llvm/prebuilt/linux-x86_64/sysroot -Dworklets_EXPORTS -I/home/expo/workingdir/build/node_modules/react-native-reanimated/android/../Common/cpp -I/home/expo/workingdir/build/node_modules/react-native-reanimated/android/src/main/cpp -I/home/expo/workingdir/build/node_modules/react-native/ReactCommon -I/home/expo/workingdir/build/node_modules/react-native/ReactAndroid/src/main/jni/react/turbomodule -I/home/expo/workingdir/build/node_modules/react-native/ReactCommon/react/nativemodule/core/ReactCommon -I/home/expo/workingdir/build/node_modules/react-native/ReactCommon/callinvoker -I/home/expo/workingdir/build/node_modules/react-native/ReactCommon/runtimeexecutor -isystem /home/expo/.gradle/caches/8.13/transforms/ed771317cb2da92ce986873cffcba24a/transformed/jetified-react-android-0.79.5-debug/prefab/modules/jsi/include -isystem /home/expo/.gradle/caches/8.13/transforms/e4a38a5dcab30c174afc48dae839e225/transformed/jetified-fbjni-0.7.0/prefab/modules/fbjni/include -isystem /home/expo/.gradle/caches/8.13/transforms/ed771317cb2da92ce986873cffcba24a/transformed/jetified-react-android-0.79.5-debug/prefab/modules/reactnative/include -isystem /home/expo/.gradle/caches/8.13/transforms/7c84675846292a13e9fc524fc3b21b5a/transformed/jetified-hermes-android-0.79.5-debug/prefab/modules/libhermes/include -isystem /home/expo/.gradle/caches/8.13/transforms/ed771317cb2da92ce986873cffcba24a/transformed/jetified-react-android-0.79.5-debug/prefab/modules/hermestooling/include -g -DANDROID -fdata-sections -ffunction-sections -funwind-tables -fstack-protector-strong -no-canonical-prefixes -D_FORTIFY_SOURCE=2 -Wformat -Werror=format-security   -DREACT_NATIVE_MINOR_VERSION=79   -DREANIMATED_VERSION=3.17.5    -DHERMES_ENABLE_DEBUGGER=1 -fexceptions -fno-omit-frame-pointer -frtti -fstack-protector-all   -std=c++20 -Wall -Werror -DJS_RUNTIME_HERMES=1 -fno-limit-debug-info  -fPIC -DFOLLY_NO_CONFIG=1 -DFOLLY_HAVE_CLOCK_GETTIME=1 -DFOLLY_USE_LIBCPP=1 -DFOLLY_CFG_NO_COROUTINES=1 -DFOLLY_MOBILE=1 -DFOLLY_HAVE_RECVMMSG=1 -DFOLLY_HAVE_PTHREAD=1 -DFOLLY_HAVE_XSI_STRERROR_R=1 -std=gnu++20 -MD -MT src/main/cpp/worklets/CMakeFiles/worklets.dir/android/AndroidUIScheduler.cpp.o -MF src/main/cpp/worklets/CMakeFiles/worklets.dir/android/AndroidUIScheduler.cpp.o.d -o src/main/cpp/worklets/CMakeFiles/worklets.dir/android/AndroidUIScheduler.cpp.o -c /home/expo/workingdir/build/node_modules/react-native-reanimated/android/src/main/cpp/worklets/android/AndroidUIScheduler.cpp
  In file included from /home/expo/workingdir/build/node_modules/react-native-reanimated/android/src/main/cpp/worklets/android/AndroidUIScheduler.cpp:1:
  In file included from /home/expo/workingdir/build/node_modules/react-native-reanimated/android/src/main/cpp/worklets/android/AndroidUIScheduler.h:8:
  In file included from /home/expo/.gradle/caches/8.13/transforms/ed771317cb2da92ce986873cffcba24a/transformed/jetified-react-android-0.79.5-debug/prefab/modules/reactnative/include/react/jni/CxxModuleWrapper.h:10:
In file included from /home/expo/.gradle/caches/8.13/transforms/ed771317cb2da92ce986873cffcba24a/transformed/jetified-react-android-0.79.5-debug/prefab/modules/reactnative/include/react/jni/CxxModuleWrapperBase.h:13:
  In file included from /home/expo/workingdir/build/node_modules/react-native/ReactCommon/cxxreact/CxxModule.h:15:
  In file included from /home/expo/.gradle/caches/8.13/transforms/ed771317cb2da92ce986873cffcba24a/transformed/jetified-react-android-0.79.5-debug/prefab/modules/reactnative/include/folly/dynamic.h:17:
  In file included from /home/expo/.gradle/caches/8.13/transforms/ed771317cb2da92ce986873cffcba24a/transformed/jetified-react-android-0.79.5-debug/prefab/modules/reactnative/include/folly/json/dynamic.h:74:
  In file included from /home/expo/.gradle/caches/8.13/transforms/ed771317cb2da92ce986873cffcba24a/transformed/jetified-react-android-0.79.5-debug/prefab/modules/reactnative/include/folly/container/F14Map.h:41:
  In file included from /home/expo/.gradle/caches/8.13/transforms/ed771317cb2da92ce986873cffcba24a/transformed/jetified-react-android-0.79.5-debug/prefab/modules/reactnative/include/folly/container/detail/F14MapFallback.h:26:
  /home/expo/.gradle/caches/8.13/transforms/ed771317cb2da92ce986873cffcba24a/transformed/jetified-react-android-0.79.5-debug/prefab/modules/reactnative/include/folly/container/detail/F14Table.h:254:20: error: no member named 'regular' in namespace 'std'
  static_assert(std::regular<F14HashToken>);
                ~~~~~^
  /home/expo/.gradle/caches/8.13/transforms/ed771317cb2da92ce986873cffcba24a/transformed/jetified-react-android-0.79.5-debug/prefab/modules/reactnative/include/folly/container/detail/F14Table.h:254:28: error: 'F14HashToken' does not refer to a value
  static_assert(std::regular<F14HashToken>);
                             ^
  /home/expo/.gradle/caches/8.13/transforms/ed771317cb2da92ce986873cffcba24a/transformed/jetified-react-android-0.79.5-debug/prefab/modules/reactnative/include/folly/container/detail/F14Table.h:241:7: note: declared here
  class F14HashToken final {
        ^
  /home/expo/.gradle/caches/8.13/transforms/ed771317cb2da92ce986873cffcba24a/transformed/jetified-react-android-0.79.5-debug/prefab/modules/reactnative/include/folly/container/detail/F14Table.h:254:41: error: expected expression
  static_assert(std::regular<F14HashToken>);
                                          ^
  3 errors generated.
  [27/41] Building CXX object src/main/cpp/worklets/CMakeFiles/worklets.dir/home/expo/workingdir/build/node_modules/react-native-reanimated/Common/cpp/worklets/WorkletRuntime/WorkletRuntimeDecorator.cpp.o
  [28/41] Building CXX object src/main/cpp/worklets/CMakeFiles/worklets.dir/android/WorkletsModule.cpp.o
  FAILED: src/main/cpp/worklets/CMakeFiles/worklets.dir/android/WorkletsModule.cpp.o 
  /home/expo/Android/Sdk/ndk/25.2.9519653/toolchains/llvm/prebuilt/linux-x86_64/bin/clang++ --target=aarch64-none-linux-android24 --sysroot=/home/expo/Android/Sdk/ndk/25.2.9519653/toolchains/llvm/prebuilt/linux-x86_64/sysroot -Dworklets_EXPORTS -I/home/expo/workingdir/build/node_modules/react-native-reanimated/android/../Common/cpp -I/home/expo/workingdir/build/node_modules/react-native-reanimated/android/src/main/cpp -I/home/expo/workingdir/build/node_modules/react-native/ReactCommon -I/home/expo/workingdir/build/node_modules/react-native/ReactAndroid/src/main/jni/react/turbomodule -I/home/expo/workingdir/build/node_modules/react-native/ReactCommon/react/nativemodule/core/ReactCommon -I/home/expo/workingdir/build/node_modules/react-native/ReactCommon/callinvoker -I/home/expo/workingdir/build/node_modules/react-native/ReactCommon/runtimeexecutor -isystem /home/expo/.gradle/caches/8.13/transforms/ed771317cb2da92ce986873cffcba24a/transformed/jetified-react-android-0.79.5-debug/prefab/modules/jsi/include -isystem /home/expo/.gradle/caches/8.13/transforms/e4a38a5dcab30c174afc48dae839e225/transformed/jetified-fbjni-0.7.0/prefab/modules/fbjni/include -isystem /home/expo/.gradle/caches/8.13/transforms/ed771317cb2da92ce986873cffcba24a/transformed/jetified-react-android-0.79.5-debug/prefab/modules/reactnative/include -isystem /home/expo/.gradle/caches/8.13/transforms/7c84675846292a13e9fc524fc3b21b5a/transformed/jetified-hermes-android-0.79.5-debug/prefab/modules/libhermes/include -isystem /home/expo/.gradle/caches/8.13/transforms/ed771317cb2da92ce986873cffcba24a/transformed/jetified-react-android-0.79.5-debug/prefab/modules/hermestooling/include -g -DANDROID -fdata-sections -ffunction-sections -funwind-tables -fstack-protector-strong -no-canonical-prefixes -D_FORTIFY_SOURCE=2 -Wformat -Werror=format-security   -DREACT_NATIVE_MINOR_VERSION=79   -DREANIMATED_VERSION=3.17.5    -DHERMES_ENABLE_DEBUGGER=1 -fexceptions -fno-omit-frame-pointer -frtti -fstack-protector-all   -std=c++20 -Wall -Werror -DJS_RUNTIME_HERMES=1 -fno-limit-debug-info  -fPIC -DFOLLY_NO_CONFIG=1 -DFOLLY_HAVE_CLOCK_GETTIME=1 -DFOLLY_USE_LIBCPP=1 -DFOLLY_CFG_NO_COROUTINES=1 -DFOLLY_MOBILE=1 -DFOLLY_HAVE_RECVMMSG=1 -DFOLLY_HAVE_PTHREAD=1 -DFOLLY_HAVE_XSI_STRERROR_R=1 -std=gnu++20 -MD -MT src/main/cpp/worklets/CMakeFiles/worklets.dir/android/WorkletsModule.cpp.o -MF src/main/cpp/worklets/CMakeFiles/worklets.dir/android/WorkletsModule.cpp.o.d -o src/main/cpp/worklets/CMakeFiles/worklets.dir/android/WorkletsModule.cpp.o -c /home/expo/workingdir/build/node_modules/react-native-reanimated/android/src/main/cpp/worklets/android/WorkletsModule.cpp
  In file included from /home/expo/workingdir/build/node_modules/react-native-reanimated/android/src/main/cpp/worklets/android/WorkletsModule.cpp:3:
  In file included from /home/expo/.gradle/caches/8.13/transforms/ed771317cb2da92ce986873cffcba24a/transformed/jetified-react-android-0.79.5-debug/prefab/modules/jsi/include/jsi/JSIDynamic.h:10:
  In file included from /home/expo/.gradle/caches/8.13/transforms/ed771317cb2da92ce986873cffcba24a/transformed/jetified-react-android-0.79.5-debug/prefab/modules/reactnative/include/folly/dynamic.h:17:
  In file included from /home/expo/.gradle/caches/8.13/transforms/ed771317cb2da92ce986873cffcba24a/transformed/jetified-react-android-0.79.5-debug/prefab/modules/reactnative/include/folly/json/dynamic.h:74:
  In file included from /home/expo/.gradle/caches/8.13/transforms/ed771317cb2da92ce986873cffcba24a/transformed/jetified-react-android-0.79.5-debug/prefab/modules/reactnative/include/folly/container/F14Map.h:41:
  In file included from /home/expo/.gradle/caches/8.13/transforms/ed771317cb2da92ce986873cffcba24a/transformed/jetified-react-android-0.79.5-debug/prefab/modules/reactnative/include/folly/container/detail/F14MapFallback.h:26:
  /home/expo/.gradle/caches/8.13/transforms/ed771317cb2da92ce986873cffcba24a/transformed/jetified-react-android-0.79.5-debug/prefab/modules/reactnative/include/folly/container/detail/F14Table.h:254:20: error: no member named 'regular' in namespace 'std'
  static_assert(std::regular<F14HashToken>);
                ~~~~~^
  /home/expo/.gradle/caches/8.13/transforms/ed771317cb2da92ce986873cffcba24a/transformed/jetified-react-android-0.79.5-debug/prefab/modules/reactnative/include/folly/container/detail/F14Table.h:254:28: error: 'F14HashToken' does not refer to a value
  static_assert(std::regular<F14HashToken>);
                             ^
  /home/expo/.gradle/caches/8.13/transforms/ed771317cb2da92ce986873cffcba24a/transformed/jetified-react-android-0.79.5-debug/prefab/modules/reactnative/include/folly/container/detail/F14Table.h:241:7: note: declared here
  class F14HashToken final {
        ^
  /home/expo/.gradle/caches/8.13/transforms/ed771317cb2da92ce986873cffcba24a/transformed/jetified-react-android-0.79.5-debug/prefab/modules/reactnative/include/folly/container/detail/F14Table.h:254:41: error: expected expression
  static_assert(std::regular<F14HashToken>);
                                          ^
  3 errors generated.
  [29/41] Building CXX object src/main/cpp/worklets/CMakeFiles/worklets.dir/android/WorkletsOnLoad.cpp.o
  FAILED: src/main/cpp/worklets/CMakeFiles/worklets.dir/android/WorkletsOnLoad.cpp.o 
  /home/expo/Android/Sdk/ndk/25.2.9519653/toolchains/llvm/prebuilt/linux-x86_64/bin/clang++ --target=aarch64-none-linux-android24 --sysroot=/home/expo/Android/Sdk/ndk/25.2.9519653/toolchains/llvm/prebuilt/linux-x86_64/sysroot -Dworklets_EXPORTS -I/home/expo/workingdir/build/node_modules/react-native-reanimated/android/../Common/cpp -I/home/expo/workingdir/build/node_modules/react-native-reanimated/android/src/main/cpp -I/home/expo/workingdir/build/node_modules/react-native/ReactCommon -I/home/expo/workingdir/build/node_modules/react-native/ReactAndroid/src/main/jni/react/turbomodule -I/home/expo/workingdir/build/node_modules/react-native/ReactCommon/react/nativemodule/core/ReactCommon -I/home/expo/workingdir/build/node_modules/react-native/ReactCommon/callinvoker -I/home/expo/workingdir/build/node_modules/react-native/ReactCommon/runtimeexecutor -isystem /home/expo/.gradle/caches/8.13/transforms/ed771317cb2da92ce986873cffcba24a/transformed/jetified-react-android-0.79.5-debug/prefab/modules/jsi/include -isystem /home/expo/.gradle/caches/8.13/transforms/e4a38a5dcab30c174afc48dae839e225/transformed/jetified-fbjni-0.7.0/prefab/modules/fbjni/include -isystem /home/expo/.gradle/caches/8.13/transforms/ed771317cb2da92ce986873cffcba24a/transformed/jetified-react-android-0.79.5-debug/prefab/modules/reactnative/include -isystem /home/expo/.gradle/caches/8.13/transforms/7c84675846292a13e9fc524fc3b21b5a/transformed/jetified-hermes-android-0.79.5-debug/prefab/modules/libhermes/include -isystem /home/expo/.gradle/caches/8.13/transforms/ed771317cb2da92ce986873cffcba24a/transformed/jetified-react-android-0.79.5-debug/prefab/modules/hermestooling/include -g -DANDROID -fdata-sections -ffunction-sections -funwind-tables -fstack-protector-strong -no-canonical-prefixes -D_FORTIFY_SOURCE=2 -Wformat -Werror=format-security   -DREACT_NATIVE_MINOR_VERSION=79   -DREANIMATED_VERSION=3.17.5    -DHERMES_ENABLE_DEBUGGER=1 -fexceptions -fno-omit-frame-pointer -frtti -fstack-protector-all   -std=c++20 -Wall -Werror -DJS_RUNTIME_HERMES=1 -fno-limit-debug-info  -fPIC -DFOLLY_NO_CONFIG=1 -DFOLLY_HAVE_CLOCK_GETTIME=1 -DFOLLY_USE_LIBCPP=1 -DFOLLY_CFG_NO_COROUTINES=1 -DFOLLY_MOBILE=1 -DFOLLY_HAVE_RECVMMSG=1 -DFOLLY_HAVE_PTHREAD=1 -DFOLLY_HAVE_XSI_STRERROR_R=1 -std=gnu++20 -MD -MT src/main/cpp/worklets/CMakeFiles/worklets.dir/android/WorkletsOnLoad.cpp.o -MF src/main/cpp/worklets/CMakeFiles/worklets.dir/android/WorkletsOnLoad.cpp.o.d -o src/main/cpp/worklets/CMakeFiles/worklets.dir/android/WorkletsOnLoad.cpp.o -c /home/expo/workingdir/build/node_modules/react-native-reanimated/android/src/main/cpp/worklets/android/WorkletsOnLoad.cpp
  In file included from /home/expo/workingdir/build/node_modules/react-native-reanimated/android/src/main/cpp/worklets/android/WorkletsOnLoad.cpp:3:
  In file included from /home/expo/workingdir/build/node_modules/react-native-reanimated/android/src/main/cpp/worklets/android/AndroidUIScheduler.h:8:
  In file included from /home/expo/.gradle/caches/8.13/transforms/ed771317cb2da92ce986873cffcba24a/transformed/jetified-react-android-0.79.5-debug/prefab/modules/reactnative/include/react/jni/CxxModuleWrapper.h:10:
  In file included from /home/expo/.gradle/caches/8.13/transforms/ed771317cb2da92ce986873cffcba24a/transformed/jetified-react-android-0.79.5-debug/prefab/modules/reactnative/include/react/jni/CxxModuleWrapperBase.h:13:
  In file included from /home/expo/workingdir/build/node_modules/react-native/ReactCommon/cxxreact/CxxModule.h:15:
  In file included from /home/expo/.gradle/caches/8.13/transforms/ed771317cb2da92ce986873cffcba24a/transformed/jetified-react-android-0.79.5-debug/prefab/modules/reactnative/include/folly/dynamic.h:17:
  In file included from /home/expo/.gradle/caches/8.13/transforms/ed771317cb2da92ce986873cffcba24a/transformed/jetified-react-android-0.79.5-debug/prefab/modules/reactnative/include/folly/json/dynamic.h:74:
  In file included from /home/expo/.gradle/caches/8.13/transforms/ed771317cb2da92ce986873cffcba24a/transformed/jetified-react-android-0.79.5-debug/prefab/modules/reactnative/include/folly/container/F14Map.h:41:
  In file included from /home/expo/.gradle/caches/8.13/transforms/ed771317cb2da92ce986873cffcba24a/transformed/jetified-react-android-0.79.5-debug/prefab/modules/reactnative/include/folly/container/detail/F14MapFallback.h:26:
  /home/expo/.gradle/caches/8.13/transforms/ed771317cb2da92ce986873cffcba24a/transformed/jetified-react-android-0.79.5-debug/prefab/modules/reactnative/include/folly/container/detail/F14Table.h:254:20: error: no member named 'regular' in namespace 'std'
  static_assert(std::regular<F14HashToken>);
                ~~~~~^
  /home/expo/.gradle/caches/8.13/transforms/ed771317cb2da92ce986873cffcba24a/transformed/jetified-react-android-0.79.5-debug/prefab/modules/reactnative/include/folly/container/detail/F14Table.h:254:28: error: 'F14HashToken' does not refer to a value
  static_assert(std::regular<F14HashToken>);
                             ^
  /home/expo/.gradle/caches/8.13/transforms/ed771317cb2da92ce986873cffcba24a/transformed/jetified-react-android-0.79.5-debug/prefab/modules/reactnative/include/folly/container/detail/F14Table.h:241:7: note: declared here
  class F14HashToken final {
        ^
  /home/expo/.gradle/caches/8.13/transforms/ed771317cb2da92ce986873cffcba24a/transformed/jetified-react-android-0.79.5-debug/prefab/modules/reactnative/include/folly/container/detail/F14Table.h:254:41: error: expected expression
  static_assert(std::regular<F14HashToken>);
                                          ^
  3 errors generated.
  [30/41] Building CXX object src/main/cpp/reanimated/CMakeFiles/reanimated.dir/home/expo/workingdir/build/node_modules/react-native-reanimated/Common/cpp/reanimated/LayoutAnimations/LayoutAnimationsManager.cpp.o
  [31/41] Building CXX object src/main/cpp/reanimated/CMakeFiles/reanimated.dir/home/expo/workingdir/build/node_modules/react-native-reanimated/Common/cpp/reanimated/NativeModules/ReanimatedModuleProxy.cpp.o
  ninja: build stopped: subcommand failed.
  
  C++ build system [build] failed while executing:
      /home/expo/Android/Sdk/cmake/3.22.1/bin/ninja \
        -C \
        /home/expo/workingdir/build/node_modules/react-native-reanimated/android/.cxx/Debug/3g4h5ry4/arm64-v8a \
        reanimated \
        worklets
    from /home/expo/workingdir/build/node_modules/react-native-reanimated/android
* Try:
> Run with --stacktrace option to get the stack trace.
> Run with --info or --debug option to get more log output.
> Run with --scan to get full insights.
> Get more help at https://help.gradle.org.
==============================================================================
BUILD FAILED in 4m 44s
Deprecated Gradle features were used in this build, making it incompatible with Gradle 9.0.
You can use '--warning-mode all' to show the individual deprecation warnings and determine if they come from your own scripts or plugins.
For more on this, please refer to https://docs.gradle.org/8.13/userguide/command_line_interface.html#sec:command_line_warnings in the Gradle documentation.
487 actionable tasks: 486 executed, 1 up-to-date
Error: Gradle build failed with unknown error. See logs for the "Run gradlew" phase for more information.