# JRE version: OpenJDK Runtime Environment Temurin-21.0.9+10 (21.0.9+10) (build 21.0.9+10-LTS)
# Java VM: OpenJDK 64-Bit Server VM Temurin-21.0.9+10 (21.0.9+10-LTS, mixed mode, sharing, tiered, compressed oops, compressed class ptrs, parallel gc, windows-amd64)
GC Precious Log:
 CardTable entry size: 512
 CPUs: 12 total, 12 available
 Memory: 32542M
 Large Page Support: Disabled
 NUMA Support: Disabled
 Compressed Oops: Enabled (32-bit)
 Alignments: Space 512K, Generation 512K, Heap 2M
 Heap Min Capacity: 100M
 Heap Initial Capacity: 100M
 Heap Max Capacity: 2G
 Pre-touch: Disabled
 Parallel Workers: 10
Heap:
 PSYoungGen      total 6144K, used 4741K [0x00000000d5580000, 0x00000000d5d80000, 0x0000000100000000)
  eden space 5632K, 79% used [0x00000000d5580000,0x00000000d59d96c0,0x00000000d5b00000)
  from space 512K, 56% used [0x00000000d5d00000,0x00000000d5d48000,0x00000000d5d80000)
  to   space 512K, 0% used [0x00000000d5c80000,0x00000000d5c80000,0x00000000d5d00000)
 ParOldGen       total 243712K, used 243477K [0x0000000080000000, 0x000000008ee00000, 0x00000000d5580000)
  object space 243712K, 99% used [0x0000000080000000,0x000000008edc5708,0x000000008ee00000)
 Metaspace       used 58154K, committed 59584K, reserved 1114112K
  class space    used 6679K, committed 7296K, reserved 1048576K
GC Heap History (20 events):
Event: 14.526 GC heap before
{Heap before GC invocations=597 (full 2):
 PSYoungGen      total 6144K, used 5952K [0x00000000d5580000, 0x00000000d5d80000, 0x0000000100000000)
  eden space 5632K, 100% used [0x00000000d5580000,0x00000000d5b00000,0x00000000d5b00000)
  from space 512K, 62% used [0x00000000d5d00000,0x00000000d5d50000,0x00000000d5d80000)
  to   space 512K, 0% used [0x00000000d5c80000,0x00000000d5c80000,0x00000000d5d00000)
 ParOldGen       total 242688K, used 242681K [0x0000000080000000, 0x000000008ed00000, 0x00000000d5580000)
  object space 242688K, 99% used [0x0000000080000000,0x000000008ecfe5b8,0x000000008ed00000)
 Metaspace       used 57778K, committed 59072K, reserved 1114112K
  class space    used 6647K, committed 7168K, reserved 1048576K
}
Event: 14.526 GC heap after
{Heap after GC invocations=597 (full 2):
 PSYoungGen      total 6144K, used 368K [0x00000000d5580000, 0x00000000d5d80000, 0x0000000100000000)
  eden space 5632K, 0% used [0x00000000d5580000,0x00000000d5580000,0x00000000d5b00000)
  from space 512K, 72% used [0x00000000d5c80000,0x00000000d5cdc290,0x00000000d5d00000)
  to   space 512K, 0% used [0x00000000d5d00000,0x00000000d5d00000,0x00000000d5d80000)
 ParOldGen       total 243200K, used 242817K [0x0000000080000000, 0x000000008ed80000, 0x00000000d5580000)
  object space 243200K, 99% used [0x0000000080000000,0x000000008ed205b8,0x000000008ed80000)
 Metaspace       used 57778K, committed 59072K, reserved 1114112K
  class space    used 6647K, committed 7168K, reserved 1048576K
}
Event: 14.536 GC heap before
{Heap before GC invocations=598 (full 2):
 PSYoungGen      total 6144K, used 6000K [0x00000000d5580000, 0x00000000d5d80000, 0x0000000100000000)
  eden space 5632K, 100% used [0x00000000d5580000,0x00000000d5b00000,0x00000000d5b00000)
  from space 512K, 72% used [0x00000000d5c80000,0x00000000d5cdc290,0x00000000d5d00000)
  to   space 512K, 0% used [0x00000000d5d00000,0x00000000d5d00000,0x00000000d5d80000)
 ParOldGen       total 243200K, used 242817K [0x0000000080000000, 0x000000008ed80000, 0x00000000d5580000)
  object space 243200K, 99% used [0x0000000080000000,0x000000008ed205b8,0x000000008ed80000)
 Metaspace       used 57778K, committed 59072K, reserved 1114112K
  class space    used 6647K, committed 7168K, reserved 1048576K
}
Event: 14.537 GC heap after
{Heap after GC invocations=598 (full 2):
 PSYoungGen      total 6144K, used 320K [0x00000000d5580000, 0x00000000d5d80000, 0x0000000100000000)
  eden space 5632K, 0% used [0x00000000d5580000,0x00000000d5580000,0x00000000d5b00000)
  from space 512K, 62% used [0x00000000d5d00000,0x00000000d5d50000,0x00000000d5d80000)
  to   space 512K, 0% used [0x00000000d5c80000,0x00000000d5c80000,0x00000000d5d00000)
 ParOldGen       total 243200K, used 242957K [0x0000000080000000, 0x000000008ed80000, 0x00000000d5580000)
  object space 243200K, 99% used [0x0000000080000000,0x000000008ed43708,0x000000008ed80000)
 Metaspace       used 57778K, committed 59072K, reserved 1114112K
  class space    used 6647K, committed 7168K, reserved 1048576K
}
Event: 14.545 GC heap before
{Heap before GC invocations=599 (full 2):
 PSYoungGen      total 6144K, used 5952K [0x00000000d5580000, 0x00000000d5d80000, 0x0000000100000000)
  eden space 5632K, 100% used [0x00000000d5580000,0x00000000d5b00000,0x00000000d5b00000)
  from space 512K, 62% used [0x00000000d5d00000,0x00000000d5d50000,0x00000000d5d80000)
  to   space 512K, 0% used [0x00000000d5c80000,0x00000000d5c80000,0x00000000d5d00000)
 ParOldGen       total 243200K, used 242957K [0x0000000080000000, 0x000000008ed80000, 0x00000000d5580000)
  object space 243200K, 99% used [0x0000000080000000,0x000000008ed43708,0x000000008ed80000)
 Metaspace       used 57778K, committed 59072K, reserved 1114112K
  class space    used 6647K, committed 7168K, reserved 1048576K
}
Event: 14.545 GC heap after
{Heap after GC invocations=599 (full 2):
 PSYoungGen      total 6144K, used 442K [0x00000000d5580000, 0x00000000d5d80000, 0x0000000100000000)
  eden space 5632K, 0% used [0x00000000d5580000,0x00000000d5580000,0x00000000d5b00000)
  from space 512K, 86% used [0x00000000d5c80000,0x00000000d5cee908,0x00000000d5d00000)
  to   space 512K, 0% used [0x00000000d5d00000,0x00000000d5d00000,0x00000000d5d80000)
 ParOldGen       total 243200K, used 243021K [0x0000000080000000, 0x000000008ed80000, 0x00000000d5580000)
  object space 243200K, 99% used [0x0000000080000000,0x000000008ed53708,0x000000008ed80000)
 Metaspace       used 57778K, committed 59072K, reserved 1114112K
  class space    used 6647K, committed 7168K, reserved 1048576K
}
Event: 14.559 GC heap before
{Heap before GC invocations=600 (full 2):
 PSYoungGen      total 6144K, used 6074K [0x00000000d5580000, 0x00000000d5d80000, 0x0000000100000000)
  eden space 5632K, 100% used [0x00000000d5580000,0x00000000d5b00000,0x00000000d5b00000)
  from space 512K, 86% used [0x00000000d5c80000,0x00000000d5cee908,0x00000000d5d00000)
  to   space 512K, 0% used [0x00000000d5d00000,0x00000000d5d00000,0x00000000d5d80000)
 ParOldGen       total 243200K, used 243021K [0x0000000080000000, 0x000000008ed80000, 0x00000000d5580000)
  object space 243200K, 99% used [0x0000000080000000,0x000000008ed53708,0x000000008ed80000)
 Metaspace       used 57778K, committed 59072K, reserved 1114112K
  class space    used 6647K, committed 7168K, reserved 1048576K
}
Event: 14.560 GC heap after
{Heap after GC invocations=600 (full 2):
 PSYoungGen      total 6144K, used 352K [0x00000000d5580000, 0x00000000d5d80000, 0x0000000100000000)
  eden space 5632K, 0% used [0x00000000d5580000,0x00000000d5580000,0x00000000d5b00000)
  from space 512K, 68% used [0x00000000d5d00000,0x00000000d5d58000,0x00000000d5d80000)
  to   space 512K, 0% used [0x00000000d5c80000,0x00000000d5c80000,0x00000000d5d00000)
 ParOldGen       total 243200K, used 243085K [0x0000000080000000, 0x000000008ed80000, 0x00000000d5580000)
  object space 243200K, 99% used [0x0000000080000000,0x000000008ed63708,0x000000008ed80000)
 Metaspace       used 57778K, committed 59072K, reserved 1114112K
  class space    used 6647K, committed 7168K, reserved 1048576K
}
Event: 14.574 GC heap before
{Heap before GC invocations=601 (full 2):
 PSYoungGen      total 6144K, used 5984K [0x00000000d5580000, 0x00000000d5d80000, 0x0000000100000000)
  eden space 5632K, 100% used [0x00000000d5580000,0x00000000d5b00000,0x00000000d5b00000)
  from space 512K, 68% used [0x00000000d5d00000,0x00000000d5d58000,0x00000000d5d80000)
  to   space 512K, 0% used [0x00000000d5c80000,0x00000000d5c80000,0x00000000d5d00000)
 ParOldGen       total 243200K, used 243085K [0x0000000080000000, 0x000000008ed80000, 0x00000000d5580000)
  object space 243200K, 99% used [0x0000000080000000,0x000000008ed63708,0x000000008ed80000)
 Metaspace       used 57778K, committed 59072K, reserved 1114112K
  class space    used 6647K, committed 7168K, reserved 1048576K
}
Event: 14.575 GC heap after
{Heap after GC invocations=601 (full 2):
 PSYoungGen      total 6144K, used 351K [0x00000000d5580000, 0x00000000d5d80000, 0x0000000100000000)
  eden space 5632K, 0% used [0x00000000d5580000,0x00000000d5580000,0x00000000d5b00000)
  from space 512K, 68% used [0x00000000d5c80000,0x00000000d5cd7ee8,0x00000000d5d00000)
  to   space 512K, 0% used [0x00000000d5d00000,0x00000000d5d00000,0x00000000d5d80000)
 ParOldGen       total 243200K, used 243157K [0x0000000080000000, 0x000000008ed80000, 0x00000000d5580000)
  object space 243200K, 99% used [0x0000000080000000,0x000000008ed75708,0x000000008ed80000)
 Metaspace       used 57778K, committed 59072K, reserved 1114112K
  class space    used 6647K, committed 7168K, reserved 1048576K
}
Event: 14.586 GC heap before
{Heap before GC invocations=602 (full 2):
 PSYoungGen      total 6144K, used 5983K [0x00000000d5580000, 0x00000000d5d80000, 0x0000000100000000)
  eden space 5632K, 100% used [0x00000000d5580000,0x00000000d5b00000,0x00000000d5b00000)
  from space 512K, 68% used [0x00000000d5c80000,0x00000000d5cd7ee8,0x00000000d5d00000)
  to   space 512K, 0% used [0x00000000d5d00000,0x00000000d5d00000,0x00000000d5d80000)
 ParOldGen       total 243200K, used 243157K [0x0000000080000000, 0x000000008ed80000, 0x00000000d5580000)
  object space 243200K, 99% used [0x0000000080000000,0x000000008ed75708,0x000000008ed80000)
 Metaspace       used 57779K, committed 59072K, reserved 1114112K
  class space    used 6647K, committed 7168K, reserved 1048576K
}
Event: 14.586 GC heap after
{Heap after GC invocations=602 (full 2):
 PSYoungGen      total 6144K, used 358K [0x00000000d5580000, 0x00000000d5d80000, 0x0000000100000000)
  eden space 5632K, 0% used [0x00000000d5580000,0x00000000d5580000,0x00000000d5b00000)
  from space 512K, 69% used [0x00000000d5d00000,0x00000000d5d59868,0x00000000d5d80000)
  to   space 512K, 0% used [0x00000000d5c80000,0x00000000d5c80000,0x00000000d5d00000)
 ParOldGen       total 243712K, used 243229K [0x0000000080000000, 0x000000008ee00000, 0x00000000d5580000)
  object space 243712K, 99% used [0x0000000080000000,0x000000008ed87708,0x000000008ee00000)
 Metaspace       used 57779K, committed 59072K, reserved 1114112K
  class space    used 6647K, committed 7168K, reserved 1048576K
}
Event: 14.599 GC heap before
{Heap before GC invocations=603 (full 2):
 PSYoungGen      total 6144K, used 5990K [0x00000000d5580000, 0x00000000d5d80000, 0x0000000100000000)
  eden space 5632K, 100% used [0x00000000d5580000,0x00000000d5b00000,0x00000000d5b00000)
  from space 512K, 69% used [0x00000000d5d00000,0x00000000d5d59868,0x00000000d5d80000)
  to   space 512K, 0% used [0x00000000d5c80000,0x00000000d5c80000,0x00000000d5d00000)
 ParOldGen       total 243712K, used 243229K [0x0000000080000000, 0x000000008ee00000, 0x00000000d5580000)
  object space 243712K, 99% used [0x0000000080000000,0x000000008ed87708,0x000000008ee00000)
 Metaspace       used 57779K, committed 59072K, reserved 1114112K
  class space    used 6647K, committed 7168K, reserved 1048576K
}
Event: 14.599 GC heap after
{Heap after GC invocations=603 (full 2):
 PSYoungGen      total 6144K, used 320K [0x00000000d5580000, 0x00000000d5d80000, 0x0000000100000000)
  eden space 5632K, 0% used [0x00000000d5580000,0x00000000d5580000,0x00000000d5b00000)
  from space 512K, 62% used [0x00000000d5c80000,0x00000000d5cd0000,0x00000000d5d00000)
  to   space 512K, 0% used [0x00000000d5d00000,0x00000000d5d00000,0x00000000d5d80000)
 ParOldGen       total 243712K, used 243309K [0x0000000080000000, 0x000000008ee00000, 0x00000000d5580000)
  object space 243712K, 99% used [0x0000000080000000,0x000000008ed9b708,0x000000008ee00000)
 Metaspace       used 57779K, committed 59072K, reserved 1114112K
  class space    used 6647K, committed 7168K, reserved 1048576K
}
Event: 14.611 GC heap before
{Heap before GC invocations=604 (full 2):
 PSYoungGen      total 6144K, used 5952K [0x00000000d5580000, 0x00000000d5d80000, 0x0000000100000000)
  eden space 5632K, 100% used [0x00000000d5580000,0x00000000d5b00000,0x00000000d5b00000)
  from space 512K, 62% used [0x00000000d5c80000,0x00000000d5cd0000,0x00000000d5d00000)
  to   space 512K, 0% used [0x00000000d5d00000,0x00000000d5d00000,0x00000000d5d80000)
 ParOldGen       total 243712K, used 243309K [0x0000000080000000, 0x000000008ee00000, 0x00000000d5580000)
  object space 243712K, 99% used [0x0000000080000000,0x000000008ed9b708,0x000000008ee00000)
 Metaspace       used 57780K, committed 59072K, reserved 1114112K
  class space    used 6647K, committed 7168K, reserved 1048576K
}
Event: 14.612 GC heap after
{Heap after GC invocations=604 (full 2):
 PSYoungGen      total 6144K, used 320K [0x00000000d5580000, 0x00000000d5d80000, 0x0000000100000000)
  eden space 5632K, 0% used [0x00000000d5580000,0x00000000d5580000,0x00000000d5b00000)
  from space 512K, 62% used [0x00000000d5d00000,0x00000000d5d50000,0x00000000d5d80000)
  to   space 512K, 0% used [0x00000000d5c80000,0x00000000d5c80000,0x00000000d5d00000)
 ParOldGen       total 243712K, used 243357K [0x0000000080000000, 0x000000008ee00000, 0x00000000d5580000)
  object space 243712K, 99% used [0x0000000080000000,0x000000008eda7708,0x000000008ee00000)
 Metaspace       used 57780K, committed 59072K, reserved 1114112K
  class space    used 6647K, committed 7168K, reserved 1048576K
}
Event: 14.621 GC heap before
{Heap before GC invocations=605 (full 2):
 PSYoungGen      total 6144K, used 5952K [0x00000000d5580000, 0x00000000d5d80000, 0x0000000100000000)
  eden space 5632K, 100% used [0x00000000d5580000,0x00000000d5b00000,0x00000000d5b00000)
  from space 512K, 62% used [0x00000000d5d00000,0x00000000d5d50000,0x00000000d5d80000)
  to   space 512K, 0% used [0x00000000d5c80000,0x00000000d5c80000,0x00000000d5d00000)
 ParOldGen       total 243712K, used 243357K [0x0000000080000000, 0x000000008ee00000, 0x00000000d5580000)
  object space 243712K, 99% used [0x0000000080000000,0x000000008eda7708,0x000000008ee00000)
 Metaspace       used 57780K, committed 59072K, reserved 1114112K
  class space    used 6647K, committed 7168K, reserved 1048576K
}
Event: 14.622 GC heap after
{Heap after GC invocations=605 (full 2):
 PSYoungGen      total 6144K, used 354K [0x00000000d5580000, 0x00000000d5d80000, 0x0000000100000000)
  eden space 5632K, 0% used [0x00000000d5580000,0x00000000d5580000,0x00000000d5b00000)
  from space 512K, 69% used [0x00000000d5c80000,0x00000000d5cd8b48,0x00000000d5d00000)
  to   space 512K, 0% used [0x00000000d5d00000,0x00000000d5d00000,0x00000000d5d80000)
 ParOldGen       total 243712K, used 243413K [0x0000000080000000, 0x000000008ee00000, 0x00000000d5580000)
  object space 243712K, 99% used [0x0000000080000000,0x000000008edb5708,0x000000008ee00000)
 Metaspace       used 57780K, committed 59072K, reserved 1114112K
  class space    used 6647K, committed 7168K, reserved 1048576K
}
Event: 15.333 GC heap before
{Heap before GC invocations=606 (full 2):
 PSYoungGen      total 6144K, used 5986K [0x00000000d5580000, 0x00000000d5d80000, 0x0000000100000000)
  eden space 5632K, 100% used [0x00000000d5580000,0x00000000d5b00000,0x00000000d5b00000)
  from space 512K, 69% used [0x00000000d5c80000,0x00000000d5cd8b48,0x00000000d5d00000)
  to   space 512K, 0% used [0x00000000d5d00000,0x00000000d5d00000,0x00000000d5d80000)
 ParOldGen       total 243712K, used 243413K [0x0000000080000000, 0x000000008ee00000, 0x00000000d5580000)
  object space 243712K, 99% used [0x0000000080000000,0x000000008edb5708,0x000000008ee00000)
 Metaspace       used 57885K, committed 59264K, reserved 1114112K
  class space    used 6665K, committed 7232K, reserved 1048576K
}
Event: 15.334 GC heap after
{Heap after GC invocations=606 (full 2):
 PSYoungGen      total 6144K, used 288K [0x00000000d5580000, 0x00000000d5d80000, 0x0000000100000000)
  eden space 5632K, 0% used [0x00000000d5580000,0x00000000d5580000,0x00000000d5b00000)
  from space 512K, 56% used [0x00000000d5d00000,0x00000000d5d48000,0x00000000d5d80000)
  to   space 512K, 0% used [0x00000000d5c80000,0x00000000d5c80000,0x00000000d5d00000)
 ParOldGen       total 243712K, used 243477K [0x0000000080000000, 0x000000008ee00000, 0x00000000d5580000)
  object space 243712K, 99% used [0x0000000080000000,0x000000008edc5708,0x000000008ee00000)
 Metaspace       used 57885K, committed 59264K, reserved 1114112K
  class space    used 6665K, committed 7232K, reserved 1048576K
}

