# JRE version: OpenJDK Runtime Environment Temurin-21.0.9+10 (21.0.9+10) (build 21.0.9+10-LTS)
# Java VM: OpenJDK 64-Bit Server VM Temurin-21.0.9+10 (21.0.9+10-LTS, mixed mode, sharing, tiered, compressed oops, compressed class ptrs, parallel gc, windows-amd64)
GC Precious Log:
 CardTable entry size: 512
 CPUs: 12 total, 12 available
 Memory: 32542M
 Large Page Support: Disabled
 NUMA Support: Disabled
 Compressed Oops: Enabled (32-bit)
 Alignments: Space 512K, Generation 512K, Heap 2M
 Heap Min Capacity: 100M
 Heap Initial Capacity: 100M
 Heap Max Capacity: 2G
 Pre-touch: Disabled
 Parallel Workers: 10
Heap:
 PSYoungGen      total 3584K, used 3353K [0x00000000d5580000, 0x00000000d5a00000, 0x0000000100000000)
  eden space 3072K, 99% used [0x00000000d5580000,0x00000000d587e490,0x00000000d5880000)
  from space 512K, 56% used [0x00000000d5980000,0x00000000d59c8000,0x00000000d5a00000)
  to   space 512K, 0% used [0x00000000d5900000,0x00000000d5900000,0x00000000d5980000)
 ParOldGen       total 295936K, used 295460K [0x0000000080000000, 0x0000000092100000, 0x00000000d5580000)
  object space 295936K, 99% used [0x0000000080000000,0x0000000092089348,0x0000000092100000)
 Metaspace       used 68282K, committed 69760K, reserved 1114112K
  class space    used 7692K, committed 8320K, reserved 1048576K
GC Heap History (20 events):
Event: 1781473.692 GC heap before
{Heap before GC invocations=1864 (full 3):
 PSYoungGen      total 3584K, used 3136K [0x00000000d5580000, 0x00000000d5a00000, 0x0000000100000000)
  eden space 3072K, 100% used [0x00000000d5580000,0x00000000d5880000,0x00000000d5880000)
  from space 512K, 12% used [0x00000000d5980000,0x00000000d5990000,0x00000000d5a00000)
  to   space 512K, 0% used [0x00000000d5900000,0x00000000d5900000,0x00000000d5980000)
 ParOldGen       total 295936K, used 295444K [0x0000000080000000, 0x0000000092100000, 0x00000000d5580000)
  object space 295936K, 99% used [0x0000000080000000,0x0000000092085348,0x0000000092100000)
 Metaspace       used 68280K, committed 69760K, reserved 1114112K
  class space    used 7692K, committed 8320K, reserved 1048576K
}
Event: 1781473.693 GC heap after
{Heap after GC invocations=1864 (full 3):
 PSYoungGen      total 3584K, used 480K [0x00000000d5580000, 0x00000000d5a80000, 0x0000000100000000)
  eden space 3072K, 0% used [0x00000000d5580000,0x00000000d5580000,0x00000000d5880000)
  from space 512K, 93% used [0x00000000d5900000,0x00000000d5978010,0x00000000d5980000)
  to   space 1024K, 0% used [0x00000000d5980000,0x00000000d5980000,0x00000000d5a80000)
 ParOldGen       total 295936K, used 295444K [0x0000000080000000, 0x0000000092100000, 0x00000000d5580000)
  object space 295936K, 99% used [0x0000000080000000,0x0000000092085348,0x0000000092100000)
 Metaspace       used 68280K, committed 69760K, reserved 1114112K
  class space    used 7692K, committed 8320K, reserved 1048576K
}
Event: 1788673.982 GC heap before
{Heap before GC invocations=1865 (full 3):
 PSYoungGen      total 3584K, used 3552K [0x00000000d5580000, 0x00000000d5a80000, 0x0000000100000000)
  eden space 3072K, 100% used [0x00000000d5580000,0x00000000d5880000,0x00000000d5880000)
  from space 512K, 93% used [0x00000000d5900000,0x00000000d5978010,0x00000000d5980000)
  to   space 1024K, 0% used [0x00000000d5980000,0x00000000d5980000,0x00000000d5a80000)
 ParOldGen       total 295936K, used 295444K [0x0000000080000000, 0x0000000092100000, 0x00000000d5580000)
  object space 295936K, 99% used [0x0000000080000000,0x0000000092085348,0x0000000092100000)
 Metaspace       used 68280K, committed 69760K, reserved 1114112K
  class space    used 7692K, committed 8320K, reserved 1048576K
}
Event: 1788673.983 GC heap after
{Heap after GC invocations=1865 (full 3):
 PSYoungGen      total 3584K, used 352K [0x00000000d5580000, 0x00000000d5a00000, 0x0000000100000000)
  eden space 3072K, 0% used [0x00000000d5580000,0x00000000d5580000,0x00000000d5880000)
  from space 512K, 68% used [0x00000000d5980000,0x00000000d59d8010,0x00000000d5a00000)
  to   space 512K, 0% used [0x00000000d5900000,0x00000000d5900000,0x00000000d5980000)
 ParOldGen       total 295936K, used 295444K [0x0000000080000000, 0x0000000092100000, 0x00000000d5580000)
  object space 295936K, 99% used [0x0000000080000000,0x0000000092085348,0x0000000092100000)
 Metaspace       used 68280K, committed 69760K, reserved 1114112K
  class space    used 7692K, committed 8320K, reserved 1048576K
}
Event: 1795874.207 GC heap before
{Heap before GC invocations=1866 (full 3):
 PSYoungGen      total 3584K, used 3424K [0x00000000d5580000, 0x00000000d5a00000, 0x0000000100000000)
  eden space 3072K, 100% used [0x00000000d5580000,0x00000000d5880000,0x00000000d5880000)
  from space 512K, 68% used [0x00000000d5980000,0x00000000d59d8010,0x00000000d5a00000)
  to   space 512K, 0% used [0x00000000d5900000,0x00000000d5900000,0x00000000d5980000)
 ParOldGen       total 295936K, used 295444K [0x0000000080000000, 0x0000000092100000, 0x00000000d5580000)
  object space 295936K, 99% used [0x0000000080000000,0x0000000092085348,0x0000000092100000)
 Metaspace       used 68280K, committed 69760K, reserved 1114112K
  class space    used 7692K, committed 8320K, reserved 1048576K
}
Event: 1795874.209 GC heap after
{Heap after GC invocations=1866 (full 3):
 PSYoungGen      total 3584K, used 320K [0x00000000d5580000, 0x00000000d5a00000, 0x0000000100000000)
  eden space 3072K, 0% used [0x00000000d5580000,0x00000000d5580000,0x00000000d5880000)
  from space 512K, 62% used [0x00000000d5900000,0x00000000d5950010,0x00000000d5980000)
  to   space 512K, 0% used [0x00000000d5980000,0x00000000d5980000,0x00000000d5a00000)
 ParOldGen       total 295936K, used 295444K [0x0000000080000000, 0x0000000092100000, 0x00000000d5580000)
  object space 295936K, 99% used [0x0000000080000000,0x0000000092085348,0x0000000092100000)
 Metaspace       used 68280K, committed 69760K, reserved 1114112K
  class space    used 7692K, committed 8320K, reserved 1048576K
}
Event: 1803074.509 GC heap before
{Heap before GC invocations=1867 (full 3):
 PSYoungGen      total 3584K, used 3391K [0x00000000d5580000, 0x00000000d5a00000, 0x0000000100000000)
  eden space 3072K, 99% used [0x00000000d5580000,0x00000000d587fbf8,0x00000000d5880000)
  from space 512K, 62% used [0x00000000d5900000,0x00000000d5950010,0x00000000d5980000)
  to   space 512K, 0% used [0x00000000d5980000,0x00000000d5980000,0x00000000d5a00000)
 ParOldGen       total 295936K, used 295444K [0x0000000080000000, 0x0000000092100000, 0x00000000d5580000)
  object space 295936K, 99% used [0x0000000080000000,0x0000000092085348,0x0000000092100000)
 Metaspace       used 68280K, committed 69760K, reserved 1114112K
  class space    used 7692K, committed 8320K, reserved 1048576K
}
Event: 1803074.511 GC heap after
{Heap after GC invocations=1867 (full 3):
 PSYoungGen      total 3584K, used 288K [0x00000000d5580000, 0x00000000d5a00000, 0x0000000100000000)
  eden space 3072K, 0% used [0x00000000d5580000,0x00000000d5580000,0x00000000d5880000)
  from space 512K, 56% used [0x00000000d5980000,0x00000000d59c8000,0x00000000d5a00000)
  to   space 512K, 0% used [0x00000000d5900000,0x00000000d5900000,0x00000000d5980000)
 ParOldGen       total 295936K, used 295444K [0x0000000080000000, 0x0000000092100000, 0x00000000d5580000)
  object space 295936K, 99% used [0x0000000080000000,0x0000000092085348,0x0000000092100000)
 Metaspace       used 68280K, committed 69760K, reserved 1114112K
  class space    used 7692K, committed 8320K, reserved 1048576K
}
Event: 1810274.636 GC heap before
{Heap before GC invocations=1868 (full 3):
 PSYoungGen      total 3584K, used 3360K [0x00000000d5580000, 0x00000000d5a00000, 0x0000000100000000)
  eden space 3072K, 100% used [0x00000000d5580000,0x00000000d5880000,0x00000000d5880000)
  from space 512K, 56% used [0x00000000d5980000,0x00000000d59c8000,0x00000000d5a00000)
  to   space 512K, 0% used [0x00000000d5900000,0x00000000d5900000,0x00000000d5980000)
 ParOldGen       total 295936K, used 295444K [0x0000000080000000, 0x0000000092100000, 0x00000000d5580000)
  object space 295936K, 99% used [0x0000000080000000,0x0000000092085348,0x0000000092100000)
 Metaspace       used 68280K, committed 69760K, reserved 1114112K
  class space    used 7692K, committed 8320K, reserved 1048576K
}
Event: 1810274.640 GC heap after
{Heap after GC invocations=1868 (full 3):
 PSYoungGen      total 3584K, used 320K [0x00000000d5580000, 0x00000000d5a00000, 0x0000000100000000)
  eden space 3072K, 0% used [0x00000000d5580000,0x00000000d5580000,0x00000000d5880000)
  from space 512K, 62% used [0x00000000d5900000,0x00000000d5950000,0x00000000d5980000)
  to   space 512K, 0% used [0x00000000d5980000,0x00000000d5980000,0x00000000d5a00000)
 ParOldGen       total 295936K, used 295444K [0x0000000080000000, 0x0000000092100000, 0x00000000d5580000)
  object space 295936K, 99% used [0x0000000080000000,0x0000000092085348,0x0000000092100000)
 Metaspace       used 68280K, committed 69760K, reserved 1114112K
  class space    used 7692K, committed 8320K, reserved 1048576K
}
Event: 1816574.923 GC heap before
{Heap before GC invocations=1869 (full 3):
 PSYoungGen      total 3584K, used 3392K [0x00000000d5580000, 0x00000000d5a00000, 0x0000000100000000)
  eden space 3072K, 100% used [0x00000000d5580000,0x00000000d5880000,0x00000000d5880000)
  from space 512K, 62% used [0x00000000d5900000,0x00000000d5950000,0x00000000d5980000)
  to   space 512K, 0% used [0x00000000d5980000,0x00000000d5980000,0x00000000d5a00000)
 ParOldGen       total 295936K, used 295444K [0x0000000080000000, 0x0000000092100000, 0x00000000d5580000)
  object space 295936K, 99% used [0x0000000080000000,0x0000000092085348,0x0000000092100000)
 Metaspace       used 68282K, committed 69760K, reserved 1114112K
  class space    used 7692K, committed 8320K, reserved 1048576K
}
Event: 1816574.933 GC heap after
{Heap after GC invocations=1869 (full 3):
 PSYoungGen      total 3584K, used 224K [0x00000000d5580000, 0x00000000d5a00000, 0x0000000100000000)
  eden space 3072K, 0% used [0x00000000d5580000,0x00000000d5580000,0x00000000d5880000)
  from space 512K, 43% used [0x00000000d5980000,0x00000000d59b8000,0x00000000d5a00000)
  to   space 512K, 0% used [0x00000000d5900000,0x00000000d5900000,0x00000000d5980000)
 ParOldGen       total 295936K, used 295452K [0x0000000080000000, 0x0000000092100000, 0x00000000d5580000)
  object space 295936K, 99% used [0x0000000080000000,0x0000000092087348,0x0000000092100000)
 Metaspace       used 68282K, committed 69760K, reserved 1114112K
  class space    used 7692K, committed 8320K, reserved 1048576K
}
Event: 1823775.199 GC heap before
{Heap before GC invocations=1870 (full 3):
 PSYoungGen      total 3584K, used 3242K [0x00000000d5580000, 0x00000000d5a00000, 0x0000000100000000)
  eden space 3072K, 98% used [0x00000000d5580000,0x00000000d58729a8,0x00000000d5880000)
  from space 512K, 43% used [0x00000000d5980000,0x00000000d59b8000,0x00000000d5a00000)
  to   space 512K, 0% used [0x00000000d5900000,0x00000000d5900000,0x00000000d5980000)
 ParOldGen       total 295936K, used 295452K [0x0000000080000000, 0x0000000092100000, 0x00000000d5580000)
  object space 295936K, 99% used [0x0000000080000000,0x0000000092087348,0x0000000092100000)
 Metaspace       used 68282K, committed 69760K, reserved 1114112K
  class space    used 7692K, committed 8320K, reserved 1048576K
}
Event: 1823775.213 GC heap after
{Heap after GC invocations=1870 (full 3):
 PSYoungGen      total 3584K, used 448K [0x00000000d5580000, 0x00000000d5a00000, 0x0000000100000000)
  eden space 3072K, 0% used [0x00000000d5580000,0x00000000d5580000,0x00000000d5880000)
  from space 512K, 87% used [0x00000000d5900000,0x00000000d5970020,0x00000000d5980000)
  to   space 512K, 0% used [0x00000000d5980000,0x00000000d5980000,0x00000000d5a00000)
 ParOldGen       total 295936K, used 295460K [0x0000000080000000, 0x0000000092100000, 0x00000000d5580000)
  object space 295936K, 99% used [0x0000000080000000,0x0000000092089348,0x0000000092100000)
 Metaspace       used 68282K, committed 69760K, reserved 1114112K
  class space    used 7692K, committed 8320K, reserved 1048576K
}
Event: 1830975.487 GC heap before
{Heap before GC invocations=1871 (full 3):
 PSYoungGen      total 3584K, used 3520K [0x00000000d5580000, 0x00000000d5a00000, 0x0000000100000000)
  eden space 3072K, 100% used [0x00000000d5580000,0x00000000d5880000,0x00000000d5880000)
  from space 512K, 87% used [0x00000000d5900000,0x00000000d5970020,0x00000000d5980000)
  to   space 512K, 0% used [0x00000000d5980000,0x00000000d5980000,0x00000000d5a00000)
 ParOldGen       total 295936K, used 295460K [0x0000000080000000, 0x0000000092100000, 0x00000000d5580000)
  object space 295936K, 99% used [0x0000000080000000,0x0000000092089348,0x0000000092100000)
 Metaspace       used 68282K, committed 69760K, reserved 1114112K
  class space    used 7692K, committed 8320K, reserved 1048576K
}
Event: 1830975.527 GC heap after
{Heap after GC invocations=1871 (full 3):
 PSYoungGen      total 3584K, used 416K [0x00000000d5580000, 0x00000000d5a00000, 0x0000000100000000)
  eden space 3072K, 0% used [0x00000000d5580000,0x00000000d5580000,0x00000000d5880000)
  from space 512K, 81% used [0x00000000d5980000,0x00000000d59e8020,0x00000000d5a00000)
  to   space 512K, 0% used [0x00000000d5900000,0x00000000d5900000,0x00000000d5980000)
 ParOldGen       total 295936K, used 295460K [0x0000000080000000, 0x0000000092100000, 0x00000000d5580000)
  object space 295936K, 99% used [0x0000000080000000,0x0000000092089348,0x0000000092100000)
 Metaspace       used 68282K, committed 69760K, reserved 1114112K
  class space    used 7692K, committed 8320K, reserved 1048576K
}
Event: 1838175.835 GC heap before
{Heap before GC invocations=1872 (full 3):
 PSYoungGen      total 3584K, used 3483K [0x00000000d5580000, 0x00000000d5a00000, 0x0000000100000000)
  eden space 3072K, 99% used [0x00000000d5580000,0x00000000d587eeb8,0x00000000d5880000)
  from space 512K, 81% used [0x00000000d5980000,0x00000000d59e8020,0x00000000d5a00000)
  to   space 512K, 0% used [0x00000000d5900000,0x00000000d5900000,0x00000000d5980000)
 ParOldGen       total 295936K, used 295460K [0x0000000080000000, 0x0000000092100000, 0x00000000d5580000)
  object space 295936K, 99% used [0x0000000080000000,0x0000000092089348,0x0000000092100000)
 Metaspace       used 68282K, committed 69760K, reserved 1114112K
  class space    used 7692K, committed 8320K, reserved 1048576K
}
Event: 1838175.889 GC heap after
{Heap after GC invocations=1872 (full 3):
 PSYoungGen      total 3584K, used 320K [0x00000000d5580000, 0x00000000d5a00000, 0x0000000100000000)
  eden space 3072K, 0% used [0x00000000d5580000,0x00000000d5580000,0x00000000d5880000)
  from space 512K, 62% used [0x00000000d5900000,0x00000000d5950000,0x00000000d5980000)
  to   space 512K, 0% used [0x00000000d5980000,0x00000000d5980000,0x00000000d5a00000)
 ParOldGen       total 295936K, used 295460K [0x0000000080000000, 0x0000000092100000, 0x00000000d5580000)
  object space 295936K, 99% used [0x0000000080000000,0x0000000092089348,0x0000000092100000)
 Metaspace       used 68282K, committed 69760K, reserved 1114112K
  class space    used 7692K, committed 8320K, reserved 1048576K
}
Event: 1845376.115 GC heap before
{Heap before GC invocations=1873 (full 3):
 PSYoungGen      total 3584K, used 3392K [0x00000000d5580000, 0x00000000d5a00000, 0x0000000100000000)
  eden space 3072K, 100% used [0x00000000d5580000,0x00000000d5880000,0x00000000d5880000)
  from space 512K, 62% used [0x00000000d5900000,0x00000000d5950000,0x00000000d5980000)
  to   space 512K, 0% used [0x00000000d5980000,0x00000000d5980000,0x00000000d5a00000)
 ParOldGen       total 295936K, used 295460K [0x0000000080000000, 0x0000000092100000, 0x00000000d5580000)
  object space 295936K, 99% used [0x0000000080000000,0x0000000092089348,0x0000000092100000)
 Metaspace       used 68282K, committed 69760K, reserved 1114112K
  class space    used 7692K, committed 8320K, reserved 1048576K
}
Event: 1845376.152 GC heap after
{Heap after GC invocations=1873 (full 3):
 PSYoungGen      total 3584K, used 288K [0x00000000d5580000, 0x00000000d5a00000, 0x0000000100000000)
  eden space 3072K, 0% used [0x00000000d5580000,0x00000000d5580000,0x00000000d5880000)
  from space 512K, 56% used [0x00000000d5980000,0x00000000d59c8000,0x00000000d5a00000)
  to   space 512K, 0% used [0x00000000d5900000,0x00000000d5900000,0x00000000d5980000)
 ParOldGen       total 295936K, used 295460K [0x0000000080000000, 0x0000000092100000, 0x00000000d5580000)
  object space 295936K, 99% used [0x0000000080000000,0x0000000092089348,0x0000000092100000)
 Metaspace       used 68282K, committed 69760K, reserved 1114112K
  class space    used 7692K, committed 8320K, reserved 1048576K
}

